

Microchip MPLAB XC8 Assembler V2.40 build 20220703182018 
                                                                                               Wed Aug 24 19:54:42 2022

Microchip MPLAB XC8 C Compiler v2.40 (Free license) build 20220703182018 Og1 
     1                           	processor	16F877A
     2                           	pagewidth 120
     3                           	opt	flic
     4                           	psect	cinit,global,class=CODE,merge=1,delta=2
     5                           	psect	cstackCOMMON,global,class=COMMON,space=1,delta=1,noexec
     6                           	psect	maintext,global,class=CODE,split=1,delta=2
     7                           	psect	text1,local,class=CODE,merge=1,delta=2
     8                           	psect	config,global,abs,ovrld,class=CONFIG,space=4,delta=2,noexec
     9                           	dabs	1,0x7E,2
    10     0000                     
    11                           ; Version 2.20
    12                           ; Generated 12/02/2020 GMT
    13                           ; 
    14                           ; Copyright © 2020, Microchip Technology Inc. and its subsidiaries ("Microchip")
    15                           ; All rights reserved.
    16                           ; 
    17                           ; This software is developed by Microchip Technology Inc. and its subsidiaries ("Microch
      +                          ip").
    18                           ; 
    19                           ; Redistribution and use in source and binary forms, with or without modification, are
    20                           ; permitted provided that the following conditions are met:
    21                           ; 
    22                           ;     1. Redistributions of source code must retain the above copyright notice, this lis
      +                          t of
    23                           ;        conditions and the following disclaimer.
    24                           ; 
    25                           ;     2. Redistributions in binary form must reproduce the above copyright notice, this 
      +                          list
    26                           ;        of conditions and the following disclaimer in the documentation and/or other
    27                           ;        materials provided with the distribution.
    28                           ; 
    29                           ;     3. Microchip's name may not be used to endorse or promote products derived from th
      +                          is
    30                           ;        software without specific prior written permission.
    31                           ; 
    32                           ; THIS SOFTWARE IS PROVIDED BY MICROCHIP "AS IS" AND ANY EXPRESS OR IMPLIED WARRANTIES,
    33                           ; INCLUDING, BUT NOT LIMITED TO, THE IMPLIED WARRANTIES OF MERCHANTABILITY AND FITNESS F
      +                          OR
    34                           ; PURPOSE ARE DISCLAIMED.  IN NO EVENT SHALL MICROCHIP BE LIABLE FOR ANY DIRECT, INDIREC
      +                          T,
    35                           ; INCIDENTAL, SPECIAL, EXEMPLARY, OR CONSEQUENTIAL DAMAGES (INCLUDING BUT NOT LIMITED TO
    36                           ; PROCUREMENT OF SUBSTITUTE GOODS OR SERVICES; LOSS OF USE, DATA OR PROFITS; OR BUSINESS
    37                           ; INTERRUPTION) HOWSOEVER CAUSED AND ON ANY THEORY OF LIABILITY, WHETHER IN CONTRACT, ST
      +                          RICT
    38                           ; LIABILITY, OR TORT (INCLUDING NEGLIGENCE OR OTHERWISE) ARISING IN ANY WAY OUT OF THE U
      +                          SE OF
    39                           ; THIS SOFTWARE, EVEN IF ADVISED OF THE POSSIBILITY OF SUCH DAMAGE.
    40                           ; 
    41                           ; 
    42                           ; Code-generator required, PIC16F877A Definitions
    43                           ; 
    44                           ; SFR Addresses
    45     0000                     	;# 
    46     0001                     	;# 
    47     0002                     	;# 
    48     0003                     	;# 
    49     0004                     	;# 
    50     0005                     	;# 
    51     0006                     	;# 
    52     0007                     	;# 
    53     0008                     	;# 
    54     0009                     	;# 
    55     000A                     	;# 
    56     000B                     	;# 
    57     000C                     	;# 
    58     000D                     	;# 
    59     000E                     	;# 
    60     000E                     	;# 
    61     000F                     	;# 
    62     0010                     	;# 
    63     0011                     	;# 
    64     0012                     	;# 
    65     0013                     	;# 
    66     0014                     	;# 
    67     0015                     	;# 
    68     0015                     	;# 
    69     0016                     	;# 
    70     0017                     	;# 
    71     0018                     	;# 
    72     0019                     	;# 
    73     001A                     	;# 
    74     001B                     	;# 
    75     001B                     	;# 
    76     001C                     	;# 
    77     001D                     	;# 
    78     001E                     	;# 
    79     001F                     	;# 
    80     0081                     	;# 
    81     0085                     	;# 
    82     0086                     	;# 
    83     0087                     	;# 
    84     0088                     	;# 
    85     0089                     	;# 
    86     008C                     	;# 
    87     008D                     	;# 
    88     008E                     	;# 
    89     0091                     	;# 
    90     0092                     	;# 
    91     0093                     	;# 
    92     0094                     	;# 
    93     0098                     	;# 
    94     0099                     	;# 
    95     009C                     	;# 
    96     009D                     	;# 
    97     009E                     	;# 
    98     009F                     	;# 
    99     010C                     	;# 
   100     010D                     	;# 
   101     010E                     	;# 
   102     010F                     	;# 
   103     018C                     	;# 
   104     018D                     	;# 
   105     0000                     	;# 
   106     0001                     	;# 
   107     0002                     	;# 
   108     0003                     	;# 
   109     0004                     	;# 
   110     0005                     	;# 
   111     0006                     	;# 
   112     0007                     	;# 
   113     0008                     	;# 
   114     0009                     	;# 
   115     000A                     	;# 
   116     000B                     	;# 
   117     000C                     	;# 
   118     000D                     	;# 
   119     000E                     	;# 
   120     000E                     	;# 
   121     000F                     	;# 
   122     0010                     	;# 
   123     0011                     	;# 
   124     0012                     	;# 
   125     0013                     	;# 
   126     0014                     	;# 
   127     0015                     	;# 
   128     0015                     	;# 
   129     0016                     	;# 
   130     0017                     	;# 
   131     0018                     	;# 
   132     0019                     	;# 
   133     001A                     	;# 
   134     001B                     	;# 
   135     001B                     	;# 
   136     001C                     	;# 
   137     001D                     	;# 
   138     001E                     	;# 
   139     001F                     	;# 
   140     0081                     	;# 
   141     0085                     	;# 
   142     0086                     	;# 
   143     0087                     	;# 
   144     0088                     	;# 
   145     0089                     	;# 
   146     008C                     	;# 
   147     008D                     	;# 
   148     008E                     	;# 
   149     0091                     	;# 
   150     0092                     	;# 
   151     0093                     	;# 
   152     0094                     	;# 
   153     0098                     	;# 
   154     0099                     	;# 
   155     009C                     	;# 
   156     009D                     	;# 
   157     009E                     	;# 
   158     009F                     	;# 
   159     010C                     	;# 
   160     010D                     	;# 
   161     010E                     	;# 
   162     010F                     	;# 
   163     018C                     	;# 
   164     018D                     	;# 
   165     0006                     _PORTB	set	6
   166     0086                     _TRISB	set	134
   167                           
   168                           	psect	cinit
   169     07FC                     start_initialization:	
   170                           ; #config settings
   171                           
   172     07FC                     __initialization:
   173     07FC                     end_of_initialization:	
   174                           ;End of C runtime variable initialization code
   175                           
   176     07FC                     __end_of__initialization:
   177     07FC  0183               	clrf	3
   178     07FD  120A  118A  2E75   	ljmp	_main	;jump to C main() function
   179                           
   180                           	psect	cstackCOMMON
   181     0070                     __pcstackCOMMON:
   182     0070                     ?_init_config:
   183     0070                     ??_init_config:	
   184                           ; 1 bytes @ 0x0
   185                           
   186     0070                     ?_main:	
   187                           ; 1 bytes @ 0x0
   188                           
   189     0070                     ??_main:	
   190                           ; 1 bytes @ 0x0
   191                           
   192                           
   193                           ; 1 bytes @ 0x0
   194     0070                     	ds	4
   195     0074                     main@delay:
   196                           
   197                           ; 4 bytes @ 0x4
   198     0074                     	ds	4
   199     0078                     main@i:
   200                           
   201                           ; 2 bytes @ 0x8
   202     0078                     	ds	2
   203                           
   204                           	psect	maintext
   205     0675                     __pmaintext:	
   206 ;;
   207 ;;Main: autosize = 0, tempsize = 4, incstack = 0, save=0
   208 ;;
   209 ;; *************** function _main *****************
   210 ;; Defined at:
   211 ;;		line 20 in file "main.c"
   212 ;; Parameters:    Size  Location     Type
   213 ;;		None
   214 ;; Auto vars:     Size  Location     Type
   215 ;;  delay           4    4[COMMON] unsigned long 
   216 ;;  i               2    8[COMMON] int 
   217 ;; Return value:  Size  Location     Type
   218 ;;                  1    wreg      void 
   219 ;; Registers used:
   220 ;;		wreg, status,2, status,0, btemp+1, pclath, cstack
   221 ;; Tracked objects:
   222 ;;		On entry : B00/0
   223 ;;		On exit  : 0/0
   224 ;;		Unchanged: 0/0
   225 ;; Data sizes:     COMMON   BANK0   BANK1   BANK3   BANK2
   226 ;;      Params:         0       0       0       0       0
   227 ;;      Locals:         6       0       0       0       0
   228 ;;      Temps:          4       0       0       0       0
   229 ;;      Totals:        10       0       0       0       0
   230 ;;Total ram usage:       10 bytes
   231 ;; Hardware stack levels required when called: 1
   232 ;; This function calls:
   233 ;;		_init_config
   234 ;; This function is called by:
   235 ;;		Startup code after reset
   236 ;; This function uses a non-reentrant model
   237 ;;
   238                           
   239     0675                     _main:	
   240                           ;psect for function _main
   241                           
   242     0675                     l621:	
   243                           ;incstack = 0
   244                           ; Regs used in _main: [wreg+status,2+status,0+btemp+1+pclath+cstack]
   245                           
   246                           
   247                           ;main.c: 22:             i++;
   248     0675  120A  118A  266E  120A  118A  	fcall	_init_config
   249     067A                     l623:
   250                           
   251                           ;main.c: 23:             }
   252     067A  3000               	movlw	0
   253     067B  00F7               	movwf	main@delay+3
   254     067C  3000               	movlw	0
   255     067D  00F6               	movwf	main@delay+2
   256     067E  3003               	movlw	3
   257     067F  00F5               	movwf	main@delay+1
   258     0680  30E8               	movlw	232
   259     0681  00F4               	movwf	main@delay
   260     0682                     l625:
   261                           
   262                           ;main.c: 24:         }
   263     0682  01F8               	clrf	main@i
   264     0683  01F9               	clrf	main@i+1
   265     0684                     l627:
   266                           
   267                           ;main.c: 26:         {;main.c: 28:             if(delay-- == 0)
   268     0684  0879               	movf	main@i+1,w
   269     0685  3A80               	xorlw	128
   270     0686  00FF               	movwf	btemp+1
   271     0687  3080               	movlw	128
   272     0688  027F               	subwf	btemp+1,w
   273     0689  1D03               	skipz
   274     068A  2E8D               	goto	u15
   275     068B  3008               	movlw	8
   276     068C  0278               	subwf	main@i,w
   277     068D                     u15:
   278     068D  1803               	skipnc
   279     068E  2E90               	goto	u11
   280     068F  2E91               	goto	u10
   281     0690                     u11:
   282     0690  2ED8               	goto	l637
   283     0691                     u10:
   284     0691                     l629:
   285                           
   286                           ;main.c: 29:             {;main.c: 31:            PORTB = PORTB & ~(1 << (i - 8));
   287     0691  3001               	movlw	1
   288     0692  00F0               	movwf	??_main
   289     0693  3000               	movlw	0
   290     0694  00F1               	movwf	??_main+1
   291     0695  3000               	movlw	0
   292     0696  00F2               	movwf	??_main+2
   293     0697  3000               	movlw	0
   294     0698  00F3               	movwf	??_main+3
   295     0699  0870               	movf	??_main,w
   296     069A  02F4               	subwf	main@delay,f
   297     069B  0871               	movf	??_main+1,w
   298     069C  1C03               	skipc
   299     069D  0F71               	incfsz	??_main+1,w
   300     069E  2EA0               	goto	u25
   301     069F  2EA1               	goto	u26
   302     06A0                     u25:
   303     06A0  02F5               	subwf	main@delay+1,f
   304     06A1                     u26:
   305     06A1  0872               	movf	??_main+2,w
   306     06A2  1C03               	skipc
   307     06A3  0F72               	incfsz	??_main+2,w
   308     06A4  2EA6               	goto	u27
   309     06A5  2EA7               	goto	u28
   310     06A6                     u27:
   311     06A6  02F6               	subwf	main@delay+2,f
   312     06A7                     u28:
   313     06A7  0873               	movf	??_main+3,w
   314     06A8  1C03               	skipc
   315     06A9  0F73               	incfsz	??_main+3,w
   316     06AA  2EAC               	goto	u29
   317     06AB  2EAD               	goto	u20
   318     06AC                     u29:
   319     06AC  02F7               	subwf	main@delay+3,f
   320     06AD                     u20:
   321     06AD  0A74               	incf	main@delay,w
   322     06AE  1D03               	skipz
   323     06AF  2EBA               	goto	u31
   324     06B0  0A75               	incf	main@delay+1,w
   325     06B1  1D03               	skipz
   326     06B2  2EBA               	goto	u31
   327     06B3  0A76               	incf	main@delay+2,w
   328     06B4  1D03               	skipz
   329     06B5  2EBA               	goto	u31
   330     06B6  0A77               	incf	main@delay+3,w
   331     06B7  1D03               	btfss	3,2
   332     06B8  2EBA               	goto	u31
   333     06B9  2EBB               	goto	u30
   334     06BA                     u31:
   335     06BA  2FF1               	goto	l15
   336     06BB                     u30:
   337     06BB                     l631:
   338                           
   339                           ;main.c: 32:             i++;;main.c: 33:             }
   340     06BB  3000               	movlw	0
   341     06BC  00F7               	movwf	main@delay+3
   342     06BD  3000               	movlw	0
   343     06BE  00F6               	movwf	main@delay+2
   344     06BF  3003               	movlw	3
   345     06C0  00F5               	movwf	main@delay+1
   346     06C1  30E8               	movlw	232
   347     06C2  00F4               	movwf	main@delay
   348     06C3                     l633:
   349                           
   350                           ;main.c: 34:         }
   351     06C3  3001               	movlw	1
   352     06C4  00F0               	movwf	??_main
   353     06C5  0A78               	incf	main@i,w
   354     06C6  2EC9               	goto	u44
   355     06C7                     u45:
   356     06C7  1003               	clrc
   357     06C8  0DF0               	rlf	??_main,f
   358     06C9                     u44:
   359     06C9  3EFF               	addlw	-1
   360     06CA  1D03               	skipz
   361     06CB  2EC7               	goto	u45
   362     06CC  0870               	movf	??_main,w
   363     06CD  1283               	bcf	3,5	;RP0=0, select bank0
   364     06CE  1303               	bcf	3,6	;RP1=0, select bank0
   365     06CF  0406               	iorwf	6,w	;volatile
   366     06D0  0086               	movwf	6	;volatile
   367     06D1                     l635:
   368                           
   369                           ;main.c: 35:         else if(i >= 16 && i < 24)
   370     06D1  3001               	movlw	1
   371     06D2  07F8               	addwf	main@i,f
   372     06D3  1803               	skipnc
   373     06D4  0AF9               	incf	main@i+1,f
   374     06D5  3000               	movlw	0
   375     06D6  07F9               	addwf	main@i+1,f
   376     06D7  2FF1               	goto	l15
   377     06D8                     l637:
   378     06D8  0879               	movf	main@i+1,w
   379     06D9  3A80               	xorlw	128
   380     06DA  00FF               	movwf	btemp+1
   381     06DB  3080               	movlw	128
   382     06DC  027F               	subwf	btemp+1,w
   383     06DD  1D03               	skipz
   384     06DE  2EE1               	goto	u55
   385     06DF  3008               	movlw	8
   386     06E0  0278               	subwf	main@i,w
   387     06E1                     u55:
   388     06E1  1C03               	skipc
   389     06E2  2EE4               	goto	u51
   390     06E3  2EE5               	goto	u50
   391     06E4                     u51:
   392     06E4  2F36               	goto	l649
   393     06E5                     u50:
   394     06E5                     l639:
   395     06E5  0879               	movf	main@i+1,w
   396     06E6  3A80               	xorlw	128
   397     06E7  00FF               	movwf	btemp+1
   398     06E8  3080               	movlw	128
   399     06E9  027F               	subwf	btemp+1,w
   400     06EA  1D03               	skipz
   401     06EB  2EEE               	goto	u65
   402     06EC  3010               	movlw	16
   403     06ED  0278               	subwf	main@i,w
   404     06EE                     u65:
   405     06EE  1803               	skipnc
   406     06EF  2EF1               	goto	u61
   407     06F0  2EF2               	goto	u60
   408     06F1                     u61:
   409     06F1  2F36               	goto	l649
   410     06F2                     u60:
   411     06F2                     l641:
   412                           
   413                           ;main.c: 39:             {;main.c: 41:            PORTB = PORTB | (1 << (23 - i));
   414     06F2  3001               	movlw	1
   415     06F3  00F0               	movwf	??_main
   416     06F4  3000               	movlw	0
   417     06F5  00F1               	movwf	??_main+1
   418     06F6  3000               	movlw	0
   419     06F7  00F2               	movwf	??_main+2
   420     06F8  3000               	movlw	0
   421     06F9  00F3               	movwf	??_main+3
   422     06FA  0870               	movf	??_main,w
   423     06FB  02F4               	subwf	main@delay,f
   424     06FC  0871               	movf	??_main+1,w
   425     06FD  1C03               	skipc
   426     06FE  0F71               	incfsz	??_main+1,w
   427     06FF  2F01               	goto	u75
   428     0700  2F02               	goto	u76
   429     0701                     u75:
   430     0701  02F5               	subwf	main@delay+1,f
   431     0702                     u76:
   432     0702  0872               	movf	??_main+2,w
   433     0703  1C03               	skipc
   434     0704  0F72               	incfsz	??_main+2,w
   435     0705  2F07               	goto	u77
   436     0706  2F08               	goto	u78
   437     0707                     u77:
   438     0707  02F6               	subwf	main@delay+2,f
   439     0708                     u78:
   440     0708  0873               	movf	??_main+3,w
   441     0709  1C03               	skipc
   442     070A  0F73               	incfsz	??_main+3,w
   443     070B  2F0D               	goto	u79
   444     070C  2F0E               	goto	u70
   445     070D                     u79:
   446     070D  02F7               	subwf	main@delay+3,f
   447     070E                     u70:
   448     070E  0A74               	incf	main@delay,w
   449     070F  1D03               	skipz
   450     0710  2F1B               	goto	u81
   451     0711  0A75               	incf	main@delay+1,w
   452     0712  1D03               	skipz
   453     0713  2F1B               	goto	u81
   454     0714  0A76               	incf	main@delay+2,w
   455     0715  1D03               	skipz
   456     0716  2F1B               	goto	u81
   457     0717  0A77               	incf	main@delay+3,w
   458     0718  1D03               	btfss	3,2
   459     0719  2F1B               	goto	u81
   460     071A  2F1C               	goto	u80
   461     071B                     u81:
   462     071B  2FF1               	goto	l15
   463     071C                     u80:
   464     071C                     l643:
   465                           
   466                           ;main.c: 42:             i++;;main.c: 43:             }
   467     071C  3000               	movlw	0
   468     071D  00F7               	movwf	main@delay+3
   469     071E  3000               	movlw	0
   470     071F  00F6               	movwf	main@delay+2
   471     0720  3003               	movlw	3
   472     0721  00F5               	movwf	main@delay+1
   473     0722  30E8               	movlw	232
   474     0723  00F4               	movwf	main@delay
   475     0724                     l645:
   476                           
   477                           ;main.c: 44:         }
   478     0724  3001               	movlw	1
   479     0725  00F0               	movwf	??_main
   480     0726  0878               	movf	main@i,w
   481     0727  3EF8               	addlw	-8
   482     0728  3E01               	addlw	1
   483     0729  2F2C               	goto	u94
   484     072A                     u95:
   485     072A  1003               	clrc
   486     072B  0DF0               	rlf	??_main,f
   487     072C                     u94:
   488     072C  3EFF               	addlw	-1
   489     072D  1D03               	skipz
   490     072E  2F2A               	goto	u95
   491     072F  0870               	movf	??_main,w
   492     0730  3AFF               	xorlw	255
   493     0731  1283               	bcf	3,5	;RP0=0, select bank0
   494     0732  1303               	bcf	3,6	;RP1=0, select bank0
   495     0733  0506               	andwf	6,w	;volatile
   496     0734  0086               	movwf	6	;volatile
   497     0735  2ED1               	goto	l635
   498     0736                     l649:
   499     0736  0879               	movf	main@i+1,w
   500     0737  3A80               	xorlw	128
   501     0738  00FF               	movwf	btemp+1
   502     0739  3080               	movlw	128
   503     073A  027F               	subwf	btemp+1,w
   504     073B  1D03               	skipz
   505     073C  2F3F               	goto	u105
   506     073D  3010               	movlw	16
   507     073E  0278               	subwf	main@i,w
   508     073F                     u105:
   509     073F  1C03               	skipc
   510     0740  2F42               	goto	u101
   511     0741  2F43               	goto	u100
   512     0742                     u101:
   513     0742  2F93               	goto	l661
   514     0743                     u100:
   515     0743                     l651:
   516     0743  0879               	movf	main@i+1,w
   517     0744  3A80               	xorlw	128
   518     0745  00FF               	movwf	btemp+1
   519     0746  3080               	movlw	128
   520     0747  027F               	subwf	btemp+1,w
   521     0748  1D03               	skipz
   522     0749  2F4C               	goto	u115
   523     074A  3018               	movlw	24
   524     074B  0278               	subwf	main@i,w
   525     074C                     u115:
   526     074C  1803               	skipnc
   527     074D  2F4F               	goto	u111
   528     074E  2F50               	goto	u110
   529     074F                     u111:
   530     074F  2F93               	goto	l661
   531     0750                     u110:
   532     0750                     l653:
   533                           
   534                           ;main.c: 49:             delay = 1000;;main.c: 51:            i++;
   535     0750  3001               	movlw	1
   536     0751  00F0               	movwf	??_main
   537     0752  3000               	movlw	0
   538     0753  00F1               	movwf	??_main+1
   539     0754  3000               	movlw	0
   540     0755  00F2               	movwf	??_main+2
   541     0756  3000               	movlw	0
   542     0757  00F3               	movwf	??_main+3
   543     0758  0870               	movf	??_main,w
   544     0759  02F4               	subwf	main@delay,f
   545     075A  0871               	movf	??_main+1,w
   546     075B  1C03               	skipc
   547     075C  0F71               	incfsz	??_main+1,w
   548     075D  2F5F               	goto	u125
   549     075E  2F60               	goto	u126
   550     075F                     u125:
   551     075F  02F5               	subwf	main@delay+1,f
   552     0760                     u126:
   553     0760  0872               	movf	??_main+2,w
   554     0761  1C03               	skipc
   555     0762  0F72               	incfsz	??_main+2,w
   556     0763  2F65               	goto	u127
   557     0764  2F66               	goto	u128
   558     0765                     u127:
   559     0765  02F6               	subwf	main@delay+2,f
   560     0766                     u128:
   561     0766  0873               	movf	??_main+3,w
   562     0767  1C03               	skipc
   563     0768  0F73               	incfsz	??_main+3,w
   564     0769  2F6B               	goto	u129
   565     076A  2F6C               	goto	u120
   566     076B                     u129:
   567     076B  02F7               	subwf	main@delay+3,f
   568     076C                     u120:
   569     076C  0A74               	incf	main@delay,w
   570     076D  1D03               	skipz
   571     076E  2F79               	goto	u131
   572     076F  0A75               	incf	main@delay+1,w
   573     0770  1D03               	skipz
   574     0771  2F79               	goto	u131
   575     0772  0A76               	incf	main@delay+2,w
   576     0773  1D03               	skipz
   577     0774  2F79               	goto	u131
   578     0775  0A77               	incf	main@delay+3,w
   579     0776  1D03               	btfss	3,2
   580     0777  2F79               	goto	u131
   581     0778  2F7A               	goto	u130
   582     0779                     u131:
   583     0779  2FF1               	goto	l15
   584     077A                     u130:
   585     077A                     l655:
   586                           
   587                           ;main.c: 52:             };main.c: 53:         }
   588     077A  3000               	movlw	0
   589     077B  00F7               	movwf	main@delay+3
   590     077C  3000               	movlw	0
   591     077D  00F6               	movwf	main@delay+2
   592     077E  3003               	movlw	3
   593     077F  00F5               	movwf	main@delay+1
   594     0780  30E8               	movlw	232
   595     0781  00F4               	movwf	main@delay
   596     0782                     l657:
   597                           
   598                           ;main.c: 54:         if(i == 32)
   599     0782  3001               	movlw	1
   600     0783  00F0               	movwf	??_main
   601     0784  0878               	movf	main@i,w
   602     0785  3C17               	sublw	23
   603     0786  3E01               	addlw	1
   604     0787  2F8A               	goto	u144
   605     0788                     u145:
   606     0788  1003               	clrc
   607     0789  0DF0               	rlf	??_main,f
   608     078A                     u144:
   609     078A  3EFF               	addlw	-1
   610     078B  1D03               	skipz
   611     078C  2F88               	goto	u145
   612     078D  0870               	movf	??_main,w
   613     078E  1283               	bcf	3,5	;RP0=0, select bank0
   614     078F  1303               	bcf	3,6	;RP1=0, select bank0
   615     0790  0406               	iorwf	6,w	;volatile
   616     0791  0086               	movwf	6	;volatile
   617     0792  2ED1               	goto	l635
   618     0793                     l661:
   619     0793  0879               	movf	main@i+1,w
   620     0794  3A80               	xorlw	128
   621     0795  00FF               	movwf	btemp+1
   622     0796  3080               	movlw	128
   623     0797  027F               	subwf	btemp+1,w
   624     0798  1D03               	skipz
   625     0799  2F9C               	goto	u155
   626     079A  3018               	movlw	24
   627     079B  0278               	subwf	main@i,w
   628     079C                     u155:
   629     079C  1C03               	skipc
   630     079D  2F9F               	goto	u151
   631     079E  2FA0               	goto	u150
   632     079F                     u151:
   633     079F  2FF1               	goto	l15
   634     07A0                     u150:
   635     07A0                     l663:
   636     07A0  0879               	movf	main@i+1,w
   637     07A1  3A80               	xorlw	128
   638     07A2  00FF               	movwf	btemp+1
   639     07A3  3080               	movlw	128
   640     07A4  027F               	subwf	btemp+1,w
   641     07A5  1D03               	skipz
   642     07A6  2FA9               	goto	u165
   643     07A7  3020               	movlw	32
   644     07A8  0278               	subwf	main@i,w
   645     07A9                     u165:
   646     07A9  1803               	skipnc
   647     07AA  2FAC               	goto	u161
   648     07AB  2FAD               	goto	u160
   649     07AC                     u161:
   650     07AC  2FF1               	goto	l15
   651     07AD                     u160:
   652     07AD                     l665:
   653                           
   654                           ;main.c: 59: ;main.c: 60:     }
   655     07AD  3001               	movlw	1
   656     07AE  00F0               	movwf	??_main
   657     07AF  3000               	movlw	0
   658     07B0  00F1               	movwf	??_main+1
   659     07B1  3000               	movlw	0
   660     07B2  00F2               	movwf	??_main+2
   661     07B3  3000               	movlw	0
   662     07B4  00F3               	movwf	??_main+3
   663     07B5  0870               	movf	??_main,w
   664     07B6  02F4               	subwf	main@delay,f
   665     07B7  0871               	movf	??_main+1,w
   666     07B8  1C03               	skipc
   667     07B9  0F71               	incfsz	??_main+1,w
   668     07BA  2FBC               	goto	u175
   669     07BB  2FBD               	goto	u176
   670     07BC                     u175:
   671     07BC  02F5               	subwf	main@delay+1,f
   672     07BD                     u176:
   673     07BD  0872               	movf	??_main+2,w
   674     07BE  1C03               	skipc
   675     07BF  0F72               	incfsz	??_main+2,w
   676     07C0  2FC2               	goto	u177
   677     07C1  2FC3               	goto	u178
   678     07C2                     u177:
   679     07C2  02F6               	subwf	main@delay+2,f
   680     07C3                     u178:
   681     07C3  0873               	movf	??_main+3,w
   682     07C4  1C03               	skipc
   683     07C5  0F73               	incfsz	??_main+3,w
   684     07C6  2FC8               	goto	u179
   685     07C7  2FC9               	goto	u170
   686     07C8                     u179:
   687     07C8  02F7               	subwf	main@delay+3,f
   688     07C9                     u170:
   689     07C9  0A74               	incf	main@delay,w
   690     07CA  1D03               	skipz
   691     07CB  2FD6               	goto	u181
   692     07CC  0A75               	incf	main@delay+1,w
   693     07CD  1D03               	skipz
   694     07CE  2FD6               	goto	u181
   695     07CF  0A76               	incf	main@delay+2,w
   696     07D0  1D03               	skipz
   697     07D1  2FD6               	goto	u181
   698     07D2  0A77               	incf	main@delay+3,w
   699     07D3  1D03               	btfss	3,2
   700     07D4  2FD6               	goto	u181
   701     07D5  2FD7               	goto	u180
   702     07D6                     u181:
   703     07D6  2FF1               	goto	l15
   704     07D7                     u180:
   705     07D7                     l667:
   706     07D7  3000               	movlw	0
   707     07D8  00F7               	movwf	main@delay+3
   708     07D9  3000               	movlw	0
   709     07DA  00F6               	movwf	main@delay+2
   710     07DB  3003               	movlw	3
   711     07DC  00F5               	movwf	main@delay+1
   712     07DD  30E8               	movlw	232
   713     07DE  00F4               	movwf	main@delay
   714     07DF                     l669:
   715     07DF  3001               	movlw	1
   716     07E0  00F0               	movwf	??_main
   717     07E1  0878               	movf	main@i,w
   718     07E2  3C1F               	sublw	31
   719     07E3  3E01               	addlw	1
   720     07E4  2FE7               	goto	u194
   721     07E5                     u195:
   722     07E5  1003               	clrc
   723     07E6  0DF0               	rlf	??_main,f
   724     07E7                     u194:
   725     07E7  3EFF               	addlw	-1
   726     07E8  1D03               	skipz
   727     07E9  2FE5               	goto	u195
   728     07EA  0870               	movf	??_main,w
   729     07EB  3AFF               	xorlw	255
   730     07EC  1283               	bcf	3,5	;RP0=0, select bank0
   731     07ED  1303               	bcf	3,6	;RP1=0, select bank0
   732     07EE  0506               	andwf	6,w	;volatile
   733     07EF  0086               	movwf	6	;volatile
   734     07F0  2ED1               	goto	l635
   735     07F1                     l15:
   736     07F1  3020               	movlw	32
   737     07F2  0678               	xorwf	main@i,w
   738     07F3  0479               	iorwf	main@i+1,w
   739     07F4  1D03               	btfss	3,2
   740     07F5  2FF7               	goto	u201
   741     07F6  2FF8               	goto	u200
   742     07F7                     u201:
   743     07F7  2E84               	goto	l627
   744     07F8                     u200:
   745     07F8  2E82               	goto	l625
   746     07F9  120A  118A  2800   	ljmp	start
   747     07FC                     __end_of_main:
   748                           
   749                           	psect	text1
   750     066E                     __ptext1:	
   751 ;; *************** function _init_config *****************
   752 ;; Defined at:
   753 ;;		line 13 in file "main.c"
   754 ;; Parameters:    Size  Location     Type
   755 ;;		None
   756 ;; Auto vars:     Size  Location     Type
   757 ;;		None
   758 ;; Return value:  Size  Location     Type
   759 ;;                  1    wreg      void 
   760 ;; Registers used:
   761 ;;		status,2
   762 ;; Tracked objects:
   763 ;;		On entry : 0/0
   764 ;;		On exit  : 0/0
   765 ;;		Unchanged: 0/0
   766 ;; Data sizes:     COMMON   BANK0   BANK1   BANK3   BANK2
   767 ;;      Params:         0       0       0       0       0
   768 ;;      Locals:         0       0       0       0       0
   769 ;;      Temps:          0       0       0       0       0
   770 ;;      Totals:         0       0       0       0       0
   771 ;;Total ram usage:        0 bytes
   772 ;; Hardware stack levels used: 1
   773 ;; This function calls:
   774 ;;		Nothing
   775 ;; This function is called by:
   776 ;;		_main
   777 ;; This function uses a non-reentrant model
   778 ;;
   779                           
   780     066E                     _init_config:	
   781                           ;psect for function _init_config
   782                           
   783     066E                     l619:	
   784                           ;incstack = 0
   785                           ; Regs used in _init_config: [status,2]
   786                           
   787                           
   788                           ;main.c: 16:         {
   789     066E  1283               	bcf	3,5	;RP0=0, select bank0
   790     066F  1303               	bcf	3,6	;RP1=0, select bank0
   791     0670  0186               	clrf	6	;volatile
   792                           
   793                           ;main.c: 17: 
   794     0671  1683               	bsf	3,5	;RP0=1, select bank1
   795     0672  1303               	bcf	3,6	;RP1=0, select bank1
   796     0673  0186               	clrf	6	;volatile
   797     0674                     l7:
   798     0674  0008               	return
   799     0675                     __end_of_init_config:
   800     007E                     btemp	set	126	;btemp
   801     007E                     wtemp0	set	126
   802                           
   803                           	psect	config
   804                           
   805                           ;Config register CONFIG @ 0x2007
   806                           ;	Oscillator Selection bits
   807                           ;	FOSC = 0x3, unprogrammed default
   808                           ;	Watchdog Timer Enable bit
   809                           ;	WDTE = OFF, WDT disabled
   810                           ;	Power-up Timer Enable bit
   811                           ;	PWRTE = 0x1, unprogrammed default
   812                           ;	Brown-out Reset Enable bit
   813                           ;	BOREN = 0x1, unprogrammed default
   814                           ;	Low-Voltage (Single-Supply) In-Circuit Serial Programming Enable bit
   815                           ;	LVP = 0x1, unprogrammed default
   816                           ;	Data EEPROM Memory Code Protection bit
   817                           ;	CPD = 0x1, unprogrammed default
   818                           ;	Flash Program Memory Write Enable bits
   819                           ;	WRT = 0x3, unprogrammed default
   820                           ;	In-Circuit Debugger Mode bit
   821                           ;	DEBUG = 0x1, unprogrammed default
   822                           ;	Flash Program Memory Code Protection bit
   823                           ;	CP = 0x1, unprogrammed default
   824     2007                     	org	8199
   825     2007  3FFB               	dw	16379

Data Sizes:
    Strings     0
    Constant    0
    Data        0
    BSS         0
    Persistent  0
    Stack       0

Auto Spaces:
    Space          Size  Autos    Used
    COMMON           14     10      10
    BANK0            80      0       0
    BANK1            80      0       0
    BANK3            96      0       0
    BANK2            96      0       0

Pointer List with Targets:

    None.

Critical Paths under _main in COMMON

    None.

Critical Paths under _main in BANK0

    None.

Critical Paths under _main in BANK1

    None.

Critical Paths under _main in BANK3

    None.

Critical Paths under _main in BANK2

    None.

Call Graph Tables:

 ---------------------------------------------------------------------------------
 (Depth) Function   	        Calls       Base Space   Used Autos Params    Refs
 ---------------------------------------------------------------------------------
 (0) _main                                                10    10      0     240
                                              0 COMMON    10    10      0
                        _init_config
 ---------------------------------------------------------------------------------
 (1) _init_config                                          0     0      0       0
 ---------------------------------------------------------------------------------
 Estimated maximum stack depth 1
 ---------------------------------------------------------------------------------

 Call Graph Graphs:

 _main (ROOT)
   _init_config

 Address spaces:
Name               Size   Autos  Total    Cost      Usage
BITCOMMON            E      0       0       0        0.0%
EEDATA             100      0       0       0        0.0%
NULL                 0      0       0       0        0.0%
CODE                 0      0       0       0        0.0%
COMMON               E      A       A       1       71.4%
BITSFR0              0      0       0       1        0.0%
SFR0                 0      0       0       1        0.0%
BITSFR1              0      0       0       2        0.0%
SFR1                 0      0       0       2        0.0%
STACK                0      0       0       2        0.0%
ABS                  0      0       0       3        0.0%
BITBANK0            50      0       0       4        0.0%
BITSFR3              0      0       0       4        0.0%
SFR3                 0      0       0       4        0.0%
BANK0               50      0       0       5        0.0%
BITSFR2              0      0       0       5        0.0%
SFR2                 0      0       0       5        0.0%
BITBANK1            50      0       0       6        0.0%
BANK1               50      0       0       7        0.0%
BITBANK3            60      0       0       8        0.0%
BANK3               60      0       0       9        0.0%
BITBANK2            60      0       0      10        0.0%
BANK2               60      0       0      11        0.0%
DATA                 0      0       0      12        0.0%


Microchip Technology PIC Macro Assembler V2.40 build 20220703182018 
Symbol Table                                                                                   Wed Aug 24 19:54:42 2022

                      l7 0674                       l15 07F1                       u10 0691  
                     u11 0690                       u20 06AD                       u30 06BB  
                     u31 06BA                       u15 068D                       u25 06A0  
                     u50 06E5                       u26 06A1                       u51 06E4  
                     u27 06A6                       u60 06F2                       u44 06C9  
                     u28 06A7                       u61 06F1                       u45 06C7  
                     u29 06AC                       u70 070E                       u55 06E1  
                     u80 071C                       u81 071B                       u65 06EE  
                     u75 0701                       u76 0702                       u77 0707  
                     u94 072C                       u78 0708                       u95 072A  
                     u79 070D                      l621 0675                      l631 06BB  
                    l623 067A                      l641 06F2                      l633 06C3  
                    l625 0682                      l619 066E                      l651 0743  
                    l643 071C                      l635 06D1                      l627 0684  
                    l653 0750                      l661 0793                      l645 0724  
                    l629 0691                      l637 06D8                      l663 07A0  
                    l655 077A                      l639 06E5                      l665 07AD  
                    l657 0782                      l649 0736                      l667 07D7  
                    l669 07DF                      u100 0743                      u101 0742  
                    u110 0750                      u111 074F                      u200 07F8  
                    u120 076C                      u201 07F7                      u105 073F  
                    u130 077A                      u131 0779                      u115 074C  
                    u125 075F                      u150 07A0                      u126 0760  
                    u151 079F                      u127 0765                      u160 07AD  
                    u144 078A                      u128 0766                      u161 07AC  
                    u145 0788                      u129 076B                      u170 07C9  
                    u155 079C                      u180 07D7                      u181 07D6  
                    u165 07A9                      u175 07BC                      u176 07BD  
                    u177 07C2                      u194 07E7                      u178 07C3  
                    u195 07E5                      u179 07C8                     _main 0675  
                   btemp 007E                     start 0000                    ?_main 0070  
           ?_init_config 0070                    _PORTB 0006                    _TRISB 0086  
                  main@i 0078                    status 0003                    wtemp0 007E  
        __initialization 07FC             __end_of_main 07FC                   ??_main 0070  
__end_of__initialization 07FC           __pcstackCOMMON 0070               __pmaintext 0675  
                __ptext1 066E     end_of_initialization 07FC      start_initialization 07FC  
          ??_init_config 0070                ___latbits 0002      __end_of_init_config 0675  
              main@delay 0074              _init_config 066E  
