

Microchip MPLAB XC8 Assembler V2.40 build 20220703182018 
                                                                                               Thu Sep 15 22:02:35 2022

Microchip MPLAB XC8 C Compiler v2.40 (Free license) build 20220703182018 Og1 
     1                           	processor	16F877A
     2                           	pagewidth 120
     3                           	opt	flic
     4                           	psect	idataCOMMON,global,class=CODE,delta=2,noexec
     5                           	psect	idataBANK0,global,class=CODE,delta=2,noexec
     6                           	psect	cinit,global,class=CODE,merge=1,delta=2
     7                           	psect	dataCOMMON,global,class=COMMON,space=1,delta=1,noexec
     8                           	psect	dataBANK0,global,class=BANK0,space=1,delta=1,noexec
     9                           	psect	inittext,global,class=CODE,delta=2
    10                           	psect	cstackCOMMON,global,class=COMMON,space=1,delta=1,noexec
    11                           	psect	cstackBANK0,global,class=BANK0,space=1,delta=1,noexec
    12                           	psect	maintext,global,class=CODE,split=1,delta=2
    13                           	psect	text1,local,class=CODE,merge=1,delta=2
    14                           	psect	text2,local,class=CODE,merge=1,delta=2
    15                           	psect	text3,local,class=CODE,merge=1,delta=2
    16                           	psect	text4,local,class=CODE,merge=1,delta=2
    17                           	psect	text5,local,class=CODE,merge=1,delta=2,group=1
    18                           	psect	config,global,abs,ovrld,class=CONFIG,space=4,delta=2,noexec
    19                           	dabs	1,0x7E,2
    20     0000                     
    21                           ; Version 2.20
    22                           ; Generated 12/02/2020 GMT
    23                           ; 
    24                           ; Copyright © 2020, Microchip Technology Inc. and its subsidiaries ("Microchip")
    25                           ; All rights reserved.
    26                           ; 
    27                           ; This software is developed by Microchip Technology Inc. and its subsidiaries ("Microch
      +                          ip").
    28                           ; 
    29                           ; Redistribution and use in source and binary forms, with or without modification, are
    30                           ; permitted provided that the following conditions are met:
    31                           ; 
    32                           ;     1. Redistributions of source code must retain the above copyright notice, this lis
      +                          t of
    33                           ;        conditions and the following disclaimer.
    34                           ; 
    35                           ;     2. Redistributions in binary form must reproduce the above copyright notice, this 
      +                          list
    36                           ;        of conditions and the following disclaimer in the documentation and/or other
    37                           ;        materials provided with the distribution.
    38                           ; 
    39                           ;     3. Microchip's name may not be used to endorse or promote products derived from th
      +                          is
    40                           ;        software without specific prior written permission.
    41                           ; 
    42                           ; THIS SOFTWARE IS PROVIDED BY MICROCHIP "AS IS" AND ANY EXPRESS OR IMPLIED WARRANTIES,
    43                           ; INCLUDING, BUT NOT LIMITED TO, THE IMPLIED WARRANTIES OF MERCHANTABILITY AND FITNESS F
      +                          OR
    44                           ; PURPOSE ARE DISCLAIMED.  IN NO EVENT SHALL MICROCHIP BE LIABLE FOR ANY DIRECT, INDIREC
      +                          T,
    45                           ; INCIDENTAL, SPECIAL, EXEMPLARY, OR CONSEQUENTIAL DAMAGES (INCLUDING BUT NOT LIMITED TO
    46                           ; PROCUREMENT OF SUBSTITUTE GOODS OR SERVICES; LOSS OF USE, DATA OR PROFITS; OR BUSINESS
    47                           ; INTERRUPTION) HOWSOEVER CAUSED AND ON ANY THEORY OF LIABILITY, WHETHER IN CONTRACT, ST
      +                          RICT
    48                           ; LIABILITY, OR TORT (INCLUDING NEGLIGENCE OR OTHERWISE) ARISING IN ANY WAY OUT OF THE U
      +                          SE OF
    49                           ; THIS SOFTWARE, EVEN IF ADVISED OF THE POSSIBILITY OF SUCH DAMAGE.
    50                           ; 
    51                           ; 
    52                           ; Code-generator required, PIC16F877A Definitions
    53                           ; 
    54                           ; SFR Addresses
    55     0000                     	;# 
    56     0001                     	;# 
    57     0002                     	;# 
    58     0003                     	;# 
    59     0004                     	;# 
    60     0005                     	;# 
    61     0006                     	;# 
    62     0007                     	;# 
    63     0008                     	;# 
    64     0009                     	;# 
    65     000A                     	;# 
    66     000B                     	;# 
    67     000C                     	;# 
    68     000D                     	;# 
    69     000E                     	;# 
    70     000E                     	;# 
    71     000F                     	;# 
    72     0010                     	;# 
    73     0011                     	;# 
    74     0012                     	;# 
    75     0013                     	;# 
    76     0014                     	;# 
    77     0015                     	;# 
    78     0015                     	;# 
    79     0016                     	;# 
    80     0017                     	;# 
    81     0018                     	;# 
    82     0019                     	;# 
    83     001A                     	;# 
    84     001B                     	;# 
    85     001B                     	;# 
    86     001C                     	;# 
    87     001D                     	;# 
    88     001E                     	;# 
    89     001F                     	;# 
    90     0081                     	;# 
    91     0085                     	;# 
    92     0086                     	;# 
    93     0087                     	;# 
    94     0088                     	;# 
    95     0089                     	;# 
    96     008C                     	;# 
    97     008D                     	;# 
    98     008E                     	;# 
    99     0091                     	;# 
   100     0092                     	;# 
   101     0093                     	;# 
   102     0094                     	;# 
   103     0098                     	;# 
   104     0099                     	;# 
   105     009C                     	;# 
   106     009D                     	;# 
   107     009E                     	;# 
   108     009F                     	;# 
   109     010C                     	;# 
   110     010D                     	;# 
   111     010E                     	;# 
   112     010F                     	;# 
   113     018C                     	;# 
   114     018D                     	;# 
   115     0000                     	;# 
   116     0001                     	;# 
   117     0002                     	;# 
   118     0003                     	;# 
   119     0004                     	;# 
   120     0005                     	;# 
   121     0006                     	;# 
   122     0007                     	;# 
   123     0008                     	;# 
   124     0009                     	;# 
   125     000A                     	;# 
   126     000B                     	;# 
   127     000C                     	;# 
   128     000D                     	;# 
   129     000E                     	;# 
   130     000E                     	;# 
   131     000F                     	;# 
   132     0010                     	;# 
   133     0011                     	;# 
   134     0012                     	;# 
   135     0013                     	;# 
   136     0014                     	;# 
   137     0015                     	;# 
   138     0015                     	;# 
   139     0016                     	;# 
   140     0017                     	;# 
   141     0018                     	;# 
   142     0019                     	;# 
   143     001A                     	;# 
   144     001B                     	;# 
   145     001B                     	;# 
   146     001C                     	;# 
   147     001D                     	;# 
   148     001E                     	;# 
   149     001F                     	;# 
   150     0081                     	;# 
   151     0085                     	;# 
   152     0086                     	;# 
   153     0087                     	;# 
   154     0088                     	;# 
   155     0089                     	;# 
   156     008C                     	;# 
   157     008D                     	;# 
   158     008E                     	;# 
   159     0091                     	;# 
   160     0092                     	;# 
   161     0093                     	;# 
   162     0094                     	;# 
   163     0098                     	;# 
   164     0099                     	;# 
   165     009C                     	;# 
   166     009D                     	;# 
   167     009E                     	;# 
   168     009F                     	;# 
   169     010C                     	;# 
   170     010D                     	;# 
   171     010E                     	;# 
   172     010F                     	;# 
   173     018C                     	;# 
   174     018D                     	;# 
   175     0000                     	;# 
   176     0001                     	;# 
   177     0002                     	;# 
   178     0003                     	;# 
   179     0004                     	;# 
   180     0005                     	;# 
   181     0006                     	;# 
   182     0007                     	;# 
   183     0008                     	;# 
   184     0009                     	;# 
   185     000A                     	;# 
   186     000B                     	;# 
   187     000C                     	;# 
   188     000D                     	;# 
   189     000E                     	;# 
   190     000E                     	;# 
   191     000F                     	;# 
   192     0010                     	;# 
   193     0011                     	;# 
   194     0012                     	;# 
   195     0013                     	;# 
   196     0014                     	;# 
   197     0015                     	;# 
   198     0015                     	;# 
   199     0016                     	;# 
   200     0017                     	;# 
   201     0018                     	;# 
   202     0019                     	;# 
   203     001A                     	;# 
   204     001B                     	;# 
   205     001B                     	;# 
   206     001C                     	;# 
   207     001D                     	;# 
   208     001E                     	;# 
   209     001F                     	;# 
   210     0081                     	;# 
   211     0085                     	;# 
   212     0086                     	;# 
   213     0087                     	;# 
   214     0088                     	;# 
   215     0089                     	;# 
   216     008C                     	;# 
   217     008D                     	;# 
   218     008E                     	;# 
   219     0091                     	;# 
   220     0092                     	;# 
   221     0093                     	;# 
   222     0094                     	;# 
   223     0098                     	;# 
   224     0099                     	;# 
   225     009C                     	;# 
   226     009D                     	;# 
   227     009E                     	;# 
   228     009F                     	;# 
   229     010C                     	;# 
   230     010D                     	;# 
   231     010E                     	;# 
   232     010F                     	;# 
   233     018C                     	;# 
   234     018D                     	;# 
   235     0000                     	;# 
   236     0001                     	;# 
   237     0002                     	;# 
   238     0003                     	;# 
   239     0004                     	;# 
   240     0005                     	;# 
   241     0006                     	;# 
   242     0007                     	;# 
   243     0008                     	;# 
   244     0009                     	;# 
   245     000A                     	;# 
   246     000B                     	;# 
   247     000C                     	;# 
   248     000D                     	;# 
   249     000E                     	;# 
   250     000E                     	;# 
   251     000F                     	;# 
   252     0010                     	;# 
   253     0011                     	;# 
   254     0012                     	;# 
   255     0013                     	;# 
   256     0014                     	;# 
   257     0015                     	;# 
   258     0015                     	;# 
   259     0016                     	;# 
   260     0017                     	;# 
   261     0018                     	;# 
   262     0019                     	;# 
   263     001A                     	;# 
   264     001B                     	;# 
   265     001B                     	;# 
   266     001C                     	;# 
   267     001D                     	;# 
   268     001E                     	;# 
   269     001F                     	;# 
   270     0081                     	;# 
   271     0085                     	;# 
   272     0086                     	;# 
   273     0087                     	;# 
   274     0088                     	;# 
   275     0089                     	;# 
   276     008C                     	;# 
   277     008D                     	;# 
   278     008E                     	;# 
   279     0091                     	;# 
   280     0092                     	;# 
   281     0093                     	;# 
   282     0094                     	;# 
   283     0098                     	;# 
   284     0099                     	;# 
   285     009C                     	;# 
   286     009D                     	;# 
   287     009E                     	;# 
   288     009F                     	;# 
   289     010C                     	;# 
   290     010D                     	;# 
   291     010E                     	;# 
   292     010F                     	;# 
   293     018C                     	;# 
   294     018D                     	;# 
   295                           
   296                           	psect	idataCOMMON
   297     0555                     __pidataCOMMON:
   298                           
   299                           ;initializer for read_digital_keypad@once
   300     0555  3401               	retlw	1
   301                           
   302                           	psect	idataBANK0
   303     0568                     __pidataBANK0:
   304                           
   305                           ;initializer for _digit
   306     0568  343F               	retlw	63
   307     0569  3406               	retlw	6
   308     056A  345B               	retlw	91
   309     056B  344F               	retlw	79
   310     056C  3466               	retlw	102
   311     056D  346D               	retlw	109
   312     056E  347D               	retlw	125
   313     056F  3407               	retlw	7
   314     0570  347F               	retlw	127
   315     0571  346F               	retlw	111
   316     0572  3408               	retlw	8
   317     0573  3408               	retlw	8
   318                           
   319                           ;initializer for _ssd
   320     0574  343F               	retlw	63
   321     0575  343F               	retlw	63
   322     0576  343F               	retlw	63
   323     0577  343F               	retlw	63
   324     0006                     _PORTB	set	6
   325     0008                     _PORTD	set	8
   326     0005                     _PORTA	set	5
   327     0086                     _TRISB	set	134
   328     0085                     _TRISA	set	133
   329     0088                     _TRISD	set	136
   330                           
   331                           	psect	cinit
   332     07E8                     start_initialization:	
   333                           ; #config settings
   334                           
   335     07E8                     __initialization:
   336                           
   337                           ; Initialize objects allocated to BANK0
   338     07E8  1383               	bcf	3,7	;select IRP bank0
   339     07E9  3043               	movlw	low (__pdataBANK0+16)
   340     07EA  00FD               	movwf	btemp+-1
   341     07EB  3005               	movlw	high __pidataBANK0
   342     07EC  00FE               	movwf	btemp
   343     07ED  3068               	movlw	low __pidataBANK0
   344     07EE  00FF               	movwf	btemp+1
   345     07EF  3033               	movlw	low __pdataBANK0
   346     07F0  0084               	movwf	4
   347     07F1  120A  118A  257C  120A  118A  	fcall	init_ram0
   348                           
   349                           ; Initialize objects allocated to COMMON
   350     07F6  120A  118A  2555  120A  118A  	fcall	__pidataCOMMON	;fetch initializer
   351     07FB  00FC               	movwf	__pdataCOMMON& (0+127)
   352     07FC                     end_of_initialization:	
   353                           ;End of C runtime variable initialization code
   354                           
   355     07FC                     __end_of__initialization:
   356     07FC  0183               	clrf	3
   357     07FD  120A  118A  2E45   	ljmp	_main	;jump to C main() function
   358                           
   359                           	psect	dataCOMMON
   360     007C                     __pdataCOMMON:
   361     007C                     read_digital_keypad@once:
   362     007C                     	ds	1
   363                           
   364                           	psect	dataBANK0
   365     0033                     __pdataBANK0:
   366     0033                     _digit:
   367     0033                     	ds	12
   368     003F                     _ssd:
   369     003F                     	ds	4
   370                           
   371                           	psect	inittext
   372     0578                     init_fetch0:	
   373                           ;	Called with low address in FSR and high address in W
   374                           
   375     0578  087E               	movf	btemp,w
   376     0579  008A               	movwf	10
   377     057A  087F               	movf	btemp+1,w
   378     057B  0082               	movwf	2
   379     057C                     init_ram0:	
   380                           ;Called with:
   381                           ;	high address of idata address in btemp 
   382                           ;	low address of idata address in btemp+1 
   383                           ;	low address of data in FSR
   384                           ;	high address + 1 of data in btemp-1
   385                           
   386     057C  120A  118A  2578  120A  118A  	fcall	init_fetch0
   387     0581  0080               	movwf	0
   388     0582  0A84               	incf	4,f
   389     0583  0804               	movf	4,w
   390     0584  067D               	xorwf	btemp+-1,w
   391     0585  1903               	btfsc	3,2
   392     0586  3400               	retlw	0
   393     0587  0AFF               	incf	btemp+1,f
   394     0588  1903               	btfsc	3,2
   395     0589  0AFE               	incf	btemp,f
   396     058A  2D7C               	goto	init_ram0
   397                           
   398                           	psect	cstackCOMMON
   399     0070                     __pcstackCOMMON:
   400     0070                     ?_init_ssd:
   401     0070                     ??_init_ssd:	
   402                           ; 1 bytes @ 0x0
   403                           
   404     0070                     ?_read_digital_keypad:	
   405                           ; 1 bytes @ 0x0
   406                           
   407     0070                     ??_read_digital_keypad:	
   408                           ; 1 bytes @ 0x0
   409                           
   410     0070                     ?_display:	
   411                           ; 1 bytes @ 0x0
   412                           
   413     0070                     ??_display:	
   414                           ; 1 bytes @ 0x0
   415                           
   416     0070                     ?_init_config:	
   417                           ; 1 bytes @ 0x0
   418                           
   419     0070                     ??_init_config:	
   420                           ; 1 bytes @ 0x0
   421                           
   422     0070                     ?_main:	
   423                           ; 1 bytes @ 0x0
   424                           
   425     0070                     ?___lwmod:	
   426                           ; 1 bytes @ 0x0
   427                           
   428     0070                     ___lwmod@divisor:	
   429                           ; 2 bytes @ 0x0
   430                           
   431                           
   432                           ; 2 bytes @ 0x0
   433     0070                     	ds	1
   434     0071                     read_digital_keypad@mode:
   435                           
   436                           ; 1 bytes @ 0x1
   437     0071                     	ds	1
   438     0072                     ___lwmod@dividend:
   439                           
   440                           ; 2 bytes @ 0x2
   441     0072                     	ds	2
   442     0074                     ??___lwmod:
   443     0074                     display@wait:	
   444                           ; 1 bytes @ 0x4
   445                           
   446                           
   447                           ; 4 bytes @ 0x4
   448     0074                     	ds	1
   449     0075                     ___lwmod@counter:
   450                           
   451                           ; 1 bytes @ 0x5
   452     0075                     	ds	3
   453     0078                     display@data:
   454                           
   455                           ; 1 bytes @ 0x8
   456     0078                     	ds	1
   457     0079                     display@digit:
   458                           
   459                           ; 1 bytes @ 0x9
   460     0079                     	ds	1
   461     007A                     ??_main:
   462                           
   463                           ; 1 bytes @ 0xA
   464     007A                     	ds	2
   465                           
   466                           	psect	cstackBANK0
   467     0020                     __pcstackBANK0:
   468     0020                     main@count:
   469                           
   470                           ; 2 bytes @ 0x0
   471     0020                     	ds	2
   472     0022                     main@wait:
   473                           
   474                           ; 2 bytes @ 0x2
   475     0022                     	ds	2
   476     0024                     main@flag:
   477                           
   478                           ; 2 bytes @ 0x4
   479     0024                     	ds	2
   480     0026                     main@key:
   481                           
   482                           ; 1 bytes @ 0x6
   483     0026                     	ds	1
   484     0027                     main@ssd:
   485                           
   486                           ; 4 bytes @ 0x7
   487     0027                     	ds	4
   488     002B                     main@left_flag:
   489                           
   490                           ; 2 bytes @ 0xB
   491     002B                     	ds	2
   492     002D                     main@right_flag:
   493                           
   494                           ; 2 bytes @ 0xD
   495     002D                     	ds	2
   496     002F                     main@i:
   497                           
   498                           ; 2 bytes @ 0xF
   499     002F                     	ds	2
   500     0031                     main@j:
   501                           
   502                           ; 2 bytes @ 0x11
   503     0031                     	ds	2
   504                           
   505                           	psect	maintext
   506     0645                     __pmaintext:	
   507 ;;
   508 ;;Main: autosize = 0, tempsize = 2, incstack = 0, save=0
   509 ;;
   510 ;; *************** function _main *****************
   511 ;; Defined at:
   512 ;;		line 45 in file "main.c"
   513 ;; Parameters:    Size  Location     Type
   514 ;;		None
   515 ;; Auto vars:     Size  Location     Type
   516 ;;  ssd             4    7[BANK0 ] unsigned char [4]
   517 ;;  j               2   17[BANK0 ] unsigned int 
   518 ;;  i               2   15[BANK0 ] unsigned int 
   519 ;;  right_flag      2   13[BANK0 ] unsigned int 
   520 ;;  left_flag       2   11[BANK0 ] unsigned int 
   521 ;;  flag            2    4[BANK0 ] unsigned int 
   522 ;;  wait            2    2[BANK0 ] unsigned int 
   523 ;;  count           2    0[BANK0 ] unsigned int 
   524 ;;  key             1    6[BANK0 ] unsigned char 
   525 ;; Return value:  Size  Location     Type
   526 ;;                  1    wreg      void 
   527 ;; Registers used:
   528 ;;		wreg, fsr0l, fsr0h, status,2, status,0, pclath, cstack
   529 ;; Tracked objects:
   530 ;;		On entry : B00/0
   531 ;;		On exit  : 0/0
   532 ;;		Unchanged: 0/0
   533 ;; Data sizes:     COMMON   BANK0   BANK1   BANK3   BANK2
   534 ;;      Params:         0       0       0       0       0
   535 ;;      Locals:         0      19       0       0       0
   536 ;;      Temps:          2       0       0       0       0
   537 ;;      Totals:         2      19       0       0       0
   538 ;;Total ram usage:       21 bytes
   539 ;; Hardware stack levels required when called: 2
   540 ;; This function calls:
   541 ;;		___lwmod
   542 ;;		_display
   543 ;;		_init_config
   544 ;;		_read_digital_keypad
   545 ;; This function is called by:
   546 ;;		Startup code after reset
   547 ;; This function uses a non-reentrant model
   548 ;;
   549                           
   550     0645                     _main:	
   551                           ;psect for function _main
   552                           
   553     0645                     l892:	
   554                           ;incstack = 0
   555                           ; Regs used in _main: [wreg-fsr0h+status,2+status,0+pclath+cstack]
   556                           
   557                           
   558                           ;main.c: 46: ;main.c: 48:         {
   559     0645  3001               	movlw	1
   560     0646  1283               	bcf	3,5	;RP0=0, select bank0
   561     0647  1303               	bcf	3,6	;RP1=0, select bank0
   562     0648  00A4               	movwf	main@flag
   563     0649  3000               	movlw	0
   564     064A  00A5               	movwf	main@flag+1
   565     064B                     l894:
   566     064B  01AB               	clrf	main@left_flag
   567     064C  01AC               	clrf	main@left_flag+1
   568     064D                     l896:
   569     064D  01AD               	clrf	main@right_flag
   570     064E  01AE               	clrf	main@right_flag+1
   571     064F                     l898:
   572                           
   573                           ;main.c: 49:             if(wait++ == 50);main.c: 50:             {
   574     064F  120A  118A  2556  120A  118A  	fcall	_init_config
   575     0654                     l900:
   576                           
   577                           ;main.c: 51:               wait = 0;
   578     0654  1283               	bcf	3,5	;RP0=0, select bank0
   579     0655  1303               	bcf	3,6	;RP1=0, select bank0
   580     0656  01A2               	clrf	main@wait
   581     0657  01A3               	clrf	main@wait+1
   582     0658                     l902:
   583     0658  01AF               	clrf	main@i
   584     0659  01B0               	clrf	main@i+1
   585     065A                     l904:
   586     065A  01A0               	clrf	main@count
   587     065B  01A1               	clrf	main@count+1
   588     065C                     l906:
   589     065C  01B1               	clrf	main@j
   590     065D  01B2               	clrf	main@j+1
   591     065E                     l908:
   592                           
   593                           ;main.c: 53:               ssd[1] = digit[(i + 1) % 12];;main.c: 56:               i++;
   594     065E  3001               	movlw	1
   595     065F  120A  118A  258B  120A  118A  	fcall	_read_digital_keypad
   596     0664  1283               	bcf	3,5	;RP0=0, select bank0
   597     0665  1303               	bcf	3,6	;RP1=0, select bank0
   598     0666  00A6               	movwf	main@key
   599     0667                     l910:
   600                           
   601                           ;main.c: 59: 
   602     0667  0820               	movf	main@count,w
   603     0668  0421               	iorwf	main@count+1,w
   604     0669  1D03               	btfss	3,2
   605     066A  2E6C               	goto	u481
   606     066B  2E6D               	goto	u480
   607     066C                     u481:
   608     066C  2E7B               	goto	l914
   609     066D                     u480:
   610     066D                     l912:
   611                           
   612                           ;main.c: 60:         if(right_flag && flag);main.c: 61:         {
   613     066D  303F               	movlw	63
   614     066E  00A7               	movwf	main@ssd
   615                           
   616                           ;main.c: 62:             if(wait++ == 50)
   617     066F  3006               	movlw	6
   618     0670  00A8               	movwf	main@ssd+1
   619                           
   620                           ;main.c: 63:             {
   621     0671  305B               	movlw	91
   622     0672  00A9               	movwf	main@ssd+2
   623                           
   624                           ;main.c: 64:               wait = 0;
   625     0673  304F               	movlw	79
   626     0674  00AA               	movwf	main@ssd+3
   627                           
   628                           ;main.c: 65:               ssd[0] = digit[(12 - j) % 12];
   629     0675  3001               	movlw	1
   630     0676  07A0               	addwf	main@count,f
   631     0677  1803               	skipnc
   632     0678  0AA1               	incf	main@count+1,f
   633     0679  3000               	movlw	0
   634     067A  07A1               	addwf	main@count+1,f
   635     067B                     l914:
   636                           
   637                           ;main.c: 67:               ssd[2] = digit[(14 - j) % 12];
   638     067B  303B               	movlw	59
   639     067C  0626               	xorwf	main@key,w
   640     067D  1D03               	btfss	3,2
   641     067E  2E80               	goto	u491
   642     067F  2E81               	goto	u490
   643     0680                     u491:
   644     0680  2E8F               	goto	l20
   645     0681                     u490:
   646     0681                     l916:
   647                           
   648                           ;main.c: 68:               ssd[3] = digit[(15 - j) % 12];;main.c: 69:               j++;
   649     0681  0824               	movf	main@flag,w
   650     0682  0425               	iorwf	main@flag+1,w
   651     0683  1903               	btfsc	3,2
   652     0684  2E86               	goto	u501
   653     0685  2E88               	goto	u500
   654     0686                     u501:
   655     0686  3001               	movlw	1
   656     0687  2E89               	goto	u510
   657     0688                     u500:
   658     0688  3000               	movlw	0
   659     0689                     u510:
   660     0689  00FA               	movwf	??_main
   661     068A  01FB               	clrf	??_main+1
   662     068B  087A               	movf	??_main,w
   663     068C  00A4               	movwf	main@flag
   664     068D  087B               	movf	??_main+1,w
   665     068E  00A5               	movwf	main@flag+1
   666     068F                     l20:	
   667                           ;main.c: 70:               if(j == 11)
   668                           
   669                           
   670                           ;main.c: 72:                   j = 0;
   671     068F  303E               	movlw	62
   672     0690  0626               	xorwf	main@key,w
   673     0691  1D03               	btfss	3,2
   674     0692  2E94               	goto	u521
   675     0693  2E95               	goto	u520
   676     0694                     u521:
   677     0694  2EAD               	goto	l922
   678     0695                     u520:
   679     0695                     l918:
   680                           
   681                           ;main.c: 73:               };main.c: 74:             }
   682     0695  082B               	movf	main@left_flag,w
   683     0696  042C               	iorwf	main@left_flag+1,w
   684     0697  1903               	btfsc	3,2
   685     0698  2E9A               	goto	u531
   686     0699  2E9C               	goto	u530
   687     069A                     u531:
   688     069A  3001               	movlw	1
   689     069B  2E9D               	goto	u540
   690     069C                     u530:
   691     069C  3000               	movlw	0
   692     069D                     u540:
   693     069D  00FA               	movwf	??_main
   694     069E  01FB               	clrf	??_main+1
   695     069F  087A               	movf	??_main,w
   696     06A0  00AB               	movwf	main@left_flag
   697     06A1  087B               	movf	??_main+1,w
   698     06A2  00AC               	movwf	main@left_flag+1
   699                           
   700                           ;main.c: 75:         }
   701     06A3  082D               	movf	main@right_flag,w
   702     06A4  042E               	iorwf	main@right_flag+1,w
   703     06A5  1903               	btfsc	3,2
   704     06A6  2EA8               	goto	u551
   705     06A7  2EA9               	goto	u550
   706     06A8                     u551:
   707     06A8  2EAB               	goto	l22
   708     06A9                     u550:
   709     06A9                     l920:
   710                           
   711                           ;main.c: 76:         display(ssd);
   712     06A9  01AD               	clrf	main@right_flag
   713     06AA  01AE               	clrf	main@right_flag+1
   714     06AB                     l22:
   715                           
   716                           ;main.c: 77:     }
   717     06AB  01AF               	clrf	main@i
   718     06AC  01B0               	clrf	main@i+1
   719     06AD                     l922:
   720     06AD  303D               	movlw	61
   721     06AE  0626               	xorwf	main@key,w
   722     06AF  1D03               	btfss	3,2
   723     06B0  2EB2               	goto	u561
   724     06B1  2EB3               	goto	u560
   725     06B2                     u561:
   726     06B2  2ECB               	goto	l928
   727     06B3                     u560:
   728     06B3                     l924:
   729     06B3  082D               	movf	main@right_flag,w
   730     06B4  042E               	iorwf	main@right_flag+1,w
   731     06B5  1903               	btfsc	3,2
   732     06B6  2EB8               	goto	u571
   733     06B7  2EBA               	goto	u570
   734     06B8                     u571:
   735     06B8  3001               	movlw	1
   736     06B9  2EBB               	goto	u580
   737     06BA                     u570:
   738     06BA  3000               	movlw	0
   739     06BB                     u580:
   740     06BB  00FA               	movwf	??_main
   741     06BC  01FB               	clrf	??_main+1
   742     06BD  087A               	movf	??_main,w
   743     06BE  00AD               	movwf	main@right_flag
   744     06BF  087B               	movf	??_main+1,w
   745     06C0  00AE               	movwf	main@right_flag+1
   746     06C1  082B               	movf	main@left_flag,w
   747     06C2  042C               	iorwf	main@left_flag+1,w
   748     06C3  1903               	btfsc	3,2
   749     06C4  2EC6               	goto	u591
   750     06C5  2EC7               	goto	u590
   751     06C6                     u591:
   752     06C6  2EC9               	goto	l24
   753     06C7                     u590:
   754     06C7                     l926:
   755     06C7  01AB               	clrf	main@left_flag
   756     06C8  01AC               	clrf	main@left_flag+1
   757     06C9                     l24:
   758     06C9  01B1               	clrf	main@j
   759     06CA  01B2               	clrf	main@j+1
   760     06CB                     l928:
   761     06CB  082B               	movf	main@left_flag,w
   762     06CC  042C               	iorwf	main@left_flag+1,w
   763     06CD  1903               	btfsc	3,2
   764     06CE  2ED0               	goto	u601
   765     06CF  2ED1               	goto	u600
   766     06D0                     u601:
   767     06D0  2F4C               	goto	l946
   768     06D1                     u600:
   769     06D1                     l930:
   770     06D1  0824               	movf	main@flag,w
   771     06D2  0425               	iorwf	main@flag+1,w
   772     06D3  1903               	btfsc	3,2
   773     06D4  2ED6               	goto	u611
   774     06D5  2ED7               	goto	u610
   775     06D6                     u611:
   776     06D6  2F4C               	goto	l946
   777     06D7                     u610:
   778     06D7                     l932:
   779     06D7  3001               	movlw	1
   780     06D8  07A2               	addwf	main@wait,f
   781     06D9  1803               	skipnc
   782     06DA  0AA3               	incf	main@wait+1,f
   783     06DB  3000               	movlw	0
   784     06DC  07A3               	addwf	main@wait+1,f
   785     06DD  3033               	movlw	51
   786     06DE  0622               	xorwf	main@wait,w
   787     06DF  0423               	iorwf	main@wait+1,w
   788     06E0  1D03               	btfss	3,2
   789     06E1  2EE3               	goto	u621
   790     06E2  2EE4               	goto	u620
   791     06E3                     u621:
   792     06E3  2F4C               	goto	l946
   793     06E4                     u620:
   794     06E4                     l934:
   795     06E4  01A2               	clrf	main@wait
   796     06E5  01A3               	clrf	main@wait+1
   797     06E6                     l936:
   798     06E6  300C               	movlw	12
   799     06E7  00F0               	movwf	___lwmod@divisor
   800     06E8  3000               	movlw	0
   801     06E9  00F1               	movwf	___lwmod@divisor+1
   802     06EA  0830               	movf	main@i+1,w
   803     06EB  00F3               	movwf	___lwmod@dividend+1
   804     06EC  082F               	movf	main@i,w
   805     06ED  00F2               	movwf	___lwmod@dividend
   806     06EE  120A  118A  25B5  120A  118A  	fcall	___lwmod
   807     06F3  0870               	movf	?___lwmod,w
   808     06F4  3E33               	addlw	(low (_digit| 0))& (0+255)
   809     06F5  0084               	movwf	4
   810     06F6  1383               	bcf	3,7	;select IRP bank0
   811     06F7  0800               	movf	0,w
   812     06F8  1283               	bcf	3,5	;RP0=0, select bank0
   813     06F9  1303               	bcf	3,6	;RP1=0, select bank0
   814     06FA  00A7               	movwf	main@ssd
   815     06FB                     l938:
   816     06FB  300C               	movlw	12
   817     06FC  00F0               	movwf	___lwmod@divisor
   818     06FD  3000               	movlw	0
   819     06FE  00F1               	movwf	___lwmod@divisor+1
   820     06FF  082F               	movf	main@i,w
   821     0700  3E01               	addlw	1
   822     0701  00F2               	movwf	___lwmod@dividend
   823     0702  0830               	movf	main@i+1,w
   824     0703  1803               	skipnc
   825     0704  3E01               	addlw	1
   826     0705  3E00               	addlw	0
   827     0706  00F3               	movwf	___lwmod@dividend+1
   828     0707  120A  118A  25B5  120A  118A  	fcall	___lwmod
   829     070C  0870               	movf	?___lwmod,w
   830     070D  3E33               	addlw	(low (_digit| 0))& (0+255)
   831     070E  0084               	movwf	4
   832     070F  1383               	bcf	3,7	;select IRP bank0
   833     0710  0800               	movf	0,w
   834     0711  1283               	bcf	3,5	;RP0=0, select bank0
   835     0712  1303               	bcf	3,6	;RP1=0, select bank0
   836     0713  00A8               	movwf	main@ssd+1
   837     0714                     l940:
   838     0714  300C               	movlw	12
   839     0715  00F0               	movwf	___lwmod@divisor
   840     0716  3000               	movlw	0
   841     0717  00F1               	movwf	___lwmod@divisor+1
   842     0718  082F               	movf	main@i,w
   843     0719  3E02               	addlw	2
   844     071A  00F2               	movwf	___lwmod@dividend
   845     071B  0830               	movf	main@i+1,w
   846     071C  1803               	skipnc
   847     071D  3E01               	addlw	1
   848     071E  3E00               	addlw	0
   849     071F  00F3               	movwf	___lwmod@dividend+1
   850     0720  120A  118A  25B5  120A  118A  	fcall	___lwmod
   851     0725  0870               	movf	?___lwmod,w
   852     0726  3E33               	addlw	(low (_digit| 0))& (0+255)
   853     0727  0084               	movwf	4
   854     0728  1383               	bcf	3,7	;select IRP bank0
   855     0729  0800               	movf	0,w
   856     072A  1283               	bcf	3,5	;RP0=0, select bank0
   857     072B  1303               	bcf	3,6	;RP1=0, select bank0
   858     072C  00A9               	movwf	main@ssd+2
   859     072D                     l942:
   860     072D  300C               	movlw	12
   861     072E  00F0               	movwf	___lwmod@divisor
   862     072F  3000               	movlw	0
   863     0730  00F1               	movwf	___lwmod@divisor+1
   864     0731  082F               	movf	main@i,w
   865     0732  3E03               	addlw	3
   866     0733  00F2               	movwf	___lwmod@dividend
   867     0734  0830               	movf	main@i+1,w
   868     0735  1803               	skipnc
   869     0736  3E01               	addlw	1
   870     0737  3E00               	addlw	0
   871     0738  00F3               	movwf	___lwmod@dividend+1
   872     0739  120A  118A  25B5  120A  118A  	fcall	___lwmod
   873     073E  0870               	movf	?___lwmod,w
   874     073F  3E33               	addlw	(low (_digit| 0))& (0+255)
   875     0740  0084               	movwf	4
   876     0741  1383               	bcf	3,7	;select IRP bank0
   877     0742  0800               	movf	0,w
   878     0743  1283               	bcf	3,5	;RP0=0, select bank0
   879     0744  1303               	bcf	3,6	;RP1=0, select bank0
   880     0745  00AA               	movwf	main@ssd+3
   881     0746                     l944:
   882     0746  3001               	movlw	1
   883     0747  07AF               	addwf	main@i,f
   884     0748  1803               	skipnc
   885     0749  0AB0               	incf	main@i+1,f
   886     074A  3000               	movlw	0
   887     074B  07B0               	addwf	main@i+1,f
   888     074C                     l946:
   889     074C  082D               	movf	main@right_flag,w
   890     074D  042E               	iorwf	main@right_flag+1,w
   891     074E  1903               	btfsc	3,2
   892     074F  2F51               	goto	u631
   893     0750  2F52               	goto	u630
   894     0751                     u631:
   895     0751  2FDE               	goto	l968
   896     0752                     u630:
   897     0752                     l948:
   898     0752  0824               	movf	main@flag,w
   899     0753  0425               	iorwf	main@flag+1,w
   900     0754  1903               	btfsc	3,2
   901     0755  2F57               	goto	u641
   902     0756  2F58               	goto	u640
   903     0757                     u641:
   904     0757  2FDE               	goto	l968
   905     0758                     u640:
   906     0758                     l950:
   907     0758  3001               	movlw	1
   908     0759  07A2               	addwf	main@wait,f
   909     075A  1803               	skipnc
   910     075B  0AA3               	incf	main@wait+1,f
   911     075C  3000               	movlw	0
   912     075D  07A3               	addwf	main@wait+1,f
   913     075E  3033               	movlw	51
   914     075F  0622               	xorwf	main@wait,w
   915     0760  0423               	iorwf	main@wait+1,w
   916     0761  1D03               	btfss	3,2
   917     0762  2F64               	goto	u651
   918     0763  2F65               	goto	u650
   919     0764                     u651:
   920     0764  2FDE               	goto	l968
   921     0765                     u650:
   922     0765                     l952:
   923     0765  01A2               	clrf	main@wait
   924     0766  01A3               	clrf	main@wait+1
   925     0767                     l954:
   926     0767  300C               	movlw	12
   927     0768  00F0               	movwf	___lwmod@divisor
   928     0769  3000               	movlw	0
   929     076A  00F1               	movwf	___lwmod@divisor+1
   930     076B  300C               	movlw	12
   931     076C  00FA               	movwf	??_main
   932     076D  0831               	movf	main@j,w
   933     076E  027A               	subwf	??_main,w
   934     076F  00F2               	movwf	___lwmod@dividend
   935     0770  0932               	comf	main@j+1,w
   936     0771  1803               	skipnc
   937     0772  3E01               	addlw	1
   938     0773  00F3               	movwf	___lwmod@dividend+1
   939     0774  120A  118A  25B5  120A  118A  	fcall	___lwmod
   940     0779  0870               	movf	?___lwmod,w
   941     077A  3E33               	addlw	(low (_digit| 0))& (0+255)
   942     077B  0084               	movwf	4
   943     077C  1383               	bcf	3,7	;select IRP bank0
   944     077D  0800               	movf	0,w
   945     077E  1283               	bcf	3,5	;RP0=0, select bank0
   946     077F  1303               	bcf	3,6	;RP1=0, select bank0
   947     0780  00A7               	movwf	main@ssd
   948     0781                     l956:
   949     0781  300C               	movlw	12
   950     0782  00F0               	movwf	___lwmod@divisor
   951     0783  3000               	movlw	0
   952     0784  00F1               	movwf	___lwmod@divisor+1
   953     0785  300D               	movlw	13
   954     0786  00FA               	movwf	??_main
   955     0787  0831               	movf	main@j,w
   956     0788  027A               	subwf	??_main,w
   957     0789  00F2               	movwf	___lwmod@dividend
   958     078A  0932               	comf	main@j+1,w
   959     078B  1803               	skipnc
   960     078C  3E01               	addlw	1
   961     078D  00F3               	movwf	___lwmod@dividend+1
   962     078E  120A  118A  25B5  120A  118A  	fcall	___lwmod
   963     0793  0870               	movf	?___lwmod,w
   964     0794  3E33               	addlw	(low (_digit| 0))& (0+255)
   965     0795  0084               	movwf	4
   966     0796  1383               	bcf	3,7	;select IRP bank0
   967     0797  0800               	movf	0,w
   968     0798  1283               	bcf	3,5	;RP0=0, select bank0
   969     0799  1303               	bcf	3,6	;RP1=0, select bank0
   970     079A  00A8               	movwf	main@ssd+1
   971     079B                     l958:
   972     079B  300C               	movlw	12
   973     079C  00F0               	movwf	___lwmod@divisor
   974     079D  3000               	movlw	0
   975     079E  00F1               	movwf	___lwmod@divisor+1
   976     079F  300E               	movlw	14
   977     07A0  00FA               	movwf	??_main
   978     07A1  0831               	movf	main@j,w
   979     07A2  027A               	subwf	??_main,w
   980     07A3  00F2               	movwf	___lwmod@dividend
   981     07A4  0932               	comf	main@j+1,w
   982     07A5  1803               	skipnc
   983     07A6  3E01               	addlw	1
   984     07A7  00F3               	movwf	___lwmod@dividend+1
   985     07A8  120A  118A  25B5  120A  118A  	fcall	___lwmod
   986     07AD  0870               	movf	?___lwmod,w
   987     07AE  3E33               	addlw	(low (_digit| 0))& (0+255)
   988     07AF  0084               	movwf	4
   989     07B0  1383               	bcf	3,7	;select IRP bank0
   990     07B1  0800               	movf	0,w
   991     07B2  1283               	bcf	3,5	;RP0=0, select bank0
   992     07B3  1303               	bcf	3,6	;RP1=0, select bank0
   993     07B4  00A9               	movwf	main@ssd+2
   994     07B5                     l960:
   995     07B5  300C               	movlw	12
   996     07B6  00F0               	movwf	___lwmod@divisor
   997     07B7  3000               	movlw	0
   998     07B8  00F1               	movwf	___lwmod@divisor+1
   999     07B9  300F               	movlw	15
  1000     07BA  00FA               	movwf	??_main
  1001     07BB  0831               	movf	main@j,w
  1002     07BC  027A               	subwf	??_main,w
  1003     07BD  00F2               	movwf	___lwmod@dividend
  1004     07BE  0932               	comf	main@j+1,w
  1005     07BF  1803               	skipnc
  1006     07C0  3E01               	addlw	1
  1007     07C1  00F3               	movwf	___lwmod@dividend+1
  1008     07C2  120A  118A  25B5  120A  118A  	fcall	___lwmod
  1009     07C7  0870               	movf	?___lwmod,w
  1010     07C8  3E33               	addlw	(low (_digit| 0))& (0+255)
  1011     07C9  0084               	movwf	4
  1012     07CA  1383               	bcf	3,7	;select IRP bank0
  1013     07CB  0800               	movf	0,w
  1014     07CC  1283               	bcf	3,5	;RP0=0, select bank0
  1015     07CD  1303               	bcf	3,6	;RP1=0, select bank0
  1016     07CE  00AA               	movwf	main@ssd+3
  1017     07CF                     l962:
  1018     07CF  3001               	movlw	1
  1019     07D0  07B1               	addwf	main@j,f
  1020     07D1  1803               	skipnc
  1021     07D2  0AB2               	incf	main@j+1,f
  1022     07D3  3000               	movlw	0
  1023     07D4  07B2               	addwf	main@j+1,f
  1024     07D5                     l964:
  1025     07D5  300B               	movlw	11
  1026     07D6  0631               	xorwf	main@j,w
  1027     07D7  0432               	iorwf	main@j+1,w
  1028     07D8  1D03               	btfss	3,2
  1029     07D9  2FDB               	goto	u661
  1030     07DA  2FDC               	goto	u660
  1031     07DB                     u661:
  1032     07DB  2FDE               	goto	l968
  1033     07DC                     u660:
  1034     07DC                     l966:
  1035     07DC  01B1               	clrf	main@j
  1036     07DD  01B2               	clrf	main@j+1
  1037     07DE                     l968:
  1038     07DE  3027               	movlw	(low (main@ssd| 0))& (0+255)
  1039     07DF  120A  118A  25EF  120A  118A  	fcall	_display
  1040     07E4  2E5E               	goto	l908
  1041     07E5  120A  118A  2800   	ljmp	start
  1042     07E8                     __end_of_main:
  1043                           
  1044                           	psect	text1
  1045     058B                     __ptext1:	
  1046 ;; *************** function _read_digital_keypad *****************
  1047 ;; Defined at:
  1048 ;;		line 17 in file "digital_keypad.c"
  1049 ;; Parameters:    Size  Location     Type
  1050 ;;  mode            1    wreg     unsigned char 
  1051 ;; Auto vars:     Size  Location     Type
  1052 ;;  mode            1    1[COMMON] unsigned char 
  1053 ;; Return value:  Size  Location     Type
  1054 ;;                  1    wreg      unsigned char 
  1055 ;; Registers used:
  1056 ;;		wreg, status,2, status,0
  1057 ;; Tracked objects:
  1058 ;;		On entry : 0/0
  1059 ;;		On exit  : 0/0
  1060 ;;		Unchanged: 0/0
  1061 ;; Data sizes:     COMMON   BANK0   BANK1   BANK3   BANK2
  1062 ;;      Params:         0       0       0       0       0
  1063 ;;      Locals:         1       0       0       0       0
  1064 ;;      Temps:          1       0       0       0       0
  1065 ;;      Totals:         2       0       0       0       0
  1066 ;;Total ram usage:        2 bytes
  1067 ;; Hardware stack levels used: 1
  1068 ;; This function calls:
  1069 ;;		Nothing
  1070 ;; This function is called by:
  1071 ;;		_main
  1072 ;; This function uses a non-reentrant model
  1073 ;;
  1074                           
  1075     058B                     _read_digital_keypad:	
  1076                           ;psect for function _read_digital_keypad
  1077                           
  1078                           
  1079                           ;incstack = 0
  1080                           ; Regs used in _read_digital_keypad: [wreg+status,2+status,0]
  1081                           ;read_digital_keypad@mode stored from wreg
  1082     058B  00F1               	movwf	read_digital_keypad@mode
  1083     058C                     l824:
  1084                           
  1085                           ;digital_keypad.c: 17: unsigned char read_digital_keypad(unsigned char mode);digital_key
      +                          pad.c: 18: {;digital_keypad.c: 19:     static unsigned char once = 1;;digital_keypad.c: 
      +                          21:     if (mode == 0)
  1086     058C  0871               	movf	read_digital_keypad@mode,w
  1087     058D  1D03               	btfss	3,2
  1088     058E  2D90               	goto	u341
  1089     058F  2D91               	goto	u340
  1090     0590                     u341:
  1091     0590  2D96               	goto	l832
  1092     0591                     u340:
  1093     0591                     l826:
  1094                           
  1095                           ;digital_keypad.c: 22:     {;digital_keypad.c: 23:         return PORTB & 0x3F;
  1096     0591  1283               	bcf	3,5	;RP0=0, select bank0
  1097     0592  1303               	bcf	3,6	;RP1=0, select bank0
  1098     0593  0806               	movf	6,w	;volatile
  1099     0594  393F               	andlw	63
  1100     0595  2DB4               	goto	l64
  1101     0596                     l832:
  1102                           
  1103                           ;digital_keypad.c: 26:     {;digital_keypad.c: 27:         if (((PORTB & 0x3F) != 0x3F) 
      +                          && once)
  1104     0596  303F               	movlw	63
  1105     0597  1283               	bcf	3,5	;RP0=0, select bank0
  1106     0598  1303               	bcf	3,6	;RP1=0, select bank0
  1107     0599  0506               	andwf	6,w	;volatile
  1108     059A  00F0               	movwf	??_read_digital_keypad
  1109     059B  303F               	movlw	63
  1110     059C  0670               	xorwf	??_read_digital_keypad,w
  1111     059D  1903               	btfsc	3,2
  1112     059E  2DA0               	goto	u351
  1113     059F  2DA1               	goto	u350
  1114     05A0                     u351:
  1115     05A0  2DA8               	goto	l844
  1116     05A1                     u350:
  1117     05A1                     l834:
  1118     05A1  087C               	movf	read_digital_keypad@once,w
  1119     05A2  1903               	btfsc	3,2
  1120     05A3  2DA5               	goto	u361
  1121     05A4  2DA6               	goto	u360
  1122     05A5                     u361:
  1123     05A5  2DA8               	goto	l844
  1124     05A6                     u360:
  1125     05A6                     l836:
  1126                           
  1127                           ;digital_keypad.c: 28:         {;digital_keypad.c: 29:             once = 0;
  1128     05A6  01FC               	clrf	read_digital_keypad@once
  1129     05A7  2D91               	goto	l826
  1130     05A8                     l844:
  1131     05A8  303F               	movlw	63
  1132     05A9  0506               	andwf	6,w	;volatile
  1133     05AA  00F0               	movwf	??_read_digital_keypad
  1134     05AB  303F               	movlw	63
  1135     05AC  0670               	xorwf	??_read_digital_keypad,w
  1136     05AD  1D03               	btfss	3,2
  1137     05AE  2DB0               	goto	u371
  1138     05AF  2DB1               	goto	u370
  1139     05B0                     u371:
  1140     05B0  2DB3               	goto	l848
  1141     05B1                     u370:
  1142     05B1                     l846:
  1143                           
  1144                           ;digital_keypad.c: 34:         {;digital_keypad.c: 35:             once = 1;
  1145     05B1  01FC               	clrf	read_digital_keypad@once
  1146     05B2  0AFC               	incf	read_digital_keypad@once,f
  1147     05B3                     l848:
  1148                           
  1149                           ;digital_keypad.c: 39:     return 0x3F;
  1150     05B3  303F               	movlw	63
  1151     05B4                     l64:
  1152     05B4  0008               	return
  1153     05B5                     __end_of_read_digital_keypad:
  1154                           
  1155                           	psect	text2
  1156     0556                     __ptext2:	
  1157 ;; *************** function _init_config *****************
  1158 ;; Defined at:
  1159 ;;		line 41 in file "main.c"
  1160 ;; Parameters:    Size  Location     Type
  1161 ;;		None
  1162 ;; Auto vars:     Size  Location     Type
  1163 ;;		None
  1164 ;; Return value:  Size  Location     Type
  1165 ;;                  1    wreg      void 
  1166 ;; Registers used:
  1167 ;;		wreg, status,2, status,0, pclath, cstack
  1168 ;; Tracked objects:
  1169 ;;		On entry : 0/0
  1170 ;;		On exit  : 0/0
  1171 ;;		Unchanged: 0/0
  1172 ;; Data sizes:     COMMON   BANK0   BANK1   BANK3   BANK2
  1173 ;;      Params:         0       0       0       0       0
  1174 ;;      Locals:         0       0       0       0       0
  1175 ;;      Temps:          0       0       0       0       0
  1176 ;;      Totals:         0       0       0       0       0
  1177 ;;Total ram usage:        0 bytes
  1178 ;; Hardware stack levels used: 1
  1179 ;; Hardware stack levels required when called: 1
  1180 ;; This function calls:
  1181 ;;		_init_ssd
  1182 ;; This function is called by:
  1183 ;;		_main
  1184 ;; This function uses a non-reentrant model
  1185 ;;
  1186                           
  1187     0556                     _init_config:	
  1188                           ;psect for function _init_config
  1189                           
  1190     0556                     l822:	
  1191                           ;incstack = 0
  1192                           ; Regs used in _init_config: [wreg+status,2+status,0+pclath+cstack]
  1193                           
  1194                           
  1195                           ;main.c: 42:            if(left_flag != 0)
  1196     0556  120A  118A  255C  120A  118A  	fcall	_init_ssd
  1197     055B                     l13:
  1198     055B  0008               	return
  1199     055C                     __end_of_init_config:
  1200                           
  1201                           	psect	text3
  1202     055C                     __ptext3:	
  1203 ;; *************** function _init_ssd *****************
  1204 ;; Defined at:
  1205 ;;		line 11 in file "ssd.c"
  1206 ;; Parameters:    Size  Location     Type
  1207 ;;		None
  1208 ;; Auto vars:     Size  Location     Type
  1209 ;;		None
  1210 ;; Return value:  Size  Location     Type
  1211 ;;                  1    wreg      void 
  1212 ;; Registers used:
  1213 ;;		wreg, status,2
  1214 ;; Tracked objects:
  1215 ;;		On entry : 0/0
  1216 ;;		On exit  : 0/0
  1217 ;;		Unchanged: 0/0
  1218 ;; Data sizes:     COMMON   BANK0   BANK1   BANK3   BANK2
  1219 ;;      Params:         0       0       0       0       0
  1220 ;;      Locals:         0       0       0       0       0
  1221 ;;      Temps:          0       0       0       0       0
  1222 ;;      Totals:         0       0       0       0       0
  1223 ;;Total ram usage:        0 bytes
  1224 ;; Hardware stack levels used: 1
  1225 ;; This function calls:
  1226 ;;		Nothing
  1227 ;; This function is called by:
  1228 ;;		_init_config
  1229 ;; This function uses a non-reentrant model
  1230 ;;
  1231                           
  1232     055C                     _init_ssd:	
  1233                           ;psect for function _init_ssd
  1234                           
  1235     055C                     l816:	
  1236                           ;incstack = 0
  1237                           ; Regs used in _init_ssd: [wreg+status,2]
  1238                           
  1239                           
  1240                           ;ssd.c: 14:     TRISD = 0x00;
  1241     055C  1683               	bsf	3,5	;RP0=1, select bank1
  1242     055D  1303               	bcf	3,6	;RP1=0, select bank1
  1243     055E  0188               	clrf	8	;volatile
  1244     055F                     l818:
  1245                           
  1246                           ;ssd.c: 17:     TRISA = TRISA & 0xC3;
  1247     055F  0805               	movf	5,w	;volatile
  1248     0560  39C3               	andlw	195
  1249     0561  0085               	movwf	5	;volatile
  1250     0562                     l820:
  1251                           
  1252                           ;ssd.c: 20:     PORTA = PORTA & 0xC3;
  1253     0562  1283               	bcf	3,5	;RP0=0, select bank0
  1254     0563  1303               	bcf	3,6	;RP1=0, select bank0
  1255     0564  0805               	movf	5,w	;volatile
  1256     0565  39C3               	andlw	195
  1257     0566  0085               	movwf	5	;volatile
  1258     0567                     l43:
  1259     0567  0008               	return
  1260     0568                     __end_of_init_ssd:
  1261                           
  1262                           	psect	text4
  1263     05EF                     __ptext4:	
  1264 ;; *************** function _display *****************
  1265 ;; Defined at:
  1266 ;;		line 23 in file "ssd.c"
  1267 ;; Parameters:    Size  Location     Type
  1268 ;;  data            1    wreg     PTR unsigned char 
  1269 ;;		 -> main@ssd(4), 
  1270 ;; Auto vars:     Size  Location     Type
  1271 ;;  data            1    8[COMMON] PTR unsigned char 
  1272 ;;		 -> main@ssd(4), 
  1273 ;;  wait            4    4[COMMON] unsigned long 
  1274 ;;  digit           1    9[COMMON] unsigned char 
  1275 ;; Return value:  Size  Location     Type
  1276 ;;                  1    wreg      void 
  1277 ;; Registers used:
  1278 ;;		wreg, fsr0l, fsr0h, status,2, status,0
  1279 ;; Tracked objects:
  1280 ;;		On entry : 0/0
  1281 ;;		On exit  : 0/0
  1282 ;;		Unchanged: 0/0
  1283 ;; Data sizes:     COMMON   BANK0   BANK1   BANK3   BANK2
  1284 ;;      Params:         0       0       0       0       0
  1285 ;;      Locals:         6       0       0       0       0
  1286 ;;      Temps:          4       0       0       0       0
  1287 ;;      Totals:        10       0       0       0       0
  1288 ;;Total ram usage:       10 bytes
  1289 ;; Hardware stack levels used: 1
  1290 ;; This function calls:
  1291 ;;		Nothing
  1292 ;; This function is called by:
  1293 ;;		_main
  1294 ;; This function uses a non-reentrant model
  1295 ;;
  1296                           
  1297     05EF                     _display:	
  1298                           ;psect for function _display
  1299                           
  1300                           
  1301                           ;incstack = 0
  1302                           ; Regs used in _display: [wreg-fsr0h+status,2+status,0]
  1303                           ;display@data stored from wreg
  1304     05EF  00F8               	movwf	display@data
  1305     05F0                     l852:
  1306                           
  1307                           ;ssd.c: 23: void display(unsigned char data[]);ssd.c: 24: {;ssd.c: 25:     unsigned char
      +                           digit ;;ssd.c: 27:     for (digit = 0; digit < 4; digit++)
  1308     05F0  01F9               	clrf	display@digit
  1309     05F1                     l858:
  1310                           
  1311                           ;ssd.c: 28:     {;ssd.c: 29:         PORTD = data[digit];
  1312     05F1  0879               	movf	display@digit,w
  1313     05F2  0778               	addwf	display@data,w
  1314     05F3  00F0               	movwf	??_display
  1315     05F4  0870               	movf	??_display,w
  1316     05F5  0084               	movwf	4
  1317     05F6  1383               	bcf	3,7	;select IRP bank0
  1318     05F7  0800               	movf	0,w
  1319     05F8  1283               	bcf	3,5	;RP0=0, select bank0
  1320     05F9  1303               	bcf	3,6	;RP1=0, select bank0
  1321     05FA  0088               	movwf	8	;volatile
  1322     05FB                     l860:
  1323                           
  1324                           ;ssd.c: 30:         PORTA = (PORTA & 0xC3) | (0x04 << digit);
  1325     05FB  3004               	movlw	4
  1326     05FC  00F0               	movwf	??_display
  1327     05FD  0A79               	incf	display@digit,w
  1328     05FE  2E01               	goto	u384
  1329     05FF                     u385:
  1330     05FF  1003               	clrc
  1331     0600  0DF0               	rlf	??_display,f
  1332     0601                     u384:
  1333     0601  3EFF               	addlw	-1
  1334     0602  1D03               	skipz
  1335     0603  2DFF               	goto	u385
  1336     0604  0805               	movf	5,w	;volatile
  1337     0605  39C3               	andlw	195
  1338     0606  0470               	iorwf	??_display,w
  1339     0607  0085               	movwf	5	;volatile
  1340     0608                     l862:
  1341                           
  1342                           ;ssd.c: 32:        for (unsigned long int wait = 400; wait--; );
  1343     0608  3000               	movlw	0
  1344     0609  00F7               	movwf	display@wait+3
  1345     060A  3000               	movlw	0
  1346     060B  00F6               	movwf	display@wait+2
  1347     060C  3001               	movlw	1
  1348     060D  00F5               	movwf	display@wait+1
  1349     060E  3090               	movlw	144
  1350     060F  00F4               	movwf	display@wait
  1351     0610                     l864:
  1352     0610  3001               	movlw	1
  1353     0611  00F0               	movwf	??_display
  1354     0612  3000               	movlw	0
  1355     0613  00F1               	movwf	??_display+1
  1356     0614  3000               	movlw	0
  1357     0615  00F2               	movwf	??_display+2
  1358     0616  3000               	movlw	0
  1359     0617  00F3               	movwf	??_display+3
  1360     0618  0870               	movf	??_display,w
  1361     0619  02F4               	subwf	display@wait,f
  1362     061A  0871               	movf	??_display+1,w
  1363     061B  1C03               	skipc
  1364     061C  0F71               	incfsz	??_display+1,w
  1365     061D  2E1F               	goto	u395
  1366     061E  2E20               	goto	u396
  1367     061F                     u395:
  1368     061F  02F5               	subwf	display@wait+1,f
  1369     0620                     u396:
  1370     0620  0872               	movf	??_display+2,w
  1371     0621  1C03               	skipc
  1372     0622  0F72               	incfsz	??_display+2,w
  1373     0623  2E25               	goto	u397
  1374     0624  2E26               	goto	u398
  1375     0625                     u397:
  1376     0625  02F6               	subwf	display@wait+2,f
  1377     0626                     u398:
  1378     0626  0873               	movf	??_display+3,w
  1379     0627  1C03               	skipc
  1380     0628  0F73               	incfsz	??_display+3,w
  1381     0629  2E2B               	goto	u399
  1382     062A  2E2C               	goto	u390
  1383     062B                     u399:
  1384     062B  02F7               	subwf	display@wait+3,f
  1385     062C                     u390:
  1386     062C  0A74               	incf	display@wait,w
  1387     062D  1D03               	skipz
  1388     062E  2E39               	goto	u401
  1389     062F  0A75               	incf	display@wait+1,w
  1390     0630  1D03               	skipz
  1391     0631  2E39               	goto	u401
  1392     0632  0A76               	incf	display@wait+2,w
  1393     0633  1D03               	skipz
  1394     0634  2E39               	goto	u401
  1395     0635  0A77               	incf	display@wait+3,w
  1396     0636  1D03               	btfss	3,2
  1397     0637  2E39               	goto	u401
  1398     0638  2E3A               	goto	u400
  1399     0639                     u401:
  1400     0639  2E10               	goto	l864
  1401     063A                     u400:
  1402     063A                     l866:
  1403                           
  1404                           ;ssd.c: 33:     }
  1405     063A  3001               	movlw	1
  1406     063B  00F0               	movwf	??_display
  1407     063C  0870               	movf	??_display,w
  1408     063D  07F9               	addwf	display@digit,f
  1409     063E                     l868:
  1410     063E  3004               	movlw	4
  1411     063F  0279               	subwf	display@digit,w
  1412     0640  1C03               	skipc
  1413     0641  2E43               	goto	u411
  1414     0642  2E44               	goto	u410
  1415     0643                     u411:
  1416     0643  2DF1               	goto	l858
  1417     0644                     u410:
  1418     0644                     l51:
  1419     0644  0008               	return
  1420     0645                     __end_of_display:
  1421                           
  1422                           	psect	text5
  1423     05B5                     __ptext5:	
  1424 ;; *************** function ___lwmod *****************
  1425 ;; Defined at:
  1426 ;;		line 5 in file "C:\Program Files\Microchip\xc8\v2.40\pic\sources\c90\common\lwmod.c"
  1427 ;; Parameters:    Size  Location     Type
  1428 ;;  divisor         2    0[COMMON] unsigned int 
  1429 ;;  dividend        2    2[COMMON] unsigned int 
  1430 ;; Auto vars:     Size  Location     Type
  1431 ;;  counter         1    5[COMMON] unsigned char 
  1432 ;; Return value:  Size  Location     Type
  1433 ;;                  2    0[COMMON] unsigned int 
  1434 ;; Registers used:
  1435 ;;		wreg, status,2, status,0
  1436 ;; Tracked objects:
  1437 ;;		On entry : 0/0
  1438 ;;		On exit  : 0/0
  1439 ;;		Unchanged: 0/0
  1440 ;; Data sizes:     COMMON   BANK0   BANK1   BANK3   BANK2
  1441 ;;      Params:         4       0       0       0       0
  1442 ;;      Locals:         1       0       0       0       0
  1443 ;;      Temps:          1       0       0       0       0
  1444 ;;      Totals:         6       0       0       0       0
  1445 ;;Total ram usage:        6 bytes
  1446 ;; Hardware stack levels used: 1
  1447 ;; This function calls:
  1448 ;;		Nothing
  1449 ;; This function is called by:
  1450 ;;		_main
  1451 ;; This function uses a non-reentrant model
  1452 ;;
  1453                           
  1454     05B5                     ___lwmod:	
  1455                           ;psect for function ___lwmod
  1456                           
  1457     05B5                     l870:	
  1458                           ;incstack = 0
  1459                           ; Regs used in ___lwmod: [wreg+status,2+status,0]
  1460                           
  1461     05B5  0870               	movf	___lwmod@divisor,w
  1462     05B6  0471               	iorwf	___lwmod@divisor+1,w
  1463     05B7  1903               	btfsc	3,2
  1464     05B8  2DBA               	goto	u421
  1465     05B9  2DBB               	goto	u420
  1466     05BA                     u421:
  1467     05BA  2DEA               	goto	l888
  1468     05BB                     u420:
  1469     05BB                     l872:
  1470     05BB  01F5               	clrf	___lwmod@counter
  1471     05BC  0AF5               	incf	___lwmod@counter,f
  1472     05BD  2DC9               	goto	l878
  1473     05BE                     l874:
  1474     05BE  3001               	movlw	1
  1475     05BF                     u435:
  1476     05BF  1003               	clrc
  1477     05C0  0DF0               	rlf	___lwmod@divisor,f
  1478     05C1  0DF1               	rlf	___lwmod@divisor+1,f
  1479     05C2  3EFF               	addlw	-1
  1480     05C3  1D03               	skipz
  1481     05C4  2DBF               	goto	u435
  1482     05C5                     l876:
  1483     05C5  3001               	movlw	1
  1484     05C6  00F4               	movwf	??___lwmod
  1485     05C7  0874               	movf	??___lwmod,w
  1486     05C8  07F5               	addwf	___lwmod@counter,f
  1487     05C9                     l878:
  1488     05C9  1FF1               	btfss	___lwmod@divisor+1,7
  1489     05CA  2DCC               	goto	u441
  1490     05CB  2DCD               	goto	u440
  1491     05CC                     u441:
  1492     05CC  2DBE               	goto	l874
  1493     05CD                     u440:
  1494     05CD                     l880:
  1495     05CD  0871               	movf	___lwmod@divisor+1,w
  1496     05CE  0273               	subwf	___lwmod@dividend+1,w
  1497     05CF  1D03               	skipz
  1498     05D0  2DD3               	goto	u455
  1499     05D1  0870               	movf	___lwmod@divisor,w
  1500     05D2  0272               	subwf	___lwmod@dividend,w
  1501     05D3                     u455:
  1502     05D3  1C03               	skipc
  1503     05D4  2DD6               	goto	u451
  1504     05D5  2DD7               	goto	u450
  1505     05D6                     u451:
  1506     05D6  2DDD               	goto	l884
  1507     05D7                     u450:
  1508     05D7                     l882:
  1509     05D7  0870               	movf	___lwmod@divisor,w
  1510     05D8  02F2               	subwf	___lwmod@dividend,f
  1511     05D9  0871               	movf	___lwmod@divisor+1,w
  1512     05DA  1C03               	skipc
  1513     05DB  03F3               	decf	___lwmod@dividend+1,f
  1514     05DC  02F3               	subwf	___lwmod@dividend+1,f
  1515     05DD                     l884:
  1516     05DD  3001               	movlw	1
  1517     05DE                     u465:
  1518     05DE  1003               	clrc
  1519     05DF  0CF1               	rrf	___lwmod@divisor+1,f
  1520     05E0  0CF0               	rrf	___lwmod@divisor,f
  1521     05E1  3EFF               	addlw	-1
  1522     05E2  1D03               	skipz
  1523     05E3  2DDE               	goto	u465
  1524     05E4                     l886:
  1525     05E4  3001               	movlw	1
  1526     05E5  02F5               	subwf	___lwmod@counter,f
  1527     05E6  1D03               	btfss	3,2
  1528     05E7  2DE9               	goto	u471
  1529     05E8  2DEA               	goto	u470
  1530     05E9                     u471:
  1531     05E9  2DCD               	goto	l880
  1532     05EA                     u470:
  1533     05EA                     l888:
  1534     05EA  0873               	movf	___lwmod@dividend+1,w
  1535     05EB  00F1               	movwf	?___lwmod+1
  1536     05EC  0872               	movf	___lwmod@dividend,w
  1537     05ED  00F0               	movwf	?___lwmod
  1538     05EE                     l436:
  1539     05EE  0008               	return
  1540     05EF                     __end_of___lwmod:
  1541     007E                     btemp	set	126	;btemp
  1542     007E                     wtemp0	set	126
  1543                           
  1544                           	psect	config
  1545                           
  1546                           ;Config register CONFIG @ 0x2007
  1547                           ;	Oscillator Selection bits
  1548                           ;	FOSC = 0x3, unprogrammed default
  1549                           ;	Watchdog Timer Enable bit
  1550                           ;	WDTE = OFF, WDT disabled
  1551                           ;	Power-up Timer Enable bit
  1552                           ;	PWRTE = 0x1, unprogrammed default
  1553                           ;	Brown-out Reset Enable bit
  1554                           ;	BOREN = 0x1, unprogrammed default
  1555                           ;	Low-Voltage (Single-Supply) In-Circuit Serial Programming Enable bit
  1556                           ;	LVP = 0x1, unprogrammed default
  1557                           ;	Data EEPROM Memory Code Protection bit
  1558                           ;	CPD = 0x1, unprogrammed default
  1559                           ;	Flash Program Memory Write Enable bits
  1560                           ;	WRT = 0x3, unprogrammed default
  1561                           ;	In-Circuit Debugger Mode bit
  1562                           ;	DEBUG = 0x1, unprogrammed default
  1563                           ;	Flash Program Memory Code Protection bit
  1564                           ;	CP = 0x1, unprogrammed default
  1565     2007                     	org	8199
  1566     2007  3FFB               	dw	16379

Data Sizes:
    Strings     0
    Constant    0
    Data        17
    BSS         0
    Persistent  0
    Stack       0

Auto Spaces:
    Space          Size  Autos    Used
    COMMON           14     12      13
    BANK0            80     19      35
    BANK1            80      0       0
    BANK3            96      0       0
    BANK2            96      0       0

Pointer List with Targets:

    display@data	PTR unsigned char  size(1) Largest target is 4
		 -> main@ssd(BANK0[4]), 


Critical Paths under _main in COMMON

    _main->_display

Critical Paths under _main in BANK0

    None.

Critical Paths under _main in BANK1

    None.

Critical Paths under _main in BANK3

    None.

Critical Paths under _main in BANK2

    None.

Call Graph Tables:

 ---------------------------------------------------------------------------------
 (Depth) Function   	        Calls       Base Space   Used Autos Params    Refs
 ---------------------------------------------------------------------------------
 (0) _main                                                21    21      0    2356
                                             10 COMMON     2     2      0
                                              0 BANK0     19    19      0
                            ___lwmod
                            _display
                        _init_config
                _read_digital_keypad
 ---------------------------------------------------------------------------------
 (1) _read_digital_keypad                                  2     2      0      22
                                              0 COMMON     2     2      0
 ---------------------------------------------------------------------------------
 (1) _init_config                                          0     0      0       0
                           _init_ssd
 ---------------------------------------------------------------------------------
 (2) _init_ssd                                             0     0      0       0
 ---------------------------------------------------------------------------------
 (1) _display                                             10    10      0     168
                                              0 COMMON    10    10      0
 ---------------------------------------------------------------------------------
 (1) ___lwmod                                              6     2      4    1375
                                              0 COMMON     6     2      4
 ---------------------------------------------------------------------------------
 Estimated maximum stack depth 2
 ---------------------------------------------------------------------------------

 Call Graph Graphs:

 _main (ROOT)
   ___lwmod
   _display
   _init_config
     _init_ssd
   _read_digital_keypad

 Address spaces:
Name               Size   Autos  Total    Cost      Usage
BANK3               60      0       0       9        0.0%
BITBANK3            60      0       0       8        0.0%
SFR3                 0      0       0       4        0.0%
BITSFR3              0      0       0       4        0.0%
BANK2               60      0       0      11        0.0%
BITBANK2            60      0       0      10        0.0%
SFR2                 0      0       0       5        0.0%
BITSFR2              0      0       0       5        0.0%
BANK1               50      0       0       7        0.0%
BITBANK1            50      0       0       6        0.0%
SFR1                 0      0       0       2        0.0%
BITSFR1              0      0       0       2        0.0%
BANK0               50     13      23       5       43.8%
BITBANK0            50      0       0       4        0.0%
SFR0                 0      0       0       1        0.0%
BITSFR0              0      0       0       1        0.0%
COMMON               E      C       D       1       92.9%
BITCOMMON            E      0       0       0        0.0%
CODE                 0      0       0       0        0.0%
DATA                 0      0      30      12        0.0%
ABS                  0      0      30       3        0.0%
NULL                 0      0       0       0        0.0%
STACK                0      0       0       2        0.0%
EEDATA             100      0       0       0        0.0%


Microchip Technology PIC Macro Assembler V2.40 build 20220703182018 
Symbol Table                                                                                   Thu Sep 15 22:02:35 2022

                          pc 0002                           l20 068F                           l13 055B  
                         l22 06AB                           l24 06C9                           l51 0644  
                         l43 0567                           l64 05B4                           fsr 0004  
                        l436 05EE                          l820 0562                          l900 0654  
                        l822 0556                          l910 0667                          l902 0658  
                        l816 055C                          l832 0596                          l824 058C  
                        l920 06A9                          l912 066D                          l904 065A  
                        l818 055F                          l834 05A1                          l826 0591  
                        l930 06D1                          l922 06AD                          l914 067B  
                        l906 065C                          l860 05FB                          l852 05F0  
                        l836 05A6                          l844 05A8                          l940 0714  
                        l932 06D7                          l924 06B3                          l916 0681  
                        l908 065E                          l870 05B5                          l862 0608  
                        l846 05B1                          l950 0758                          l942 072D  
                        l934 06E4                          l926 06C7                          l918 0695  
                        l880 05CD                          l872 05BB                          l864 0610  
                        l848 05B3                          l960 07B5                          l952 0765  
                        l944 0746                          l936 06E6                          l928 06CB  
                        l882 05D7                          l874 05BE                          l866 063A  
                        l858 05F1                          l962 07CF                          l954 0767  
                        l938 06FB                          l946 074C                          l884 05DD  
                        l876 05C5                          l868 063E                          l964 07D5  
                        l956 0781                          l948 0752                          l892 0645  
                        l886 05E4                          l878 05C9                          l966 07DC  
                        l958 079B                          l894 064B                          l888 05EA  
                        l968 07DE                          l896 064D                          l898 064F  
                        u400 063A                          u401 0639                          u410 0644  
                        u411 0643                          u420 05BB                          u340 0591  
                        u500 0688                          u421 05BA                          u341 0590  
                        u501 0686                          u350 05A1                          u510 0689  
                        u351 05A0                          u440 05CD                          u360 05A6  
                        u600 06D1                          u520 0695                          u441 05CC  
                        u361 05A5                          u601 06D0                          u521 0694  
                        u450 05D7                          u370 05B1                          u610 06D7  
                        u530 069C                          u451 05D6                          u435 05BF  
                        u371 05B0                          u611 06D6                          u531 069A  
                        u620 06E4                          u540 069D                          u621 06E3  
                        u470 05EA                          u390 062C                          u630 0752  
                        u550 06A9                          u471 05E9                          u455 05D3  
                        u631 0751                          u551 06A8                          u384 0601  
                        u640 0758                          u560 06B3                          u480 066D  
                        u465 05DE                          u385 05FF                          u641 0757  
                        u561 06B2                          u481 066C                          u650 0765  
                        u570 06BA                          u490 0681                          u395 061F  
                        u651 0764                          u571 06B8                          u491 0680  
                        u396 0620                          u660 07DC                          u580 06BB  
                        u397 0625                          u661 07DB                          u398 0626  
                        u590 06C7                          u399 062B                          u591 06C6  
                        _ssd 003F                          fsr0 0004                          indf 0000  
      ??_read_digital_keypad 0070                  display@data 0078                  display@wait 0074  
                       _main 0645                         btemp 007E                         start 0000  
                      ?_main 0070              __end_of___lwmod 05EF                 ?_init_config 0070  
                      _PORTA 0005                        _PORTB 0006                        _PORTD 0008  
                      _TRISA 0085                        _TRISB 0086                        _TRISD 0088  
               display@digit 0079              __end_of_display 0645                        _digit 0033  
                      main@i 002F                        main@j 0031                        pclath 000A  
                      status 0003                        wtemp0 007E              __initialization 07E8  
               __end_of_main 07E8                       ??_main 007A                main@left_flag 002B  
                  ??___lwmod 0074             __end_of_init_ssd 0568                    ??_display 0070  
               __pdataCOMMON 007C      __end_of__initialization 07FC               __pcstackCOMMON 0070  
               __pidataBANK0 0568                   __pmaintext 0645  __end_of_read_digital_keypad 05B5  
                  ?_init_ssd 0070                      ___lwmod 05B5                      __ptext1 058B  
                    __ptext2 0556                      __ptext3 055C                      __ptext4 05EF  
                    __ptext5 05B5                      _display 05EF               main@right_flag 002D  
                    main@key 0026                      main@ssd 0027         end_of_initialization 07FC  
                 ??_init_ssd 0070                __pidataCOMMON 0555          start_initialization 07E8  
                 init_fetch0 0578                  __pdataBANK0 0033                ??_init_config 0070  
                  ___latbits 0002                __pcstackBANK0 0020                     ?___lwmod 0070  
                   ?_display 0070          __end_of_init_config 055C                    main@count 0020  
                _init_config 0556                     _init_ssd 055C      read_digital_keypad@mode 0071  
    read_digital_keypad@once 007C                     main@flag 0024                     main@wait 0022  
                   init_ram0 057C             ___lwmod@dividend 0072          _read_digital_keypad 058B  
            ___lwmod@divisor 0070              ___lwmod@counter 0075         ?_read_digital_keypad 0070  
