

Microchip MPLAB XC8 Assembler V2.40 build 20220703182018 
                                                                                               Fri Aug 26 21:17:00 2022

Microchip MPLAB XC8 C Compiler v2.40 (Free license) build 20220703182018 Og1 
     1                           	processor	16F877A
     2                           	pagewidth 120
     3                           	opt	flic
     4                           	psect	idataCOMMON,global,class=CODE,delta=2,noexec
     5                           	psect	cinit,global,class=CODE,merge=1,delta=2
     6                           	psect	bssCOMMON,global,class=COMMON,space=1,delta=1,noexec
     7                           	psect	dataCOMMON,global,class=COMMON,space=1,delta=1,noexec
     8                           	psect	cstackCOMMON,global,class=COMMON,space=1,delta=1,noexec
     9                           	psect	maintext,global,class=CODE,split=1,delta=2
    10                           	psect	text1,local,class=CODE,merge=1,delta=2
    11                           	psect	text2,local,class=CODE,merge=1,delta=2
    12                           	psect	text3,local,class=CODE,merge=1,delta=2
    13                           	psect	text4,local,class=CODE,merge=1,delta=2
    14                           	psect	config,global,abs,ovrld,class=CONFIG,space=4,delta=2,noexec
    15                           	dabs	1,0x7E,2
    16     0000                     
    17                           ; Version 2.20
    18                           ; Generated 12/02/2020 GMT
    19                           ; 
    20                           ; Copyright © 2020, Microchip Technology Inc. and its subsidiaries ("Microchip")
    21                           ; All rights reserved.
    22                           ; 
    23                           ; This software is developed by Microchip Technology Inc. and its subsidiaries ("Microch
      +                          ip").
    24                           ; 
    25                           ; Redistribution and use in source and binary forms, with or without modification, are
    26                           ; permitted provided that the following conditions are met:
    27                           ; 
    28                           ;     1. Redistributions of source code must retain the above copyright notice, this lis
      +                          t of
    29                           ;        conditions and the following disclaimer.
    30                           ; 
    31                           ;     2. Redistributions in binary form must reproduce the above copyright notice, this 
      +                          list
    32                           ;        of conditions and the following disclaimer in the documentation and/or other
    33                           ;        materials provided with the distribution.
    34                           ; 
    35                           ;     3. Microchip's name may not be used to endorse or promote products derived from th
      +                          is
    36                           ;        software without specific prior written permission.
    37                           ; 
    38                           ; THIS SOFTWARE IS PROVIDED BY MICROCHIP "AS IS" AND ANY EXPRESS OR IMPLIED WARRANTIES,
    39                           ; INCLUDING, BUT NOT LIMITED TO, THE IMPLIED WARRANTIES OF MERCHANTABILITY AND FITNESS F
      +                          OR
    40                           ; PURPOSE ARE DISCLAIMED.  IN NO EVENT SHALL MICROCHIP BE LIABLE FOR ANY DIRECT, INDIREC
      +                          T,
    41                           ; INCIDENTAL, SPECIAL, EXEMPLARY, OR CONSEQUENTIAL DAMAGES (INCLUDING BUT NOT LIMITED TO
    42                           ; PROCUREMENT OF SUBSTITUTE GOODS OR SERVICES; LOSS OF USE, DATA OR PROFITS; OR BUSINESS
    43                           ; INTERRUPTION) HOWSOEVER CAUSED AND ON ANY THEORY OF LIABILITY, WHETHER IN CONTRACT, ST
      +                          RICT
    44                           ; LIABILITY, OR TORT (INCLUDING NEGLIGENCE OR OTHERWISE) ARISING IN ANY WAY OUT OF THE U
      +                          SE OF
    45                           ; THIS SOFTWARE, EVEN IF ADVISED OF THE POSSIBILITY OF SUCH DAMAGE.
    46                           ; 
    47                           ; 
    48                           ; Code-generator required, PIC16F877A Definitions
    49                           ; 
    50                           ; SFR Addresses
    51     0000                     	;# 
    52     0001                     	;# 
    53     0002                     	;# 
    54     0003                     	;# 
    55     0004                     	;# 
    56     0005                     	;# 
    57     0006                     	;# 
    58     0007                     	;# 
    59     0008                     	;# 
    60     0009                     	;# 
    61     000A                     	;# 
    62     000B                     	;# 
    63     000C                     	;# 
    64     000D                     	;# 
    65     000E                     	;# 
    66     000E                     	;# 
    67     000F                     	;# 
    68     0010                     	;# 
    69     0011                     	;# 
    70     0012                     	;# 
    71     0013                     	;# 
    72     0014                     	;# 
    73     0015                     	;# 
    74     0015                     	;# 
    75     0016                     	;# 
    76     0017                     	;# 
    77     0018                     	;# 
    78     0019                     	;# 
    79     001A                     	;# 
    80     001B                     	;# 
    81     001B                     	;# 
    82     001C                     	;# 
    83     001D                     	;# 
    84     001E                     	;# 
    85     001F                     	;# 
    86     0081                     	;# 
    87     0085                     	;# 
    88     0086                     	;# 
    89     0087                     	;# 
    90     0088                     	;# 
    91     0089                     	;# 
    92     008C                     	;# 
    93     008D                     	;# 
    94     008E                     	;# 
    95     0091                     	;# 
    96     0092                     	;# 
    97     0093                     	;# 
    98     0094                     	;# 
    99     0098                     	;# 
   100     0099                     	;# 
   101     009C                     	;# 
   102     009D                     	;# 
   103     009E                     	;# 
   104     009F                     	;# 
   105     010C                     	;# 
   106     010D                     	;# 
   107     010E                     	;# 
   108     010F                     	;# 
   109     018C                     	;# 
   110     018D                     	;# 
   111     0000                     	;# 
   112     0001                     	;# 
   113     0002                     	;# 
   114     0003                     	;# 
   115     0004                     	;# 
   116     0005                     	;# 
   117     0006                     	;# 
   118     0007                     	;# 
   119     0008                     	;# 
   120     0009                     	;# 
   121     000A                     	;# 
   122     000B                     	;# 
   123     000C                     	;# 
   124     000D                     	;# 
   125     000E                     	;# 
   126     000E                     	;# 
   127     000F                     	;# 
   128     0010                     	;# 
   129     0011                     	;# 
   130     0012                     	;# 
   131     0013                     	;# 
   132     0014                     	;# 
   133     0015                     	;# 
   134     0015                     	;# 
   135     0016                     	;# 
   136     0017                     	;# 
   137     0018                     	;# 
   138     0019                     	;# 
   139     001A                     	;# 
   140     001B                     	;# 
   141     001B                     	;# 
   142     001C                     	;# 
   143     001D                     	;# 
   144     001E                     	;# 
   145     001F                     	;# 
   146     0081                     	;# 
   147     0085                     	;# 
   148     0086                     	;# 
   149     0087                     	;# 
   150     0088                     	;# 
   151     0089                     	;# 
   152     008C                     	;# 
   153     008D                     	;# 
   154     008E                     	;# 
   155     0091                     	;# 
   156     0092                     	;# 
   157     0093                     	;# 
   158     0094                     	;# 
   159     0098                     	;# 
   160     0099                     	;# 
   161     009C                     	;# 
   162     009D                     	;# 
   163     009E                     	;# 
   164     009F                     	;# 
   165     010C                     	;# 
   166     010D                     	;# 
   167     010E                     	;# 
   168     010F                     	;# 
   169     018C                     	;# 
   170     018D                     	;# 
   171     0000                     	;# 
   172     0001                     	;# 
   173     0002                     	;# 
   174     0003                     	;# 
   175     0004                     	;# 
   176     0005                     	;# 
   177     0006                     	;# 
   178     0007                     	;# 
   179     0008                     	;# 
   180     0009                     	;# 
   181     000A                     	;# 
   182     000B                     	;# 
   183     000C                     	;# 
   184     000D                     	;# 
   185     000E                     	;# 
   186     000E                     	;# 
   187     000F                     	;# 
   188     0010                     	;# 
   189     0011                     	;# 
   190     0012                     	;# 
   191     0013                     	;# 
   192     0014                     	;# 
   193     0015                     	;# 
   194     0015                     	;# 
   195     0016                     	;# 
   196     0017                     	;# 
   197     0018                     	;# 
   198     0019                     	;# 
   199     001A                     	;# 
   200     001B                     	;# 
   201     001B                     	;# 
   202     001C                     	;# 
   203     001D                     	;# 
   204     001E                     	;# 
   205     001F                     	;# 
   206     0081                     	;# 
   207     0085                     	;# 
   208     0086                     	;# 
   209     0087                     	;# 
   210     0088                     	;# 
   211     0089                     	;# 
   212     008C                     	;# 
   213     008D                     	;# 
   214     008E                     	;# 
   215     0091                     	;# 
   216     0092                     	;# 
   217     0093                     	;# 
   218     0094                     	;# 
   219     0098                     	;# 
   220     0099                     	;# 
   221     009C                     	;# 
   222     009D                     	;# 
   223     009E                     	;# 
   224     009F                     	;# 
   225     010C                     	;# 
   226     010D                     	;# 
   227     010E                     	;# 
   228     010F                     	;# 
   229     018C                     	;# 
   230     018D                     	;# 
   231                           
   232                           	psect	idataCOMMON
   233     0606                     __pidataCOMMON:
   234                           
   235                           ;initializer for read_digital_keypad@once
   236     0606  3401               	retlw	1
   237     0008                     _PORTD	set	8
   238     0006                     _PORTB	set	6
   239     0088                     _TRISD	set	136
   240     0086                     _TRISB	set	134
   241                           
   242                           	psect	cinit
   243     07EF                     start_initialization:	
   244                           ; #config settings
   245                           
   246     07EF                     __initialization:
   247                           
   248                           ; Initialize objects allocated to COMMON
   249     07EF  120A  118A  2606  120A  118A  	fcall	__pidataCOMMON	;fetch initializer
   250     07F4  00FB               	movwf	__pdataCOMMON& (0+127)
   251                           
   252                           ; Clear objects allocated to COMMON
   253     07F5  01F0               	clrf	__pbssCOMMON& (0+127)
   254     07F6  01F1               	clrf	(__pbssCOMMON+1)& (0+127)
   255     07F7  01F2               	clrf	(__pbssCOMMON+2)& (0+127)
   256     07F8  01F3               	clrf	(__pbssCOMMON+3)& (0+127)
   257     07F9  01F4               	clrf	(__pbssCOMMON+4)& (0+127)
   258     07FA  01F5               	clrf	(__pbssCOMMON+5)& (0+127)
   259     07FB  01F6               	clrf	(__pbssCOMMON+6)& (0+127)
   260     07FC                     end_of_initialization:	
   261                           ;End of C runtime variable initialization code
   262                           
   263     07FC                     __end_of__initialization:
   264     07FC  0183               	clrf	3
   265     07FD  120A  118A  2E19   	ljmp	_main	;jump to C main() function
   266                           
   267                           	psect	bssCOMMON
   268     0070                     __pbssCOMMON:
   269     0070                     glow_on_press@j:
   270     0070                     	ds	2
   271     0072                     glow_on_press@i:
   272     0072                     	ds	2
   273     0074                     glow_on_press@wait:
   274     0074                     	ds	2
   275     0076                     glow_on_press@flag:
   276     0076                     	ds	1
   277                           
   278                           	psect	dataCOMMON
   279     007B                     __pdataCOMMON:
   280     007B                     read_digital_keypad@once:
   281     007B                     	ds	1
   282                           
   283                           	psect	cstackCOMMON
   284     0077                     __pcstackCOMMON:
   285     0077                     ?_glow_on_press:
   286     0077                     ??_glow_on_press:	
   287                           ; 1 bytes @ 0x0
   288                           
   289     0077                     ?_init_digital_keypad:	
   290                           ; 1 bytes @ 0x0
   291                           
   292     0077                     ??_init_digital_keypad:	
   293                           ; 1 bytes @ 0x0
   294                           
   295     0077                     ?_read_digital_keypad:	
   296                           ; 1 bytes @ 0x0
   297                           
   298     0077                     ??_read_digital_keypad:	
   299                           ; 1 bytes @ 0x0
   300                           
   301     0077                     ?_init_config:	
   302                           ; 1 bytes @ 0x0
   303                           
   304     0077                     ??_init_config:	
   305                           ; 1 bytes @ 0x0
   306                           
   307     0077                     ?_main:	
   308                           ; 1 bytes @ 0x0
   309                           
   310                           
   311                           ; 1 bytes @ 0x0
   312     0077                     	ds	1
   313     0078                     read_digital_keypad@mode:
   314     0078                     glow_on_press@key:	
   315                           ; 1 bytes @ 0x1
   316                           
   317                           
   318                           ; 1 bytes @ 0x1
   319     0078                     	ds	1
   320     0079                     ??_main:
   321     0079                     main@key_copy:	
   322                           ; 1 bytes @ 0x2
   323                           
   324                           
   325                           ; 1 bytes @ 0x2
   326     0079                     	ds	1
   327     007A                     main@key:
   328                           
   329                           ; 1 bytes @ 0x3
   330     007A                     	ds	1
   331                           
   332                           	psect	maintext
   333     0619                     __pmaintext:	
   334 ;;
   335 ;;Main: autosize = 0, tempsize = 0, incstack = 0, save=0
   336 ;;
   337 ;; *************** function _main *****************
   338 ;; Defined at:
   339 ;;		line 28 in file "main.c"
   340 ;; Parameters:    Size  Location     Type
   341 ;;		None
   342 ;; Auto vars:     Size  Location     Type
   343 ;;  key             1    3[COMMON] unsigned char 
   344 ;;  key_copy        1    2[COMMON] unsigned char 
   345 ;; Return value:  Size  Location     Type
   346 ;;                  1    wreg      void 
   347 ;; Registers used:
   348 ;;		wreg, status,2, status,0, pclath, cstack
   349 ;; Tracked objects:
   350 ;;		On entry : B00/0
   351 ;;		On exit  : 0/0
   352 ;;		Unchanged: 0/0
   353 ;; Data sizes:     COMMON   BANK0   BANK1   BANK3   BANK2
   354 ;;      Params:         0       0       0       0       0
   355 ;;      Locals:         2       0       0       0       0
   356 ;;      Temps:          0       0       0       0       0
   357 ;;      Totals:         2       0       0       0       0
   358 ;;Total ram usage:        2 bytes
   359 ;; Hardware stack levels required when called: 2
   360 ;; This function calls:
   361 ;;		_glow_on_press
   362 ;;		_init_config
   363 ;;		_read_digital_keypad
   364 ;; This function is called by:
   365 ;;		Startup code after reset
   366 ;; This function uses a non-reentrant model
   367 ;;
   368                           
   369     0619                     _main:	
   370                           ;psect for function _main
   371                           
   372     0619                     l817:	
   373                           ;incstack = 0
   374                           ; Regs used in _main: [wreg+status,2+status,0+pclath+cstack]
   375                           
   376                           
   377                           ;main.c: 30:     }
   378     0619  301F               	movlw	31
   379     061A  00F9               	movwf	main@key_copy
   380     061B                     l819:
   381                           
   382                           ;main.c: 32:     return;
   383     061B  120A  118A  260D  120A  118A  	fcall	_init_config
   384     0620                     l821:
   385                           
   386                           ;main.c: 37: 
   387     0620  3001               	movlw	1
   388     0621  120A  118A  2642  120A  118A  	fcall	_read_digital_keypad
   389     0626  00FA               	movwf	main@key
   390     0627                     l823:
   391                           
   392                           ;main.c: 40:     wait++;
   393     0627  303F               	movlw	63
   394     0628  067A               	xorwf	main@key,w
   395     0629  1903               	btfsc	3,2
   396     062A  2E2C               	goto	u411
   397     062B  2E2D               	goto	u410
   398     062C                     u411:
   399     062C  2E38               	goto	l831
   400     062D                     u410:
   401     062D                     l825:
   402     062D  0879               	movf	main@key_copy,w
   403     062E  067A               	xorwf	main@key,w
   404     062F  1903               	skipnz
   405     0630  2E32               	goto	u421
   406     0631  2E33               	goto	u420
   407     0632                     u421:
   408     0632  2E38               	goto	l831
   409     0633                     u420:
   410     0633                     l827:
   411                           
   412                           ;main.c: 41:     static unsigned int i = 0;;main.c: 42:      static unsigned int j = 0;
   413     0633  1283               	bcf	3,5	;RP0=0, select bank0
   414     0634  1303               	bcf	3,6	;RP1=0, select bank0
   415     0635  0188               	clrf	8	;volatile
   416     0636                     l829:
   417                           
   418                           ;main.c: 43:     if(key == 0x3E)
   419     0636  087A               	movf	main@key,w
   420     0637  00F9               	movwf	main@key_copy
   421     0638                     l831:
   422                           
   423                           ;main.c: 45: 
   424     0638  0879               	movf	main@key_copy,w
   425     0639  120A  118A  266D  120A  118A  	fcall	_glow_on_press
   426     063E  2E20               	goto	l821
   427     063F  120A  118A  2800   	ljmp	start
   428     0642                     __end_of_main:
   429                           
   430                           	psect	text1
   431     0642                     __ptext1:	
   432 ;; *************** function _read_digital_keypad *****************
   433 ;; Defined at:
   434 ;;		line 16 in file "digital_keypad.c"
   435 ;; Parameters:    Size  Location     Type
   436 ;;  mode            1    wreg     unsigned char 
   437 ;; Auto vars:     Size  Location     Type
   438 ;;  mode            1    1[COMMON] unsigned char 
   439 ;; Return value:  Size  Location     Type
   440 ;;                  1    wreg      unsigned char 
   441 ;; Registers used:
   442 ;;		wreg, status,2, status,0
   443 ;; Tracked objects:
   444 ;;		On entry : 0/0
   445 ;;		On exit  : 0/0
   446 ;;		Unchanged: 0/0
   447 ;; Data sizes:     COMMON   BANK0   BANK1   BANK3   BANK2
   448 ;;      Params:         0       0       0       0       0
   449 ;;      Locals:         1       0       0       0       0
   450 ;;      Temps:          1       0       0       0       0
   451 ;;      Totals:         2       0       0       0       0
   452 ;;Total ram usage:        2 bytes
   453 ;; Hardware stack levels used: 1
   454 ;; This function calls:
   455 ;;		Nothing
   456 ;; This function is called by:
   457 ;;		_main
   458 ;; This function uses a non-reentrant model
   459 ;;
   460                           
   461     0642                     _read_digital_keypad:	
   462                           ;psect for function _read_digital_keypad
   463                           
   464                           
   465                           ;incstack = 0
   466                           ; Regs used in _read_digital_keypad: [wreg+status,2+status,0]
   467                           ;read_digital_keypad@mode stored from wreg
   468     0642  00F8               	movwf	read_digital_keypad@mode
   469     0643                     l675:
   470                           
   471                           ;digital_keypad.c: 16: unsigned char read_digital_keypad(unsigned char mode);digital_key
      +                          pad.c: 17: {;digital_keypad.c: 18:     static unsigned char once = 1;;digital_keypad.c: 
      +                          20:     if (mode == 0)
   472     0643  0878               	movf	read_digital_keypad@mode,w
   473     0644  1D03               	btfss	3,2
   474     0645  2E47               	goto	u11
   475     0646  2E48               	goto	u10
   476     0647                     u11:
   477     0647  2E4D               	goto	l683
   478     0648                     u10:
   479     0648                     l677:
   480                           
   481                           ;digital_keypad.c: 21:     {;digital_keypad.c: 22:         return PORTB & 0x3F;
   482     0648  1283               	bcf	3,5	;RP0=0, select bank0
   483     0649  1303               	bcf	3,6	;RP1=0, select bank0
   484     064A  0806               	movf	6,w	;volatile
   485     064B  393F               	andlw	63
   486     064C  2E6C               	goto	l15
   487     064D                     l683:
   488                           
   489                           ;digital_keypad.c: 25:     {;digital_keypad.c: 26:         if (((PORTB & 0x3F) != 0x3F) 
      +                          && once)
   490     064D  303F               	movlw	63
   491     064E  1283               	bcf	3,5	;RP0=0, select bank0
   492     064F  1303               	bcf	3,6	;RP1=0, select bank0
   493     0650  0506               	andwf	6,w	;volatile
   494     0651  00F7               	movwf	??_read_digital_keypad
   495     0652  303F               	movlw	63
   496     0653  0677               	xorwf	??_read_digital_keypad,w
   497     0654  1903               	btfsc	3,2
   498     0655  2E57               	goto	u21
   499     0656  2E58               	goto	u20
   500     0657                     u21:
   501     0657  2E60               	goto	l695
   502     0658                     u20:
   503     0658                     l685:
   504     0658  087B               	movf	read_digital_keypad@once,w
   505     0659  1903               	btfsc	3,2
   506     065A  2E5C               	goto	u31
   507     065B  2E5D               	goto	u30
   508     065C                     u31:
   509     065C  2E60               	goto	l695
   510     065D                     u30:
   511     065D                     l687:
   512                           
   513                           ;digital_keypad.c: 27:         {;digital_keypad.c: 28:             once = 0;
   514     065D  01FB               	clrf	read_digital_keypad@once
   515                           
   516                           ;digital_keypad.c: 29:             PORTD = 0x00;
   517     065E  0188               	clrf	8	;volatile
   518     065F  2E48               	goto	l677
   519     0660                     l695:
   520     0660  303F               	movlw	63
   521     0661  0506               	andwf	6,w	;volatile
   522     0662  00F7               	movwf	??_read_digital_keypad
   523     0663  303F               	movlw	63
   524     0664  0677               	xorwf	??_read_digital_keypad,w
   525     0665  1D03               	btfss	3,2
   526     0666  2E68               	goto	u41
   527     0667  2E69               	goto	u40
   528     0668                     u41:
   529     0668  2E6B               	goto	l699
   530     0669                     u40:
   531     0669                     l697:
   532                           
   533                           ;digital_keypad.c: 33:         {;digital_keypad.c: 34:             once = 1;
   534     0669  01FB               	clrf	read_digital_keypad@once
   535     066A  0AFB               	incf	read_digital_keypad@once,f
   536     066B                     l699:
   537                           
   538                           ;digital_keypad.c: 38:     return 0x3F;
   539     066B  303F               	movlw	63
   540     066C                     l15:
   541     066C  0008               	return
   542     066D                     __end_of_read_digital_keypad:
   543                           
   544                           	psect	text2
   545     060D                     __ptext2:	
   546 ;; *************** function _init_config *****************
   547 ;; Defined at:
   548 ;;		line 16 in file "main.c"
   549 ;; Parameters:    Size  Location     Type
   550 ;;		None
   551 ;; Auto vars:     Size  Location     Type
   552 ;;		None
   553 ;; Return value:  Size  Location     Type
   554 ;;                  1    wreg      void 
   555 ;; Registers used:
   556 ;;		wreg, status,2, status,0, pclath, cstack
   557 ;; Tracked objects:
   558 ;;		On entry : 0/0
   559 ;;		On exit  : 0/0
   560 ;;		Unchanged: 0/0
   561 ;; Data sizes:     COMMON   BANK0   BANK1   BANK3   BANK2
   562 ;;      Params:         0       0       0       0       0
   563 ;;      Locals:         0       0       0       0       0
   564 ;;      Temps:          0       0       0       0       0
   565 ;;      Totals:         0       0       0       0       0
   566 ;;Total ram usage:        0 bytes
   567 ;; Hardware stack levels used: 1
   568 ;; Hardware stack levels required when called: 1
   569 ;; This function calls:
   570 ;;		_init_digital_keypad
   571 ;; This function is called by:
   572 ;;		_main
   573 ;; This function uses a non-reentrant model
   574 ;;
   575                           
   576     060D                     _init_config:	
   577                           ;psect for function _init_config
   578                           
   579     060D                     l703:	
   580                           ;incstack = 0
   581                           ; Regs used in _init_config: [wreg+status,2+status,0+pclath+cstack]
   582                           
   583                           
   584                           ;main.c: 18:     while (1) {
   585     060D  1283               	bcf	3,5	;RP0=0, select bank0
   586     060E  1303               	bcf	3,6	;RP1=0, select bank0
   587     060F  0188               	clrf	8	;volatile
   588                           
   589                           ;main.c: 21:         key = read_digital_keypad(1);
   590     0610  1683               	bsf	3,5	;RP0=1, select bank1
   591     0611  1303               	bcf	3,6	;RP1=0, select bank1
   592     0612  0188               	clrf	8	;volatile
   593     0613                     l705:
   594                           
   595                           ;main.c: 24:         if (key != 0x3F && key_copy != key)
   596     0613  120A  118A  2607  120A  118A  	fcall	_init_digital_keypad
   597     0618                     l32:
   598     0618  0008               	return
   599     0619                     __end_of_init_config:
   600                           
   601                           	psect	text3
   602     0607                     __ptext3:	
   603 ;; *************** function _init_digital_keypad *****************
   604 ;; Defined at:
   605 ;;		line 10 in file "digital_keypad.c"
   606 ;; Parameters:    Size  Location     Type
   607 ;;		None
   608 ;; Auto vars:     Size  Location     Type
   609 ;;		None
   610 ;; Return value:  Size  Location     Type
   611 ;;                  1    wreg      void 
   612 ;; Registers used:
   613 ;;		wreg, status,2
   614 ;; Tracked objects:
   615 ;;		On entry : 0/0
   616 ;;		On exit  : 0/0
   617 ;;		Unchanged: 0/0
   618 ;; Data sizes:     COMMON   BANK0   BANK1   BANK3   BANK2
   619 ;;      Params:         0       0       0       0       0
   620 ;;      Locals:         0       0       0       0       0
   621 ;;      Temps:          0       0       0       0       0
   622 ;;      Totals:         0       0       0       0       0
   623 ;;Total ram usage:        0 bytes
   624 ;; Hardware stack levels used: 1
   625 ;; This function calls:
   626 ;;		Nothing
   627 ;; This function is called by:
   628 ;;		_init_config
   629 ;; This function uses a non-reentrant model
   630 ;;
   631                           
   632     0607                     _init_digital_keypad:	
   633                           ;psect for function _init_digital_keypad
   634                           
   635     0607                     l673:	
   636                           ;incstack = 0
   637                           ; Regs used in _init_digital_keypad: [wreg+status,2]
   638                           
   639                           
   640                           ;digital_keypad.c: 13:     TRISB = TRISB | 0x3F;
   641     0607  1683               	bsf	3,5	;RP0=1, select bank1
   642     0608  1303               	bcf	3,6	;RP1=0, select bank1
   643     0609  0806               	movf	6,w	;volatile
   644     060A  383F               	iorlw	63
   645     060B  0086               	movwf	6	;volatile
   646     060C                     l9:
   647     060C  0008               	return
   648     060D                     __end_of_init_digital_keypad:
   649                           
   650                           	psect	text4
   651     066D                     __ptext4:	
   652 ;; *************** function _glow_on_press *****************
   653 ;; Defined at:
   654 ;;		line 51 in file "main.c"
   655 ;; Parameters:    Size  Location     Type
   656 ;;  key             1    wreg     unsigned char 
   657 ;; Auto vars:     Size  Location     Type
   658 ;;  key             1    1[COMMON] unsigned char 
   659 ;; Return value:  Size  Location     Type
   660 ;;                  1    wreg      void 
   661 ;; Registers used:
   662 ;;		wreg, status,2, status,0
   663 ;; Tracked objects:
   664 ;;		On entry : 0/0
   665 ;;		On exit  : 0/0
   666 ;;		Unchanged: 0/0
   667 ;; Data sizes:     COMMON   BANK0   BANK1   BANK3   BANK2
   668 ;;      Params:         0       0       0       0       0
   669 ;;      Locals:         1       0       0       0       0
   670 ;;      Temps:          1       0       0       0       0
   671 ;;      Totals:         2       0       0       0       0
   672 ;;Total ram usage:        2 bytes
   673 ;; Hardware stack levels used: 1
   674 ;; This function calls:
   675 ;;		Nothing
   676 ;; This function is called by:
   677 ;;		_main
   678 ;; This function uses a non-reentrant model
   679 ;;
   680                           
   681     066D                     _glow_on_press:	
   682                           ;psect for function _glow_on_press
   683                           
   684                           
   685                           ;incstack = 0
   686                           ; Regs used in _glow_on_press: [wreg+status,2+status,0]
   687                           ;glow_on_press@key stored from wreg
   688     066D  00F8               	movwf	glow_on_press@key
   689     066E                     l707:
   690                           
   691                           ;main.c: 51: ;main.c: 52:            if( wait == 1000);main.c: 54:             wait = 0;
      +                          ;main.c: 55:             PORTD = PORTD | (1 << i) ;;main.c: 56:             i++;
   692     066E  3001               	movlw	1
   693     066F  07F4               	addwf	glow_on_press@wait,f
   694     0670  1803               	skipnc
   695     0671  0AF5               	incf	glow_on_press@wait+1,f
   696     0672  3000               	movlw	0
   697     0673  07F5               	addwf	glow_on_press@wait+1,f
   698     0674                     l709:
   699                           
   700                           ;main.c: 57:             };main.c: 58:         };main.c: 59:         else if(i >= 8 && i
      +                           < 16)
   701     0674  303E               	movlw	62
   702     0675  0678               	xorwf	glow_on_press@key,w
   703     0676  1D03               	btfss	3,2
   704     0677  2E79               	goto	u51
   705     0678  2E7A               	goto	u50
   706     0679                     u51:
   707     0679  2F39               	goto	l761
   708     067A                     u50:
   709     067A                     l711:
   710                           
   711                           ;main.c: 60:         {;main.c: 65:            PORTD = PORTD & ~(1 << (i - 8));
   712     067A  3000               	movlw	0
   713     067B  0273               	subwf	glow_on_press@i+1,w
   714     067C  3008               	movlw	8
   715     067D  1903               	skipnz
   716     067E  0272               	subwf	glow_on_press@i,w
   717     067F  1803               	skipnc
   718     0680  2E82               	goto	u61
   719     0681  2E83               	goto	u60
   720     0682                     u61:
   721     0682  2EA3               	goto	l721
   722     0683                     u60:
   723     0683                     l713:
   724                           
   725                           ;main.c: 66:             i++;;main.c: 68:         }
   726     0683  30E8               	movlw	232
   727     0684  0674               	xorwf	glow_on_press@wait,w
   728     0685  3003               	movlw	3
   729     0686  1903               	skipnz
   730     0687  0675               	xorwf	glow_on_press@wait+1,w
   731     0688  1D03               	btfss	3,2
   732     0689  2E8B               	goto	u71
   733     068A  2E8C               	goto	u70
   734     068B                     u71:
   735     068B  2F2F               	goto	l757
   736     068C                     u70:
   737     068C                     l715:
   738                           
   739                           ;main.c: 69:         else if(i >= 16 && i < 24);main.c: 70:         {
   740     068C  01F4               	clrf	glow_on_press@wait
   741     068D  01F5               	clrf	glow_on_press@wait+1
   742     068E                     l717:
   743                           
   744                           ;main.c: 71: 
   745     068E  3001               	movlw	1
   746     068F  00F7               	movwf	??_glow_on_press
   747     0690  0A72               	incf	glow_on_press@i,w
   748     0691  2E94               	goto	u84
   749     0692                     u85:
   750     0692  1003               	clrc
   751     0693  0DF7               	rlf	??_glow_on_press,f
   752     0694                     u84:
   753     0694  3EFF               	addlw	-1
   754     0695  1D03               	skipz
   755     0696  2E92               	goto	u85
   756     0697  0877               	movf	??_glow_on_press,w
   757     0698  1283               	bcf	3,5	;RP0=0, select bank0
   758     0699  1303               	bcf	3,6	;RP1=0, select bank0
   759     069A  0408               	iorwf	8,w	;volatile
   760     069B  0088               	movwf	8	;volatile
   761     069C                     l719:
   762                           
   763                           ;main.c: 72:             if( wait == 1000)
   764     069C  3001               	movlw	1
   765     069D  07F2               	addwf	glow_on_press@i,f
   766     069E  1803               	skipnc
   767     069F  0AF3               	incf	glow_on_press@i+1,f
   768     06A0  3000               	movlw	0
   769     06A1  07F3               	addwf	glow_on_press@i+1,f
   770     06A2  2F2F               	goto	l757
   771     06A3                     l721:
   772     06A3  3000               	movlw	0
   773     06A4  0273               	subwf	glow_on_press@i+1,w
   774     06A5  3008               	movlw	8
   775     06A6  1903               	skipnz
   776     06A7  0272               	subwf	glow_on_press@i,w
   777     06A8  1C03               	skipc
   778     06A9  2EAB               	goto	u91
   779     06AA  2EAC               	goto	u90
   780     06AB                     u91:
   781     06AB  2ED2               	goto	l733
   782     06AC                     u90:
   783     06AC                     l723:
   784     06AC  3000               	movlw	0
   785     06AD  0273               	subwf	glow_on_press@i+1,w
   786     06AE  3010               	movlw	16
   787     06AF  1903               	skipnz
   788     06B0  0272               	subwf	glow_on_press@i,w
   789     06B1  1803               	skipnc
   790     06B2  2EB4               	goto	u101
   791     06B3  2EB5               	goto	u100
   792     06B4                     u101:
   793     06B4  2ED2               	goto	l733
   794     06B5                     u100:
   795     06B5                     l725:
   796                           
   797                           ;main.c: 76:             i++;;main.c: 78:         }
   798     06B5  30E8               	movlw	232
   799     06B6  0674               	xorwf	glow_on_press@wait,w
   800     06B7  3003               	movlw	3
   801     06B8  1903               	skipnz
   802     06B9  0675               	xorwf	glow_on_press@wait+1,w
   803     06BA  1D03               	btfss	3,2
   804     06BB  2EBD               	goto	u111
   805     06BC  2EBE               	goto	u110
   806     06BD                     u111:
   807     06BD  2F2F               	goto	l757
   808     06BE                     u110:
   809     06BE                     l727:
   810                           
   811                           ;main.c: 79:         else if(i >= 24 && i < 32);main.c: 80:         {
   812     06BE  01F4               	clrf	glow_on_press@wait
   813     06BF  01F5               	clrf	glow_on_press@wait+1
   814     06C0                     l729:
   815                           
   816                           ;main.c: 81:             if( wait == 1000)
   817     06C0  3001               	movlw	1
   818     06C1  00F7               	movwf	??_glow_on_press
   819     06C2  0872               	movf	glow_on_press@i,w
   820     06C3  3EF8               	addlw	248
   821     06C4  3E01               	addlw	1
   822     06C5  2EC8               	goto	u124
   823     06C6                     u125:
   824     06C6  1003               	clrc
   825     06C7  0DF7               	rlf	??_glow_on_press,f
   826     06C8                     u124:
   827     06C8  3EFF               	addlw	-1
   828     06C9  1D03               	skipz
   829     06CA  2EC6               	goto	u125
   830     06CB  0877               	movf	??_glow_on_press,w
   831     06CC  3AFF               	xorlw	255
   832     06CD  1283               	bcf	3,5	;RP0=0, select bank0
   833     06CE  1303               	bcf	3,6	;RP1=0, select bank0
   834     06CF  0508               	andwf	8,w	;volatile
   835     06D0  0088               	movwf	8	;volatile
   836     06D1  2E9C               	goto	l719
   837     06D2                     l733:
   838     06D2  3000               	movlw	0
   839     06D3  0273               	subwf	glow_on_press@i+1,w
   840     06D4  3010               	movlw	16
   841     06D5  1903               	skipnz
   842     06D6  0272               	subwf	glow_on_press@i,w
   843     06D7  1C03               	skipc
   844     06D8  2EDA               	goto	u131
   845     06D9  2EDB               	goto	u130
   846     06DA                     u131:
   847     06DA  2F00               	goto	l745
   848     06DB                     u130:
   849     06DB                     l735:
   850     06DB  3000               	movlw	0
   851     06DC  0273               	subwf	glow_on_press@i+1,w
   852     06DD  3018               	movlw	24
   853     06DE  1903               	skipnz
   854     06DF  0272               	subwf	glow_on_press@i,w
   855     06E0  1803               	skipnc
   856     06E1  2EE3               	goto	u141
   857     06E2  2EE4               	goto	u140
   858     06E3                     u141:
   859     06E3  2F00               	goto	l745
   860     06E4                     u140:
   861     06E4                     l737:
   862                           
   863                           ;main.c: 86:             };main.c: 88:         if(i == 32)
   864     06E4  30E8               	movlw	232
   865     06E5  0674               	xorwf	glow_on_press@wait,w
   866     06E6  3003               	movlw	3
   867     06E7  1903               	skipnz
   868     06E8  0675               	xorwf	glow_on_press@wait+1,w
   869     06E9  1D03               	btfss	3,2
   870     06EA  2EEC               	goto	u151
   871     06EB  2EED               	goto	u150
   872     06EC                     u151:
   873     06EC  2F2F               	goto	l757
   874     06ED                     u150:
   875     06ED                     l739:
   876                           
   877                           ;main.c: 89:         {;main.c: 90:            i = 0;
   878     06ED  01F4               	clrf	glow_on_press@wait
   879     06EE  01F5               	clrf	glow_on_press@wait+1
   880     06EF                     l741:
   881                           
   882                           ;main.c: 91:         }
   883     06EF  3001               	movlw	1
   884     06F0  00F7               	movwf	??_glow_on_press
   885     06F1  0872               	movf	glow_on_press@i,w
   886     06F2  3C17               	sublw	23
   887     06F3  3E01               	addlw	1
   888     06F4  2EF7               	goto	u164
   889     06F5                     u165:
   890     06F5  1003               	clrc
   891     06F6  0DF7               	rlf	??_glow_on_press,f
   892     06F7                     u164:
   893     06F7  3EFF               	addlw	-1
   894     06F8  1D03               	skipz
   895     06F9  2EF5               	goto	u165
   896     06FA  0877               	movf	??_glow_on_press,w
   897     06FB  1283               	bcf	3,5	;RP0=0, select bank0
   898     06FC  1303               	bcf	3,6	;RP1=0, select bank0
   899     06FD  0408               	iorwf	8,w	;volatile
   900     06FE  0088               	movwf	8	;volatile
   901     06FF  2E9C               	goto	l719
   902     0700                     l745:
   903     0700  3000               	movlw	0
   904     0701  0273               	subwf	glow_on_press@i+1,w
   905     0702  3018               	movlw	24
   906     0703  1903               	skipnz
   907     0704  0272               	subwf	glow_on_press@i,w
   908     0705  1C03               	skipc
   909     0706  2F08               	goto	u171
   910     0707  2F09               	goto	u170
   911     0708                     u171:
   912     0708  2F2F               	goto	l757
   913     0709                     u170:
   914     0709                     l747:
   915     0709  3000               	movlw	0
   916     070A  0273               	subwf	glow_on_press@i+1,w
   917     070B  3020               	movlw	32
   918     070C  1903               	skipnz
   919     070D  0272               	subwf	glow_on_press@i,w
   920     070E  1803               	skipnc
   921     070F  2F11               	goto	u181
   922     0710  2F12               	goto	u180
   923     0711                     u181:
   924     0711  2F2F               	goto	l757
   925     0712                     u180:
   926     0712                     l749:
   927                           
   928                           ;main.c: 96: ;main.c: 97:         if(j < 8)
   929     0712  30E8               	movlw	232
   930     0713  0674               	xorwf	glow_on_press@wait,w
   931     0714  3003               	movlw	3
   932     0715  1903               	skipnz
   933     0716  0675               	xorwf	glow_on_press@wait+1,w
   934     0717  1D03               	btfss	3,2
   935     0718  2F1A               	goto	u191
   936     0719  2F1B               	goto	u190
   937     071A                     u191:
   938     071A  2F2F               	goto	l757
   939     071B                     u190:
   940     071B                     l751:
   941                           
   942                           ;main.c: 98:         {;main.c: 99: 
   943     071B  01F4               	clrf	glow_on_press@wait
   944     071C  01F5               	clrf	glow_on_press@wait+1
   945     071D                     l753:
   946                           
   947                           ;main.c: 100:            if( wait == 1000)
   948     071D  3001               	movlw	1
   949     071E  00F7               	movwf	??_glow_on_press
   950     071F  0872               	movf	glow_on_press@i,w
   951     0720  3C1F               	sublw	31
   952     0721  3E01               	addlw	1
   953     0722  2F25               	goto	u204
   954     0723                     u205:
   955     0723  1003               	clrc
   956     0724  0DF7               	rlf	??_glow_on_press,f
   957     0725                     u204:
   958     0725  3EFF               	addlw	-1
   959     0726  1D03               	skipz
   960     0727  2F23               	goto	u205
   961     0728  0877               	movf	??_glow_on_press,w
   962     0729  3AFF               	xorlw	255
   963     072A  1283               	bcf	3,5	;RP0=0, select bank0
   964     072B  1303               	bcf	3,6	;RP1=0, select bank0
   965     072C  0508               	andwf	8,w	;volatile
   966     072D  0088               	movwf	8	;volatile
   967     072E  2E9C               	goto	l719
   968     072F                     l757:
   969                           
   970                           ;main.c: 104:             j++;
   971     072F  3020               	movlw	32
   972     0730  0672               	xorwf	glow_on_press@i,w
   973     0731  0473               	iorwf	glow_on_press@i+1,w
   974     0732  1D03               	btfss	3,2
   975     0733  2F35               	goto	u211
   976     0734  2F36               	goto	u210
   977     0735                     u211:
   978     0735  2FEE               	goto	l81
   979     0736                     u210:
   980     0736                     l759:
   981                           
   982                           ;main.c: 105:             };main.c: 106:         }
   983     0736  01F2               	clrf	glow_on_press@i
   984     0737  01F3               	clrf	glow_on_press@i+1
   985     0738  2FEE               	goto	l81
   986     0739                     l761:
   987     0739  303D               	movlw	61
   988     073A  0678               	xorwf	glow_on_press@key,w
   989     073B  1D03               	btfss	3,2
   990     073C  2F3E               	goto	u221
   991     073D  2F3F               	goto	u220
   992     073E                     u221:
   993     073E  2FA1               	goto	l789
   994     073F                     u220:
   995     073F                     l763:
   996                           
   997                           ;main.c: 110:            if( wait == 1000);main.c: 113:            PORTD = PORTD & ~(1 <
      +                          < (j - 8));
   998     073F  3000               	movlw	0
   999     0740  0271               	subwf	glow_on_press@j+1,w
  1000     0741  3008               	movlw	8
  1001     0742  1903               	skipnz
  1002     0743  0270               	subwf	glow_on_press@j,w
  1003     0744  1803               	skipnc
  1004     0745  2F47               	goto	u231
  1005     0746  2F48               	goto	u230
  1006     0747                     u231:
  1007     0747  2F68               	goto	l773
  1008     0748                     u230:
  1009     0748                     l765:
  1010                           
  1011                           ;main.c: 114:             j++;;main.c: 116:         }
  1012     0748  30E8               	movlw	232
  1013     0749  0674               	xorwf	glow_on_press@wait,w
  1014     074A  3003               	movlw	3
  1015     074B  1903               	skipnz
  1016     074C  0675               	xorwf	glow_on_press@wait+1,w
  1017     074D  1D03               	btfss	3,2
  1018     074E  2F50               	goto	u241
  1019     074F  2F51               	goto	u240
  1020     0750                     u241:
  1021     0750  2F97               	goto	l785
  1022     0751                     u240:
  1023     0751                     l767:
  1024                           
  1025                           ;main.c: 117:         if(j == 16);main.c: 118:         {
  1026     0751  01F4               	clrf	glow_on_press@wait
  1027     0752  01F5               	clrf	glow_on_press@wait+1
  1028     0753                     l769:
  1029                           
  1030                           ;main.c: 119:            j = 0;
  1031     0753  3001               	movlw	1
  1032     0754  00F7               	movwf	??_glow_on_press
  1033     0755  0A70               	incf	glow_on_press@j,w
  1034     0756  2F59               	goto	u254
  1035     0757                     u255:
  1036     0757  1003               	clrc
  1037     0758  0DF7               	rlf	??_glow_on_press,f
  1038     0759                     u254:
  1039     0759  3EFF               	addlw	-1
  1040     075A  1D03               	skipz
  1041     075B  2F57               	goto	u255
  1042     075C  0877               	movf	??_glow_on_press,w
  1043     075D  1283               	bcf	3,5	;RP0=0, select bank0
  1044     075E  1303               	bcf	3,6	;RP1=0, select bank0
  1045     075F  0408               	iorwf	8,w	;volatile
  1046     0760  0088               	movwf	8	;volatile
  1047     0761                     l771:
  1048                           
  1049                           ;main.c: 120:         }
  1050     0761  3001               	movlw	1
  1051     0762  07F0               	addwf	glow_on_press@j,f
  1052     0763  1803               	skipnc
  1053     0764  0AF1               	incf	glow_on_press@j+1,f
  1054     0765  3000               	movlw	0
  1055     0766  07F1               	addwf	glow_on_press@j+1,f
  1056     0767  2F97               	goto	l785
  1057     0768                     l773:
  1058     0768  3000               	movlw	0
  1059     0769  0271               	subwf	glow_on_press@j+1,w
  1060     076A  3008               	movlw	8
  1061     076B  1903               	skipnz
  1062     076C  0270               	subwf	glow_on_press@j,w
  1063     076D  1C03               	skipc
  1064     076E  2F70               	goto	u261
  1065     076F  2F71               	goto	u260
  1066     0770                     u261:
  1067     0770  2F97               	goto	l785
  1068     0771                     u260:
  1069     0771                     l775:
  1070     0771  3000               	movlw	0
  1071     0772  0271               	subwf	glow_on_press@j+1,w
  1072     0773  3010               	movlw	16
  1073     0774  1903               	skipnz
  1074     0775  0270               	subwf	glow_on_press@j,w
  1075     0776  1803               	skipnc
  1076     0777  2F79               	goto	u271
  1077     0778  2F7A               	goto	u270
  1078     0779                     u271:
  1079     0779  2F97               	goto	l785
  1080     077A                     u270:
  1081     077A                     l777:
  1082                           
  1083                           ;main.c: 124: ;main.c: 126:          if( wait == 2000)
  1084     077A  30E8               	movlw	232
  1085     077B  0674               	xorwf	glow_on_press@wait,w
  1086     077C  3003               	movlw	3
  1087     077D  1903               	skipnz
  1088     077E  0675               	xorwf	glow_on_press@wait+1,w
  1089     077F  1D03               	btfss	3,2
  1090     0780  2F82               	goto	u281
  1091     0781  2F83               	goto	u280
  1092     0782                     u281:
  1093     0782  2F97               	goto	l785
  1094     0783                     u280:
  1095     0783                     l779:
  1096                           
  1097                           ;main.c: 127:         {;main.c: 128:             wait = 0;
  1098     0783  01F4               	clrf	glow_on_press@wait
  1099     0784  01F5               	clrf	glow_on_press@wait+1
  1100     0785                     l781:
  1101                           
  1102                           ;main.c: 129:             flag = !flag;
  1103     0785  3001               	movlw	1
  1104     0786  00F7               	movwf	??_glow_on_press
  1105     0787  0870               	movf	glow_on_press@j,w
  1106     0788  3EF8               	addlw	248
  1107     0789  3E01               	addlw	1
  1108     078A  2F8D               	goto	u294
  1109     078B                     u295:
  1110     078B  1003               	clrc
  1111     078C  0DF7               	rlf	??_glow_on_press,f
  1112     078D                     u294:
  1113     078D  3EFF               	addlw	-1
  1114     078E  1D03               	skipz
  1115     078F  2F8B               	goto	u295
  1116     0790  0877               	movf	??_glow_on_press,w
  1117     0791  3AFF               	xorlw	255
  1118     0792  1283               	bcf	3,5	;RP0=0, select bank0
  1119     0793  1303               	bcf	3,6	;RP1=0, select bank0
  1120     0794  0508               	andwf	8,w	;volatile
  1121     0795  0088               	movwf	8	;volatile
  1122     0796  2F61               	goto	l771
  1123     0797                     l785:
  1124                           
  1125                           ;main.c: 133:         {
  1126     0797  3010               	movlw	16
  1127     0798  0670               	xorwf	glow_on_press@j,w
  1128     0799  0471               	iorwf	glow_on_press@j+1,w
  1129     079A  1D03               	btfss	3,2
  1130     079B  2F9D               	goto	u301
  1131     079C  2F9E               	goto	u300
  1132     079D                     u301:
  1133     079D  2FEE               	goto	l81
  1134     079E                     u300:
  1135     079E                     l787:
  1136                           
  1137                           ;main.c: 134:             PORTD = ~(0xAA);;main.c: 135:         }
  1138     079E  01F0               	clrf	glow_on_press@j
  1139     079F  01F1               	clrf	glow_on_press@j+1
  1140     07A0  2FEE               	goto	l81
  1141     07A1                     l789:
  1142     07A1  303B               	movlw	59
  1143     07A2  0678               	xorwf	glow_on_press@key,w
  1144     07A3  1D03               	btfss	3,2
  1145     07A4  2FA6               	goto	u311
  1146     07A5  2FA7               	goto	u310
  1147     07A6                     u311:
  1148     07A6  2FC8               	goto	l803
  1149     07A7                     u310:
  1150     07A7                     l791:
  1151                           
  1152                           ;main.c: 139: ;main.c: 142:         if( wait == 2000)
  1153     07A7  30D0               	movlw	208
  1154     07A8  0674               	xorwf	glow_on_press@wait,w
  1155     07A9  3007               	movlw	7
  1156     07AA  1903               	skipnz
  1157     07AB  0675               	xorwf	glow_on_press@wait+1,w
  1158     07AC  1D03               	btfss	3,2
  1159     07AD  2FAF               	goto	u321
  1160     07AE  2FB0               	goto	u320
  1161     07AF                     u321:
  1162     07AF  2FBE               	goto	l799
  1163     07B0                     u320:
  1164     07B0                     l793:
  1165                           
  1166                           ;main.c: 143:         {;main.c: 144:             wait = 0;
  1167     07B0  01F4               	clrf	glow_on_press@wait
  1168     07B1  01F5               	clrf	glow_on_press@wait+1
  1169     07B2                     l795:
  1170                           
  1171                           ;main.c: 145:             flag = !flag;
  1172     07B2  0876               	movf	glow_on_press@flag,w
  1173     07B3  1903               	btfsc	3,2
  1174     07B4  2FB6               	goto	u331
  1175     07B5  2FB8               	goto	u330
  1176     07B6                     u331:
  1177     07B6  3001               	movlw	1
  1178     07B7  2FB9               	goto	u340
  1179     07B8                     u330:
  1180     07B8  3000               	movlw	0
  1181     07B9                     u340:
  1182     07B9  00F6               	movwf	glow_on_press@flag
  1183     07BA                     l797:
  1184                           
  1185                           ;main.c: 146:             PORTD = 0xF0;
  1186     07BA  30AA               	movlw	170
  1187     07BB  1283               	bcf	3,5	;RP0=0, select bank0
  1188     07BC  1303               	bcf	3,6	;RP1=0, select bank0
  1189     07BD  0088               	movwf	8	;volatile
  1190     07BE                     l799:
  1191                           
  1192                           ;main.c: 148:         if( flag)
  1193     07BE  0876               	movf	glow_on_press@flag,w
  1194     07BF  1903               	btfsc	3,2
  1195     07C0  2FC2               	goto	u351
  1196     07C1  2FC3               	goto	u350
  1197     07C2                     u351:
  1198     07C2  2FEE               	goto	l81
  1199     07C3                     u350:
  1200     07C3                     l801:
  1201                           
  1202                           ;main.c: 149:         {;main.c: 150:             PORTD = 0x0F;
  1203     07C3  3055               	movlw	85
  1204     07C4  1283               	bcf	3,5	;RP0=0, select bank0
  1205     07C5  1303               	bcf	3,6	;RP1=0, select bank0
  1206     07C6  0088               	movwf	8	;volatile
  1207     07C7  2FEE               	goto	l81
  1208     07C8                     l803:
  1209     07C8  3037               	movlw	55
  1210     07C9  0678               	xorwf	glow_on_press@key,w
  1211     07CA  1D03               	btfss	3,2
  1212     07CB  2FCD               	goto	u361
  1213     07CC  2FCE               	goto	u360
  1214     07CD                     u361:
  1215     07CD  2FEE               	goto	l81
  1216     07CE                     u360:
  1217     07CE                     l805:
  1218                           
  1219                           ;main.c: 154: 
  1220     07CE  30D0               	movlw	208
  1221     07CF  0674               	xorwf	glow_on_press@wait,w
  1222     07D0  3007               	movlw	7
  1223     07D1  1903               	skipnz
  1224     07D2  0675               	xorwf	glow_on_press@wait+1,w
  1225     07D3  1D03               	btfss	3,2
  1226     07D4  2FD6               	goto	u371
  1227     07D5  2FD7               	goto	u370
  1228     07D6                     u371:
  1229     07D6  2FE5               	goto	l813
  1230     07D7                     u370:
  1231     07D7                     l807:
  1232     07D7  01F4               	clrf	glow_on_press@wait
  1233     07D8  01F5               	clrf	glow_on_press@wait+1
  1234     07D9                     l809:
  1235     07D9  0876               	movf	glow_on_press@flag,w
  1236     07DA  1903               	btfsc	3,2
  1237     07DB  2FDD               	goto	u381
  1238     07DC  2FDF               	goto	u380
  1239     07DD                     u381:
  1240     07DD  3001               	movlw	1
  1241     07DE  2FE0               	goto	u390
  1242     07DF                     u380:
  1243     07DF  3000               	movlw	0
  1244     07E0                     u390:
  1245     07E0  00F6               	movwf	glow_on_press@flag
  1246     07E1                     l811:
  1247     07E1  30F0               	movlw	240
  1248     07E2  1283               	bcf	3,5	;RP0=0, select bank0
  1249     07E3  1303               	bcf	3,6	;RP1=0, select bank0
  1250     07E4  0088               	movwf	8	;volatile
  1251     07E5                     l813:
  1252     07E5  0876               	movf	glow_on_press@flag,w
  1253     07E6  1903               	btfsc	3,2
  1254     07E7  2FE9               	goto	u401
  1255     07E8  2FEA               	goto	u400
  1256     07E9                     u401:
  1257     07E9  2FEE               	goto	l81
  1258     07EA                     u400:
  1259     07EA                     l815:
  1260     07EA  300F               	movlw	15
  1261     07EB  1283               	bcf	3,5	;RP0=0, select bank0
  1262     07EC  1303               	bcf	3,6	;RP1=0, select bank0
  1263     07ED  0088               	movwf	8	;volatile
  1264     07EE                     l81:
  1265     07EE  0008               	return
  1266     07EF                     __end_of_glow_on_press:
  1267     007E                     btemp	set	126	;btemp
  1268     007E                     wtemp0	set	126
  1269                           
  1270                           	psect	config
  1271                           
  1272                           ;Config register CONFIG @ 0x2007
  1273                           ;	Oscillator Selection bits
  1274                           ;	FOSC = 0x3, unprogrammed default
  1275                           ;	Watchdog Timer Enable bit
  1276                           ;	WDTE = OFF, WDT disabled
  1277                           ;	Power-up Timer Enable bit
  1278                           ;	PWRTE = 0x1, unprogrammed default
  1279                           ;	Brown-out Reset Enable bit
  1280                           ;	BOREN = 0x1, unprogrammed default
  1281                           ;	Low-Voltage (Single-Supply) In-Circuit Serial Programming Enable bit
  1282                           ;	LVP = 0x1, unprogrammed default
  1283                           ;	Data EEPROM Memory Code Protection bit
  1284                           ;	CPD = 0x1, unprogrammed default
  1285                           ;	Flash Program Memory Write Enable bits
  1286                           ;	WRT = 0x3, unprogrammed default
  1287                           ;	In-Circuit Debugger Mode bit
  1288                           ;	DEBUG = 0x1, unprogrammed default
  1289                           ;	Flash Program Memory Code Protection bit
  1290                           ;	CP = 0x1, unprogrammed default
  1291     2007                     	org	8199
  1292     2007  3FFB               	dw	16379

Data Sizes:
    Strings     0
    Constant    0
    Data        1
    BSS         7
    Persistent  0
    Stack       0

Auto Spaces:
    Space          Size  Autos    Used
    COMMON           14      4      12
    BANK0            80      0       0
    BANK1            80      0       0
    BANK3            96      0       0
    BANK2            96      0       0

Pointer List with Targets:

    None.

Critical Paths under _main in COMMON

    _main->_glow_on_press
    _main->_read_digital_keypad

Critical Paths under _main in BANK0

    None.

Critical Paths under _main in BANK1

    None.

Critical Paths under _main in BANK3

    None.

Critical Paths under _main in BANK2

    None.

Call Graph Tables:

 ---------------------------------------------------------------------------------
 (Depth) Function   	        Calls       Base Space   Used Autos Params    Refs
 ---------------------------------------------------------------------------------
 (0) _main                                                 2     2      0     150
                                              2 COMMON     2     2      0
                      _glow_on_press
                        _init_config
                _read_digital_keypad
 ---------------------------------------------------------------------------------
 (1) _read_digital_keypad                                  2     2      0      15
                                              0 COMMON     2     2      0
 ---------------------------------------------------------------------------------
 (1) _init_config                                          0     0      0       0
                _init_digital_keypad
 ---------------------------------------------------------------------------------
 (2) _init_digital_keypad                                  0     0      0       0
 ---------------------------------------------------------------------------------
 (1) _glow_on_press                                        2     2      0      60
                                              0 COMMON     2     2      0
 ---------------------------------------------------------------------------------
 Estimated maximum stack depth 2
 ---------------------------------------------------------------------------------

 Call Graph Graphs:

 _main (ROOT)
   _glow_on_press
   _init_config
     _init_digital_keypad
   _read_digital_keypad

 Address spaces:
Name               Size   Autos  Total    Cost      Usage
BANK3               60      0       0       9        0.0%
BITBANK3            60      0       0       8        0.0%
SFR3                 0      0       0       4        0.0%
BITSFR3              0      0       0       4        0.0%
BANK2               60      0       0      11        0.0%
BITBANK2            60      0       0      10        0.0%
SFR2                 0      0       0       5        0.0%
BITSFR2              0      0       0       5        0.0%
BANK1               50      0       0       7        0.0%
BITBANK1            50      0       0       6        0.0%
SFR1                 0      0       0       2        0.0%
BITSFR1              0      0       0       2        0.0%
BANK0               50      0       0       5        0.0%
BITBANK0            50      0       0       4        0.0%
SFR0                 0      0       0       1        0.0%
BITSFR0              0      0       0       1        0.0%
COMMON               E      4       C       1       85.7%
BITCOMMON            E      0       0       0        0.0%
CODE                 0      0       0       0        0.0%
DATA                 0      0       C      12        0.0%
ABS                  0      0       C       3        0.0%
NULL                 0      0       0       0        0.0%
STACK                0      0       0       2        0.0%
EEDATA             100      0       0       0        0.0%


Microchip Technology PIC Macro Assembler V2.40 build 20220703182018 
Symbol Table                                                                                   Fri Aug 26 21:17:00 2022

                          l9 060C                           l15 066C                           l32 0618  
                         l81 07EE                           u10 0648                           u11 0647  
                         u20 0658                           u21 0657                           u30 065D  
                         u31 065C                           u40 0669                           u41 0668  
                         u50 067A                           u51 0679                           u60 0683  
                         u61 0682                           u70 068C                           u71 068B  
                         u90 06AC                           u91 06AB                           u84 0694  
                         u85 0692                          l711 067A                          l703 060D  
                        l801 07C3                          l713 0683                          l721 06A3  
                        l705 0613                          l811 07E1                          l803 07C8  
                        l723 06AC                          l715 068C                          l707 066E  
                        l813 07E5                          l805 07CE                          l741 06EF  
                        l725 06B5                          l733 06D2                          l717 068E  
                        l709 0674                          l821 0620                          l815 07EA  
                        l807 07D7                          l751 071B                          l735 06DB  
                        l727 06BE                          l719 069C                          l831 0638  
                        l823 0627                          l809 07D9                          l753 071D  
                        l737 06E4                          l745 0700                          l729 06C0  
                        l761 0739                          l673 0607                          l825 062D  
                        l817 0619                          l771 0761                          l763 073F  
                        l747 0709                          l739 06ED                          l683 064D  
                        l675 0643                          l827 0633                          l819 061B  
                        l781 0785                          l765 0748                          l773 0768  
                        l749 0712                          l757 072F                          l685 0658  
                        l677 0648                          l829 0636                          l791 07A7  
                        l775 0771                          l767 0751                          l759 0736  
                        l687 065D                          l695 0660                          l793 07B0  
                        l777 077A                          l769 0753                          l785 0797  
                        l697 0669                          l795 07B2                          l787 079E  
                        l779 0783                          l699 066B                          l797 07BA  
                        l789 07A1                          l799 07BE                          u100 06B5  
                        u101 06B4                          u110 06BE                          u111 06BD  
                        u210 0736                          u130 06DB                          u211 0735  
                        u131 06DA                          u300 079E                          u220 073F  
                        u204 0725                          u140 06E4                          u124 06C8  
                        u301 079D                          u221 073E                          u205 0723  
                        u141 06E3                          u125 06C6                          u310 07A7  
                        u230 0748                          u150 06ED                          u311 07A6  
                        u231 0747                          u151 06EC                          u400 07EA  
                        u320 07B0                          u240 0751                          u401 07E9  
                        u321 07AF                          u241 0750                          u330 07B8  
                        u170 0709                          u410 062D                          u331 07B6  
                        u171 0708                          u411 062C                          u340 07B9  
                        u260 0771                          u180 0712                          u164 06F7  
                        u420 0633                          u261 0770                          u181 0711  
                        u165 06F5                          u421 0632                          u350 07C3  
                        u270 077A                          u254 0759                          u190 071B  
                        u351 07C2                          u271 0779                          u255 0757  
                        u191 071A                          u360 07CE                          u280 0783  
                        u361 07CD                          u281 0782                          u370 07D7  
                        u371 07D6                          u380 07DF                          u381 07DD  
                        u390 07E0                          u294 078D                          u295 078B  
      ??_read_digital_keypad 0077                         _main 0619                         btemp 007E  
           glow_on_press@key 0078                         start 0000                        ?_main 0077  
               ?_init_config 0077                        _PORTB 0006                        _PORTD 0008  
                      _TRISB 0086                        _TRISD 0088                 main@key_copy 0079  
          glow_on_press@flag 0076            glow_on_press@wait 0074                        status 0003  
                      wtemp0 007E              __initialization 07EF                 __end_of_main 0642  
                     ??_main 0079  __end_of_init_digital_keypad 060D                 __pdataCOMMON 007B  
              _glow_on_press 066D      __end_of__initialization 07FC               __pcstackCOMMON 0077  
             ?_glow_on_press 0077                   __pmaintext 0619  __end_of_read_digital_keypad 066D  
                    __ptext1 0642                      __ptext2 060D                      __ptext3 0607  
                    __ptext4 066D              ??_glow_on_press 0077                      main@key 007A  
       end_of_initialization 07FC               glow_on_press@i 0072               glow_on_press@j 0070  
              __pidataCOMMON 0606          start_initialization 07EF                ??_init_config 0077  
                __pbssCOMMON 0070                    ___latbits 0002          __end_of_init_config 0619  
      __end_of_glow_on_press 07EF          _init_digital_keypad 0607         ?_init_digital_keypad 0077  
                _init_config 060D      read_digital_keypad@mode 0078      read_digital_keypad@once 007B  
      ??_init_digital_keypad 0077          _read_digital_keypad 0642         ?_read_digital_keypad 0077  
