

Microchip MPLAB XC8 Assembler V2.40 build 20220703182018 
                                                                                               Fri Sep 09 16:32:18 2022

Microchip MPLAB XC8 C Compiler v2.40 (Free license) build 20220703182018 Og1 
     1                           	processor	16F877A
     2                           	pagewidth 120
     3                           	opt	flic
     4                           	psect	idataBANK0,global,class=CODE,delta=2,noexec
     5                           	psect	cinit,global,class=CODE,merge=1,delta=2
     6                           	psect	dataBANK0,global,class=BANK0,space=1,delta=1,noexec
     7                           	psect	inittext,global,class=CODE,delta=2
     8                           	psect	cstackCOMMON,global,class=COMMON,space=1,delta=1,noexec
     9                           	psect	cstackBANK0,global,class=BANK0,space=1,delta=1,noexec
    10                           	psect	maintext,global,class=CODE,split=1,delta=2
    11                           	psect	text1,local,class=CODE,merge=1,delta=2
    12                           	psect	text2,local,class=CODE,merge=1,delta=2
    13                           	psect	text3,local,class=CODE,merge=1,delta=2
    14                           	psect	text4,local,class=CODE,merge=1,delta=2
    15                           	psect	text5,local,class=CODE,merge=1,delta=2,group=1
    16                           	psect	text6,local,class=CODE,merge=1,delta=2,group=1
    17                           	psect	config,global,abs,ovrld,class=CONFIG,space=4,delta=2,noexec
    18                           	dabs	1,0x7E,2
    19     0000                     
    20                           ; Version 2.20
    21                           ; Generated 12/02/2020 GMT
    22                           ; 
    23                           ; Copyright © 2020, Microchip Technology Inc. and its subsidiaries ("Microchip")
    24                           ; All rights reserved.
    25                           ; 
    26                           ; This software is developed by Microchip Technology Inc. and its subsidiaries ("Microch
      +                          ip").
    27                           ; 
    28                           ; Redistribution and use in source and binary forms, with or without modification, are
    29                           ; permitted provided that the following conditions are met:
    30                           ; 
    31                           ;     1. Redistributions of source code must retain the above copyright notice, this lis
      +                          t of
    32                           ;        conditions and the following disclaimer.
    33                           ; 
    34                           ;     2. Redistributions in binary form must reproduce the above copyright notice, this 
      +                          list
    35                           ;        of conditions and the following disclaimer in the documentation and/or other
    36                           ;        materials provided with the distribution.
    37                           ; 
    38                           ;     3. Microchip's name may not be used to endorse or promote products derived from th
      +                          is
    39                           ;        software without specific prior written permission.
    40                           ; 
    41                           ; THIS SOFTWARE IS PROVIDED BY MICROCHIP "AS IS" AND ANY EXPRESS OR IMPLIED WARRANTIES,
    42                           ; INCLUDING, BUT NOT LIMITED TO, THE IMPLIED WARRANTIES OF MERCHANTABILITY AND FITNESS F
      +                          OR
    43                           ; PURPOSE ARE DISCLAIMED.  IN NO EVENT SHALL MICROCHIP BE LIABLE FOR ANY DIRECT, INDIREC
      +                          T,
    44                           ; INCIDENTAL, SPECIAL, EXEMPLARY, OR CONSEQUENTIAL DAMAGES (INCLUDING BUT NOT LIMITED TO
    45                           ; PROCUREMENT OF SUBSTITUTE GOODS OR SERVICES; LOSS OF USE, DATA OR PROFITS; OR BUSINESS
    46                           ; INTERRUPTION) HOWSOEVER CAUSED AND ON ANY THEORY OF LIABILITY, WHETHER IN CONTRACT, ST
      +                          RICT
    47                           ; LIABILITY, OR TORT (INCLUDING NEGLIGENCE OR OTHERWISE) ARISING IN ANY WAY OUT OF THE U
      +                          SE OF
    48                           ; THIS SOFTWARE, EVEN IF ADVISED OF THE POSSIBILITY OF SUCH DAMAGE.
    49                           ; 
    50                           ; 
    51                           ; Code-generator required, PIC16F877A Definitions
    52                           ; 
    53                           ; SFR Addresses
    54     0000                     	;# 
    55     0001                     	;# 
    56     0002                     	;# 
    57     0003                     	;# 
    58     0004                     	;# 
    59     0005                     	;# 
    60     0006                     	;# 
    61     0007                     	;# 
    62     0008                     	;# 
    63     0009                     	;# 
    64     000A                     	;# 
    65     000B                     	;# 
    66     000C                     	;# 
    67     000D                     	;# 
    68     000E                     	;# 
    69     000E                     	;# 
    70     000F                     	;# 
    71     0010                     	;# 
    72     0011                     	;# 
    73     0012                     	;# 
    74     0013                     	;# 
    75     0014                     	;# 
    76     0015                     	;# 
    77     0015                     	;# 
    78     0016                     	;# 
    79     0017                     	;# 
    80     0018                     	;# 
    81     0019                     	;# 
    82     001A                     	;# 
    83     001B                     	;# 
    84     001B                     	;# 
    85     001C                     	;# 
    86     001D                     	;# 
    87     001E                     	;# 
    88     001F                     	;# 
    89     0081                     	;# 
    90     0085                     	;# 
    91     0086                     	;# 
    92     0087                     	;# 
    93     0088                     	;# 
    94     0089                     	;# 
    95     008C                     	;# 
    96     008D                     	;# 
    97     008E                     	;# 
    98     0091                     	;# 
    99     0092                     	;# 
   100     0093                     	;# 
   101     0094                     	;# 
   102     0098                     	;# 
   103     0099                     	;# 
   104     009C                     	;# 
   105     009D                     	;# 
   106     009E                     	;# 
   107     009F                     	;# 
   108     010C                     	;# 
   109     010D                     	;# 
   110     010E                     	;# 
   111     010F                     	;# 
   112     018C                     	;# 
   113     018D                     	;# 
   114     0000                     	;# 
   115     0001                     	;# 
   116     0002                     	;# 
   117     0003                     	;# 
   118     0004                     	;# 
   119     0005                     	;# 
   120     0006                     	;# 
   121     0007                     	;# 
   122     0008                     	;# 
   123     0009                     	;# 
   124     000A                     	;# 
   125     000B                     	;# 
   126     000C                     	;# 
   127     000D                     	;# 
   128     000E                     	;# 
   129     000E                     	;# 
   130     000F                     	;# 
   131     0010                     	;# 
   132     0011                     	;# 
   133     0012                     	;# 
   134     0013                     	;# 
   135     0014                     	;# 
   136     0015                     	;# 
   137     0015                     	;# 
   138     0016                     	;# 
   139     0017                     	;# 
   140     0018                     	;# 
   141     0019                     	;# 
   142     001A                     	;# 
   143     001B                     	;# 
   144     001B                     	;# 
   145     001C                     	;# 
   146     001D                     	;# 
   147     001E                     	;# 
   148     001F                     	;# 
   149     0081                     	;# 
   150     0085                     	;# 
   151     0086                     	;# 
   152     0087                     	;# 
   153     0088                     	;# 
   154     0089                     	;# 
   155     008C                     	;# 
   156     008D                     	;# 
   157     008E                     	;# 
   158     0091                     	;# 
   159     0092                     	;# 
   160     0093                     	;# 
   161     0094                     	;# 
   162     0098                     	;# 
   163     0099                     	;# 
   164     009C                     	;# 
   165     009D                     	;# 
   166     009E                     	;# 
   167     009F                     	;# 
   168     010C                     	;# 
   169     010D                     	;# 
   170     010E                     	;# 
   171     010F                     	;# 
   172     018C                     	;# 
   173     018D                     	;# 
   174     0000                     	;# 
   175     0001                     	;# 
   176     0002                     	;# 
   177     0003                     	;# 
   178     0004                     	;# 
   179     0005                     	;# 
   180     0006                     	;# 
   181     0007                     	;# 
   182     0008                     	;# 
   183     0009                     	;# 
   184     000A                     	;# 
   185     000B                     	;# 
   186     000C                     	;# 
   187     000D                     	;# 
   188     000E                     	;# 
   189     000E                     	;# 
   190     000F                     	;# 
   191     0010                     	;# 
   192     0011                     	;# 
   193     0012                     	;# 
   194     0013                     	;# 
   195     0014                     	;# 
   196     0015                     	;# 
   197     0015                     	;# 
   198     0016                     	;# 
   199     0017                     	;# 
   200     0018                     	;# 
   201     0019                     	;# 
   202     001A                     	;# 
   203     001B                     	;# 
   204     001B                     	;# 
   205     001C                     	;# 
   206     001D                     	;# 
   207     001E                     	;# 
   208     001F                     	;# 
   209     0081                     	;# 
   210     0085                     	;# 
   211     0086                     	;# 
   212     0087                     	;# 
   213     0088                     	;# 
   214     0089                     	;# 
   215     008C                     	;# 
   216     008D                     	;# 
   217     008E                     	;# 
   218     0091                     	;# 
   219     0092                     	;# 
   220     0093                     	;# 
   221     0094                     	;# 
   222     0098                     	;# 
   223     0099                     	;# 
   224     009C                     	;# 
   225     009D                     	;# 
   226     009E                     	;# 
   227     009F                     	;# 
   228     010C                     	;# 
   229     010D                     	;# 
   230     010E                     	;# 
   231     010F                     	;# 
   232     018C                     	;# 
   233     018D                     	;# 
   234     0000                     	;# 
   235     0001                     	;# 
   236     0002                     	;# 
   237     0003                     	;# 
   238     0004                     	;# 
   239     0005                     	;# 
   240     0006                     	;# 
   241     0007                     	;# 
   242     0008                     	;# 
   243     0009                     	;# 
   244     000A                     	;# 
   245     000B                     	;# 
   246     000C                     	;# 
   247     000D                     	;# 
   248     000E                     	;# 
   249     000E                     	;# 
   250     000F                     	;# 
   251     0010                     	;# 
   252     0011                     	;# 
   253     0012                     	;# 
   254     0013                     	;# 
   255     0014                     	;# 
   256     0015                     	;# 
   257     0015                     	;# 
   258     0016                     	;# 
   259     0017                     	;# 
   260     0018                     	;# 
   261     0019                     	;# 
   262     001A                     	;# 
   263     001B                     	;# 
   264     001B                     	;# 
   265     001C                     	;# 
   266     001D                     	;# 
   267     001E                     	;# 
   268     001F                     	;# 
   269     0081                     	;# 
   270     0085                     	;# 
   271     0086                     	;# 
   272     0087                     	;# 
   273     0088                     	;# 
   274     0089                     	;# 
   275     008C                     	;# 
   276     008D                     	;# 
   277     008E                     	;# 
   278     0091                     	;# 
   279     0092                     	;# 
   280     0093                     	;# 
   281     0094                     	;# 
   282     0098                     	;# 
   283     0099                     	;# 
   284     009C                     	;# 
   285     009D                     	;# 
   286     009E                     	;# 
   287     009F                     	;# 
   288     010C                     	;# 
   289     010D                     	;# 
   290     010E                     	;# 
   291     010F                     	;# 
   292     018C                     	;# 
   293     018D                     	;# 
   294                           
   295                           	psect	idataBANK0
   296     05EF                     __pidataBANK0:
   297                           
   298                           ;initializer for main@F860
   299     05EF  343F               	retlw	63
   300     05F0  3406               	retlw	6
   301     05F1  345B               	retlw	91
   302     05F2  344F               	retlw	79
   303     05F3  3466               	retlw	102
   304     05F4  346D               	retlw	109
   305     05F5  347D               	retlw	125
   306     05F6  3407               	retlw	7
   307     05F7  347F               	retlw	127
   308     05F8  346F               	retlw	111
   309                           
   310                           ;initializer for main@F858
   311     05F9  343F               	retlw	63
   312     05FA  343F               	retlw	63
   313     05FB  343F               	retlw	63
   314     05FC  343F               	retlw	63
   315                           
   316                           ;initializer for read_digital_keypad@once
   317     05FD  3401               	retlw	1
   318     0006                     _PORTB	set	6
   319     0008                     _PORTD	set	8
   320     0005                     _PORTA	set	5
   321     0086                     _TRISB	set	134
   322     0085                     _TRISA	set	133
   323     0088                     _TRISD	set	136
   324                           
   325                           	psect	cinit
   326     07EE                     start_initialization:	
   327                           ; #config settings
   328                           
   329     07EE                     __initialization:
   330                           
   331                           ; Initialize objects allocated to BANK0
   332     07EE  1383               	bcf	3,7	;select IRP bank0
   333     07EF  3047               	movlw	low (__pdataBANK0+15)
   334     07F0  00FD               	movwf	btemp+-1
   335     07F1  3005               	movlw	high __pidataBANK0
   336     07F2  00FE               	movwf	btemp
   337     07F3  30EF               	movlw	low __pidataBANK0
   338     07F4  00FF               	movwf	btemp+1
   339     07F5  3038               	movlw	low __pdataBANK0
   340     07F6  0084               	movwf	4
   341     07F7  120A  118A  2602  120A  118A  	fcall	init_ram0
   342     07FC                     end_of_initialization:	
   343                           ;End of C runtime variable initialization code
   344                           
   345     07FC                     __end_of__initialization:
   346     07FC  0183               	clrf	3
   347     07FD  120A  118A  2F0F   	ljmp	_main	;jump to C main() function
   348                           
   349                           	psect	dataBANK0
   350     0038                     __pdataBANK0:
   351     0038                     main@F860:
   352     0038                     	ds	10
   353     0042                     main@F858:
   354     0042                     	ds	4
   355     0046                     read_digital_keypad@once:
   356     0046                     	ds	1
   357                           
   358                           	psect	inittext
   359     05FE                     init_fetch0:	
   360                           ;	Called with low address in FSR and high address in W
   361                           
   362     05FE  087E               	movf	btemp,w
   363     05FF  008A               	movwf	10
   364     0600  087F               	movf	btemp+1,w
   365     0601  0082               	movwf	2
   366     0602                     init_ram0:	
   367                           ;Called with:
   368                           ;	high address of idata address in btemp 
   369                           ;	low address of idata address in btemp+1 
   370                           ;	low address of data in FSR
   371                           ;	high address + 1 of data in btemp-1
   372                           
   373     0602  120A  118A  25FE  120A  118A  	fcall	init_fetch0
   374     0607  0080               	movwf	0
   375     0608  0A84               	incf	4,f
   376     0609  0804               	movf	4,w
   377     060A  067D               	xorwf	btemp+-1,w
   378     060B  1903               	btfsc	3,2
   379     060C  3400               	retlw	0
   380     060D  0AFF               	incf	btemp+1,f
   381     060E  1903               	btfsc	3,2
   382     060F  0AFE               	incf	btemp,f
   383     0610  2E02               	goto	init_ram0
   384                           
   385                           	psect	cstackCOMMON
   386     0070                     __pcstackCOMMON:
   387     0070                     ?_init_ssd:
   388     0070                     ??_init_ssd:	
   389                           ; 1 bytes @ 0x0
   390                           
   391     0070                     ?_read_digital_keypad:	
   392                           ; 1 bytes @ 0x0
   393                           
   394     0070                     ??_read_digital_keypad:	
   395                           ; 1 bytes @ 0x0
   396                           
   397     0070                     ?_display:	
   398                           ; 1 bytes @ 0x0
   399                           
   400     0070                     ??_display:	
   401                           ; 1 bytes @ 0x0
   402                           
   403     0070                     ?_init_config:	
   404                           ; 1 bytes @ 0x0
   405                           
   406     0070                     ??_init_config:	
   407                           ; 1 bytes @ 0x0
   408                           
   409     0070                     ?_main:	
   410                           ; 1 bytes @ 0x0
   411                           
   412     0070                     ?___lwmod:	
   413                           ; 1 bytes @ 0x0
   414                           
   415     0070                     ___lwmod@divisor:	
   416                           ; 2 bytes @ 0x0
   417                           
   418                           
   419                           ; 2 bytes @ 0x0
   420     0070                     	ds	1
   421     0071                     read_digital_keypad@mode:
   422                           
   423                           ; 1 bytes @ 0x1
   424     0071                     	ds	1
   425     0072                     ___lwmod@dividend:
   426                           
   427                           ; 2 bytes @ 0x2
   428     0072                     	ds	2
   429     0074                     ??___lwmod:
   430     0074                     display@wait:	
   431                           ; 1 bytes @ 0x4
   432                           
   433                           
   434                           ; 4 bytes @ 0x4
   435     0074                     	ds	1
   436     0075                     ___lwmod@counter:
   437                           
   438                           ; 1 bytes @ 0x5
   439     0075                     	ds	1
   440     0076                     ?___lwdiv:
   441     0076                     ___lwdiv@divisor:	
   442                           ; 2 bytes @ 0x6
   443                           
   444                           
   445                           ; 2 bytes @ 0x6
   446     0076                     	ds	2
   447     0078                     display@data:
   448     0078                     ___lwdiv@dividend:	
   449                           ; 1 bytes @ 0x8
   450                           
   451                           
   452                           ; 2 bytes @ 0x8
   453     0078                     	ds	1
   454     0079                     display@digit:
   455                           
   456                           ; 1 bytes @ 0x9
   457     0079                     	ds	1
   458     007A                     ??___lwdiv:
   459                           
   460                           ; 1 bytes @ 0xA
   461     007A                     	ds	1
   462     007B                     ___lwdiv@quotient:
   463                           
   464                           ; 2 bytes @ 0xB
   465     007B                     	ds	2
   466     007D                     ___lwdiv@counter:
   467                           
   468                           ; 1 bytes @ 0xD
   469     007D                     	ds	1
   470                           
   471                           	psect	cstackBANK0
   472     0020                     __pcstackBANK0:
   473     0020                     ??_main:
   474                           
   475                           ; 1 bytes @ 0x0
   476     0020                     	ds	4
   477     0024                     main@digit:
   478                           
   479                           ; 10 bytes @ 0x4
   480     0024                     	ds	10
   481     002E                     main@wait:
   482                           
   483                           ; 2 bytes @ 0xE
   484     002E                     	ds	2
   485     0030                     main@key:
   486                           
   487                           ; 1 bytes @ 0x10
   488     0030                     	ds	1
   489     0031                     main@key2:
   490                           
   491                           ; 1 bytes @ 0x11
   492     0031                     	ds	1
   493     0032                     main@ssd:
   494                           
   495                           ; 4 bytes @ 0x12
   496     0032                     	ds	4
   497     0036                     main@count:
   498                           
   499                           ; 2 bytes @ 0x16
   500     0036                     	ds	2
   501                           
   502                           	psect	maintext
   503     070F                     __pmaintext:	
   504 ;;
   505 ;;Main: autosize = 0, tempsize = 4, incstack = 0, save=0
   506 ;;
   507 ;; *************** function _main *****************
   508 ;; Defined at:
   509 ;;		line 18 in file "main.c"
   510 ;; Parameters:    Size  Location     Type
   511 ;;		None
   512 ;; Auto vars:     Size  Location     Type
   513 ;;  digit          10    4[BANK0 ] unsigned char [10]
   514 ;;  ssd             4   18[BANK0 ] unsigned char [4]
   515 ;;  count           2   22[BANK0 ] unsigned int 
   516 ;;  wait            2   14[BANK0 ] unsigned int 
   517 ;;  key2            1   17[BANK0 ] unsigned char 
   518 ;;  key             1   16[BANK0 ] unsigned char 
   519 ;; Return value:  Size  Location     Type
   520 ;;                  1    wreg      void 
   521 ;; Registers used:
   522 ;;		wreg, fsr0l, fsr0h, status,2, status,0, pclath, cstack
   523 ;; Tracked objects:
   524 ;;		On entry : B00/0
   525 ;;		On exit  : 0/0
   526 ;;		Unchanged: 0/0
   527 ;; Data sizes:     COMMON   BANK0   BANK1   BANK3   BANK2
   528 ;;      Params:         0       0       0       0       0
   529 ;;      Locals:         0      20       0       0       0
   530 ;;      Temps:          0       4       0       0       0
   531 ;;      Totals:         0      24       0       0       0
   532 ;;Total ram usage:       24 bytes
   533 ;; Hardware stack levels required when called: 2
   534 ;; This function calls:
   535 ;;		___lwdiv
   536 ;;		___lwmod
   537 ;;		_display
   538 ;;		_init_config
   539 ;;		_read_digital_keypad
   540 ;; This function is called by:
   541 ;;		Startup code after reset
   542 ;; This function uses a non-reentrant model
   543 ;;
   544                           
   545     070F                     _main:	
   546                           ;psect for function _main
   547                           
   548     070F                     l900:	
   549                           ;incstack = 0
   550                           ; Regs used in _main: [wreg-fsr0h+status,2+status,0+pclath+cstack]
   551                           
   552                           
   553                           ;main.c: 20:     while (1)
   554     070F  1283               	bcf	3,5	;RP0=0, select bank0
   555     0710  1303               	bcf	3,6	;RP1=0, select bank0
   556     0711  0845               	movf	main@F858+3,w
   557     0712  00B5               	movwf	main@ssd+3
   558     0713  0844               	movf	main@F858+2,w
   559     0714  00B4               	movwf	main@ssd+2
   560     0715  0843               	movf	main@F858+1,w
   561     0716  00B3               	movwf	main@ssd+1
   562     0717  0842               	movf	main@F858,w
   563     0718  00B2               	movwf	main@ssd
   564     0719                     l902:
   565                           
   566                           ;main.c: 23:         key = read_digital_keypad(1);
   567     0719  3024               	movlw	main@digit& (0+255)
   568     071A  0084               	movwf	4
   569     071B  3038               	movlw	low main@F860
   570     071C  00A0               	movwf	??_main
   571     071D  0804               	movf	4,w
   572     071E  00A1               	movwf	??_main+1
   573     071F  300A               	movlw	10
   574     0720  00A2               	movwf	??_main+2
   575     0721                     u470:
   576     0721  0820               	movf	??_main,w
   577     0722  0084               	movwf	4
   578     0723  1383               	bcf	3,7	;select IRP bank0
   579     0724  0800               	movf	0,w
   580     0725  00A3               	movwf	??_main+3
   581     0726  0AA0               	incf	??_main,f
   582     0727  0821               	movf	??_main+1,w
   583     0728  0084               	movwf	4
   584     0729  0823               	movf	??_main+3,w
   585     072A  0080               	movwf	0
   586     072B  0AA1               	incf	??_main+1,f
   587     072C  0BA2               	decfsz	??_main+2,f
   588     072D  2F21               	goto	u470
   589     072E                     l904:
   590                           
   591                           ;main.c: 26: 
   592     072E  01B6               	clrf	main@count
   593     072F  01B7               	clrf	main@count+1
   594     0730                     l906:
   595     0730  01AE               	clrf	main@wait
   596     0731  01AF               	clrf	main@wait+1
   597     0732                     l908:
   598                           
   599                           ;main.c: 29:         {;main.c: 30:            count++;;main.c: 32:            ssd[2] = d
      +                          igit[(count % 100) / 10];
   600     0732  120A  118A  25DD  120A  118A  	fcall	_init_config
   601     0737                     l910:
   602                           
   603                           ;main.c: 35:         };main.c: 37: 
   604     0737  3001               	movlw	1
   605     0738  120A  118A  2611  120A  118A  	fcall	_read_digital_keypad
   606     073D  1283               	bcf	3,5	;RP0=0, select bank0
   607     073E  1303               	bcf	3,6	;RP1=0, select bank0
   608     073F  00B0               	movwf	main@key
   609     0740                     l912:
   610                           
   611                           ;main.c: 39:         {
   612     0740  3000               	movlw	0
   613     0741  120A  118A  2611  120A  118A  	fcall	_read_digital_keypad
   614     0746  1283               	bcf	3,5	;RP0=0, select bank0
   615     0747  1303               	bcf	3,6	;RP1=0, select bank0
   616     0748  00B1               	movwf	main@key2
   617     0749                     l914:
   618                           
   619                           ;main.c: 42:               wait = 0;
   620     0749  303E               	movlw	62
   621     074A  0630               	xorwf	main@key,w
   622     074B  1D03               	btfss	3,2
   623     074C  2F4E               	goto	u481
   624     074D  2F4F               	goto	u480
   625     074E                     u481:
   626     074E  2FC3               	goto	l926
   627     074F                     u480:
   628     074F                     l916:
   629                           
   630                           ;main.c: 43:               count = 0;;main.c: 44:               ssd[3] = 0x3F;
   631     074F  3001               	movlw	1
   632     0750  07B6               	addwf	main@count,f
   633     0751  1803               	skipnc
   634     0752  0AB7               	incf	main@count+1,f
   635     0753  3000               	movlw	0
   636     0754  07B7               	addwf	main@count+1,f
   637     0755                     l918:
   638                           
   639                           ;main.c: 45:               ssd[2] = 0x3F;
   640     0755  300A               	movlw	10
   641     0756  00F0               	movwf	___lwmod@divisor
   642     0757  3000               	movlw	0
   643     0758  00F1               	movwf	___lwmod@divisor+1
   644     0759  0837               	movf	main@count+1,w
   645     075A  00F3               	movwf	___lwmod@dividend+1
   646     075B  0836               	movf	main@count,w
   647     075C  00F2               	movwf	___lwmod@dividend
   648     075D  120A  118A  263B  120A  118A  	fcall	___lwmod
   649     0762  0870               	movf	?___lwmod,w
   650     0763  3E24               	addlw	(low (main@digit| 0))& (0+255)
   651     0764  0084               	movwf	4
   652     0765  1383               	bcf	3,7	;select IRP bank0
   653     0766  0800               	movf	0,w
   654     0767  1283               	bcf	3,5	;RP0=0, select bank0
   655     0768  1303               	bcf	3,6	;RP1=0, select bank0
   656     0769  00B5               	movwf	main@ssd+3
   657     076A                     l920:
   658                           
   659                           ;main.c: 46:               ssd[1] = 0x3F;
   660     076A  300A               	movlw	10
   661     076B  00F6               	movwf	___lwdiv@divisor
   662     076C  3000               	movlw	0
   663     076D  00F7               	movwf	___lwdiv@divisor+1
   664     076E  0837               	movf	main@count+1,w
   665     076F  00F3               	movwf	___lwmod@dividend+1
   666     0770  0836               	movf	main@count,w
   667     0771  00F2               	movwf	___lwmod@dividend
   668     0772  3064               	movlw	100
   669     0773  00F0               	movwf	___lwmod@divisor
   670     0774  3000               	movlw	0
   671     0775  00F1               	movwf	___lwmod@divisor+1
   672     0776  120A  118A  263B  120A  118A  	fcall	___lwmod
   673     077B  0871               	movf	?___lwmod+1,w
   674     077C  00F9               	movwf	___lwdiv@dividend+1
   675     077D  0870               	movf	?___lwmod,w
   676     077E  00F8               	movwf	___lwdiv@dividend
   677     077F  120A  118A  2675  120A  118A  	fcall	___lwdiv
   678     0784  0876               	movf	?___lwdiv,w
   679     0785  3E24               	addlw	(low (main@digit| 0))& (0+255)
   680     0786  0084               	movwf	4
   681     0787  1383               	bcf	3,7	;select IRP bank0
   682     0788  0800               	movf	0,w
   683     0789  1283               	bcf	3,5	;RP0=0, select bank0
   684     078A  1303               	bcf	3,6	;RP1=0, select bank0
   685     078B  00B4               	movwf	main@ssd+2
   686     078C                     l922:
   687                           
   688                           ;main.c: 47:               ssd[0] = 0x3F;
   689     078C  3064               	movlw	100
   690     078D  00F6               	movwf	___lwdiv@divisor
   691     078E  3000               	movlw	0
   692     078F  00F7               	movwf	___lwdiv@divisor+1
   693     0790  0837               	movf	main@count+1,w
   694     0791  00F3               	movwf	___lwmod@dividend+1
   695     0792  0836               	movf	main@count,w
   696     0793  00F2               	movwf	___lwmod@dividend
   697     0794  30E8               	movlw	232
   698     0795  00F0               	movwf	___lwmod@divisor
   699     0796  3003               	movlw	3
   700     0797  00F1               	movwf	___lwmod@divisor+1
   701     0798  120A  118A  263B  120A  118A  	fcall	___lwmod
   702     079D  0871               	movf	?___lwmod+1,w
   703     079E  00F9               	movwf	___lwdiv@dividend+1
   704     079F  0870               	movf	?___lwmod,w
   705     07A0  00F8               	movwf	___lwdiv@dividend
   706     07A1  120A  118A  2675  120A  118A  	fcall	___lwdiv
   707     07A6  0876               	movf	?___lwdiv,w
   708     07A7  3E24               	addlw	(low (main@digit| 0))& (0+255)
   709     07A8  0084               	movwf	4
   710     07A9  1383               	bcf	3,7	;select IRP bank0
   711     07AA  0800               	movf	0,w
   712     07AB  1283               	bcf	3,5	;RP0=0, select bank0
   713     07AC  1303               	bcf	3,6	;RP1=0, select bank0
   714     07AD  00B3               	movwf	main@ssd+1
   715     07AE                     l924:
   716                           
   717                           ;main.c: 48:             }
   718     07AE  30E8               	movlw	232
   719     07AF  00F6               	movwf	___lwdiv@divisor
   720     07B0  3003               	movlw	3
   721     07B1  00F7               	movwf	___lwdiv@divisor+1
   722     07B2  0837               	movf	main@count+1,w
   723     07B3  00F9               	movwf	___lwdiv@dividend+1
   724     07B4  0836               	movf	main@count,w
   725     07B5  00F8               	movwf	___lwdiv@dividend
   726     07B6  120A  118A  2675  120A  118A  	fcall	___lwdiv
   727     07BB  0876               	movf	?___lwdiv,w
   728     07BC  3E24               	addlw	(low (main@digit| 0))& (0+255)
   729     07BD  0084               	movwf	4
   730     07BE  1383               	bcf	3,7	;select IRP bank0
   731     07BF  0800               	movf	0,w
   732     07C0  1283               	bcf	3,5	;RP0=0, select bank0
   733     07C1  1303               	bcf	3,6	;RP1=0, select bank0
   734     07C2  00B2               	movwf	main@ssd
   735     07C3                     l926:
   736                           
   737                           ;main.c: 52:         display(ssd);
   738     07C3  303E               	movlw	62
   739     07C4  0631               	xorwf	main@key2,w
   740     07C5  1D03               	btfss	3,2
   741     07C6  2FC8               	goto	u491
   742     07C7  2FC9               	goto	u490
   743     07C8                     u491:
   744     07C8  2FE4               	goto	l940
   745     07C9                     u490:
   746     07C9                     l928:
   747                           
   748                           ;main.c: 53:     };main.c: 54:     return;
   749     07C9  3001               	movlw	1
   750     07CA  07AE               	addwf	main@wait,f
   751     07CB  1803               	skipnc
   752     07CC  0AAF               	incf	main@wait+1,f
   753     07CD  3000               	movlw	0
   754     07CE  07AF               	addwf	main@wait+1,f
   755     07CF  3046               	movlw	70
   756     07D0  062E               	xorwf	main@wait,w
   757     07D1  1D03               	skipz
   758     07D2  2FD7               	goto	u501
   759     07D3  032F               	decf	main@wait+1,w
   760     07D4  1D03               	btfss	3,2
   761     07D5  2FD7               	goto	u501
   762     07D6  2FD8               	goto	u500
   763     07D7                     u501:
   764     07D7  2FE4               	goto	l940
   765     07D8                     u500:
   766     07D8                     l930:
   767                           
   768                           ;main.c: 55: }
   769     07D8  01AE               	clrf	main@wait
   770     07D9  01AF               	clrf	main@wait+1
   771     07DA  01B6               	clrf	main@count
   772     07DB  01B7               	clrf	main@count+1
   773     07DC                     l932:
   774     07DC  303F               	movlw	63
   775     07DD  00B5               	movwf	main@ssd+3
   776     07DE                     l934:
   777     07DE  303F               	movlw	63
   778     07DF  00B4               	movwf	main@ssd+2
   779     07E0                     l936:
   780     07E0  303F               	movlw	63
   781     07E1  00B3               	movwf	main@ssd+1
   782     07E2                     l938:
   783     07E2  303F               	movlw	63
   784     07E3  00B2               	movwf	main@ssd
   785     07E4                     l940:
   786     07E4  3032               	movlw	(low (main@ssd| 0))& (0+255)
   787     07E5  120A  118A  26B9  120A  118A  	fcall	_display
   788     07EA  2F37               	goto	l910
   789     07EB  120A  118A  2800   	ljmp	start
   790     07EE                     __end_of_main:
   791                           
   792                           	psect	text1
   793     0611                     __ptext1:	
   794 ;; *************** function _read_digital_keypad *****************
   795 ;; Defined at:
   796 ;;		line 17 in file "digital_keypad.c"
   797 ;; Parameters:    Size  Location     Type
   798 ;;  mode            1    wreg     unsigned char 
   799 ;; Auto vars:     Size  Location     Type
   800 ;;  mode            1    1[COMMON] unsigned char 
   801 ;; Return value:  Size  Location     Type
   802 ;;                  1    wreg      unsigned char 
   803 ;; Registers used:
   804 ;;		wreg, status,2, status,0
   805 ;; Tracked objects:
   806 ;;		On entry : 0/0
   807 ;;		On exit  : 0/0
   808 ;;		Unchanged: 0/0
   809 ;; Data sizes:     COMMON   BANK0   BANK1   BANK3   BANK2
   810 ;;      Params:         0       0       0       0       0
   811 ;;      Locals:         1       0       0       0       0
   812 ;;      Temps:          1       0       0       0       0
   813 ;;      Totals:         2       0       0       0       0
   814 ;;Total ram usage:        2 bytes
   815 ;; Hardware stack levels used: 1
   816 ;; This function calls:
   817 ;;		Nothing
   818 ;; This function is called by:
   819 ;;		_main
   820 ;; This function uses a non-reentrant model
   821 ;;
   822                           
   823     0611                     _read_digital_keypad:	
   824                           ;psect for function _read_digital_keypad
   825                           
   826                           
   827                           ;incstack = 0
   828                           ; Regs used in _read_digital_keypad: [wreg+status,2+status,0]
   829                           ;read_digital_keypad@mode stored from wreg
   830     0611  00F1               	movwf	read_digital_keypad@mode
   831     0612                     l806:
   832                           
   833                           ;digital_keypad.c: 17: unsigned char read_digital_keypad(unsigned char mode);digital_key
      +                          pad.c: 18: {;digital_keypad.c: 19:     static unsigned char once = 1;;digital_keypad.c: 
      +                          21:     if (mode == 0)
   834     0612  0871               	movf	read_digital_keypad@mode,w
   835     0613  1D03               	btfss	3,2
   836     0614  2E16               	goto	u261
   837     0615  2E17               	goto	u260
   838     0616                     u261:
   839     0616  2E1C               	goto	l814
   840     0617                     u260:
   841     0617                     l808:
   842                           
   843                           ;digital_keypad.c: 22:     {;digital_keypad.c: 23:         return PORTB & 0x3F;
   844     0617  1283               	bcf	3,5	;RP0=0, select bank0
   845     0618  1303               	bcf	3,6	;RP1=0, select bank0
   846     0619  0806               	movf	6,w	;volatile
   847     061A  393F               	andlw	63
   848     061B  2E3A               	goto	l56
   849     061C                     l814:
   850                           
   851                           ;digital_keypad.c: 26:     {;digital_keypad.c: 27:         if (((PORTB & 0x3F) != 0x3F) 
      +                          && once)
   852     061C  303F               	movlw	63
   853     061D  1283               	bcf	3,5	;RP0=0, select bank0
   854     061E  1303               	bcf	3,6	;RP1=0, select bank0
   855     061F  0506               	andwf	6,w	;volatile
   856     0620  00F0               	movwf	??_read_digital_keypad
   857     0621  303F               	movlw	63
   858     0622  0670               	xorwf	??_read_digital_keypad,w
   859     0623  1903               	btfsc	3,2
   860     0624  2E26               	goto	u271
   861     0625  2E27               	goto	u270
   862     0626                     u271:
   863     0626  2E2E               	goto	l826
   864     0627                     u270:
   865     0627                     l816:
   866     0627  0846               	movf	read_digital_keypad@once,w
   867     0628  1903               	btfsc	3,2
   868     0629  2E2B               	goto	u281
   869     062A  2E2C               	goto	u280
   870     062B                     u281:
   871     062B  2E2E               	goto	l826
   872     062C                     u280:
   873     062C                     l818:
   874                           
   875                           ;digital_keypad.c: 28:         {;digital_keypad.c: 29:             once = 0;
   876     062C  01C6               	clrf	read_digital_keypad@once
   877     062D  2E17               	goto	l808
   878     062E                     l826:
   879     062E  303F               	movlw	63
   880     062F  0506               	andwf	6,w	;volatile
   881     0630  00F0               	movwf	??_read_digital_keypad
   882     0631  303F               	movlw	63
   883     0632  0670               	xorwf	??_read_digital_keypad,w
   884     0633  1D03               	btfss	3,2
   885     0634  2E36               	goto	u291
   886     0635  2E37               	goto	u290
   887     0636                     u291:
   888     0636  2E39               	goto	l830
   889     0637                     u290:
   890     0637                     l828:
   891                           
   892                           ;digital_keypad.c: 34:         {;digital_keypad.c: 35:             once = 1;
   893     0637  01C6               	clrf	read_digital_keypad@once
   894     0638  0AC6               	incf	read_digital_keypad@once,f
   895     0639                     l830:
   896                           
   897                           ;digital_keypad.c: 39:     return 0x3F;
   898     0639  303F               	movlw	63
   899     063A                     l56:
   900     063A  0008               	return
   901     063B                     __end_of_read_digital_keypad:
   902                           
   903                           	psect	text2
   904     05DD                     __ptext2:	
   905 ;; *************** function _init_config *****************
   906 ;; Defined at:
   907 ;;		line 14 in file "main.c"
   908 ;; Parameters:    Size  Location     Type
   909 ;;		None
   910 ;; Auto vars:     Size  Location     Type
   911 ;;		None
   912 ;; Return value:  Size  Location     Type
   913 ;;                  1    wreg      void 
   914 ;; Registers used:
   915 ;;		wreg, status,2, status,0, pclath, cstack
   916 ;; Tracked objects:
   917 ;;		On entry : 0/0
   918 ;;		On exit  : 0/0
   919 ;;		Unchanged: 0/0
   920 ;; Data sizes:     COMMON   BANK0   BANK1   BANK3   BANK2
   921 ;;      Params:         0       0       0       0       0
   922 ;;      Locals:         0       0       0       0       0
   923 ;;      Temps:          0       0       0       0       0
   924 ;;      Totals:         0       0       0       0       0
   925 ;;Total ram usage:        0 bytes
   926 ;; Hardware stack levels used: 1
   927 ;; Hardware stack levels required when called: 1
   928 ;; This function calls:
   929 ;;		_init_ssd
   930 ;; This function is called by:
   931 ;;		_main
   932 ;; This function uses a non-reentrant model
   933 ;;
   934                           
   935     05DD                     _init_config:	
   936                           ;psect for function _init_config
   937                           
   938     05DD                     l804:	
   939                           ;incstack = 0
   940                           ; Regs used in _init_config: [wreg+status,2+status,0+pclath+cstack]
   941                           
   942                           
   943                           ;main.c: 15:     unsigned char key;
   944     05DD  120A  118A  25E3  120A  118A  	fcall	_init_ssd
   945     05E2                     l9:
   946     05E2  0008               	return
   947     05E3                     __end_of_init_config:
   948                           
   949                           	psect	text3
   950     05E3                     __ptext3:	
   951 ;; *************** function _init_ssd *****************
   952 ;; Defined at:
   953 ;;		line 11 in file "ssd.c"
   954 ;; Parameters:    Size  Location     Type
   955 ;;		None
   956 ;; Auto vars:     Size  Location     Type
   957 ;;		None
   958 ;; Return value:  Size  Location     Type
   959 ;;                  1    wreg      void 
   960 ;; Registers used:
   961 ;;		wreg, status,2
   962 ;; Tracked objects:
   963 ;;		On entry : 0/0
   964 ;;		On exit  : 0/0
   965 ;;		Unchanged: 0/0
   966 ;; Data sizes:     COMMON   BANK0   BANK1   BANK3   BANK2
   967 ;;      Params:         0       0       0       0       0
   968 ;;      Locals:         0       0       0       0       0
   969 ;;      Temps:          0       0       0       0       0
   970 ;;      Totals:         0       0       0       0       0
   971 ;;Total ram usage:        0 bytes
   972 ;; Hardware stack levels used: 1
   973 ;; This function calls:
   974 ;;		Nothing
   975 ;; This function is called by:
   976 ;;		_init_config
   977 ;; This function uses a non-reentrant model
   978 ;;
   979                           
   980     05E3                     _init_ssd:	
   981                           ;psect for function _init_ssd
   982                           
   983     05E3                     l798:	
   984                           ;incstack = 0
   985                           ; Regs used in _init_ssd: [wreg+status,2]
   986                           
   987                           
   988                           ;ssd.c: 14:     TRISD = 0x00;
   989     05E3  1683               	bsf	3,5	;RP0=1, select bank1
   990     05E4  1303               	bcf	3,6	;RP1=0, select bank1
   991     05E5  0188               	clrf	8	;volatile
   992     05E6                     l800:
   993                           
   994                           ;ssd.c: 17:     TRISA = TRISA & 0xC3;
   995     05E6  0805               	movf	5,w	;volatile
   996     05E7  39C3               	andlw	195
   997     05E8  0085               	movwf	5	;volatile
   998     05E9                     l802:
   999                           
  1000                           ;ssd.c: 20:     PORTA = PORTA & 0xC3;
  1001     05E9  1283               	bcf	3,5	;RP0=0, select bank0
  1002     05EA  1303               	bcf	3,6	;RP1=0, select bank0
  1003     05EB  0805               	movf	5,w	;volatile
  1004     05EC  39C3               	andlw	195
  1005     05ED  0085               	movwf	5	;volatile
  1006     05EE                     l35:
  1007     05EE  0008               	return
  1008     05EF                     __end_of_init_ssd:
  1009                           
  1010                           	psect	text4
  1011     06B9                     __ptext4:	
  1012 ;; *************** function _display *****************
  1013 ;; Defined at:
  1014 ;;		line 23 in file "ssd.c"
  1015 ;; Parameters:    Size  Location     Type
  1016 ;;  data            1    wreg     PTR unsigned char 
  1017 ;;		 -> main@ssd(4), 
  1018 ;; Auto vars:     Size  Location     Type
  1019 ;;  data            1    8[COMMON] PTR unsigned char 
  1020 ;;		 -> main@ssd(4), 
  1021 ;;  wait            4    4[COMMON] unsigned long 
  1022 ;;  digit           1    9[COMMON] unsigned char 
  1023 ;; Return value:  Size  Location     Type
  1024 ;;                  1    wreg      void 
  1025 ;; Registers used:
  1026 ;;		wreg, fsr0l, fsr0h, status,2, status,0
  1027 ;; Tracked objects:
  1028 ;;		On entry : 0/0
  1029 ;;		On exit  : 0/0
  1030 ;;		Unchanged: 0/0
  1031 ;; Data sizes:     COMMON   BANK0   BANK1   BANK3   BANK2
  1032 ;;      Params:         0       0       0       0       0
  1033 ;;      Locals:         6       0       0       0       0
  1034 ;;      Temps:          4       0       0       0       0
  1035 ;;      Totals:        10       0       0       0       0
  1036 ;;Total ram usage:       10 bytes
  1037 ;; Hardware stack levels used: 1
  1038 ;; This function calls:
  1039 ;;		Nothing
  1040 ;; This function is called by:
  1041 ;;		_main
  1042 ;; This function uses a non-reentrant model
  1043 ;;
  1044                           
  1045     06B9                     _display:	
  1046                           ;psect for function _display
  1047                           
  1048                           
  1049                           ;incstack = 0
  1050                           ; Regs used in _display: [wreg-fsr0h+status,2+status,0]
  1051                           ;display@data stored from wreg
  1052     06B9  00F8               	movwf	display@data
  1053     06BA                     l834:
  1054                           
  1055                           ;ssd.c: 23: void display(unsigned char data[]);ssd.c: 24: {;ssd.c: 25:     unsigned char
      +                           digit ;;ssd.c: 27:     for (digit = 0; digit < 4; digit++)
  1056     06BA  01F9               	clrf	display@digit
  1057     06BB                     l840:
  1058                           
  1059                           ;ssd.c: 28:     {;ssd.c: 29:         PORTD = data[digit];
  1060     06BB  0879               	movf	display@digit,w
  1061     06BC  0778               	addwf	display@data,w
  1062     06BD  00F0               	movwf	??_display
  1063     06BE  0870               	movf	??_display,w
  1064     06BF  0084               	movwf	4
  1065     06C0  1383               	bcf	3,7	;select IRP bank0
  1066     06C1  0800               	movf	0,w
  1067     06C2  1283               	bcf	3,5	;RP0=0, select bank0
  1068     06C3  1303               	bcf	3,6	;RP1=0, select bank0
  1069     06C4  0088               	movwf	8	;volatile
  1070     06C5                     l842:
  1071                           
  1072                           ;ssd.c: 30:         PORTA = (PORTA & 0xC3) | (0x04 << digit);
  1073     06C5  3004               	movlw	4
  1074     06C6  00F0               	movwf	??_display
  1075     06C7  0A79               	incf	display@digit,w
  1076     06C8  2ECB               	goto	u304
  1077     06C9                     u305:
  1078     06C9  1003               	clrc
  1079     06CA  0DF0               	rlf	??_display,f
  1080     06CB                     u304:
  1081     06CB  3EFF               	addlw	-1
  1082     06CC  1D03               	skipz
  1083     06CD  2EC9               	goto	u305
  1084     06CE  0805               	movf	5,w	;volatile
  1085     06CF  39C3               	andlw	195
  1086     06D0  0470               	iorwf	??_display,w
  1087     06D1  0085               	movwf	5	;volatile
  1088     06D2                     l844:
  1089                           
  1090                           ;ssd.c: 32:        for (unsigned long int wait = 400; wait--; );
  1091     06D2  3000               	movlw	0
  1092     06D3  00F7               	movwf	display@wait+3
  1093     06D4  3000               	movlw	0
  1094     06D5  00F6               	movwf	display@wait+2
  1095     06D6  3001               	movlw	1
  1096     06D7  00F5               	movwf	display@wait+1
  1097     06D8  3090               	movlw	144
  1098     06D9  00F4               	movwf	display@wait
  1099     06DA                     l846:
  1100     06DA  3001               	movlw	1
  1101     06DB  00F0               	movwf	??_display
  1102     06DC  3000               	movlw	0
  1103     06DD  00F1               	movwf	??_display+1
  1104     06DE  3000               	movlw	0
  1105     06DF  00F2               	movwf	??_display+2
  1106     06E0  3000               	movlw	0
  1107     06E1  00F3               	movwf	??_display+3
  1108     06E2  0870               	movf	??_display,w
  1109     06E3  02F4               	subwf	display@wait,f
  1110     06E4  0871               	movf	??_display+1,w
  1111     06E5  1C03               	skipc
  1112     06E6  0F71               	incfsz	??_display+1,w
  1113     06E7  2EE9               	goto	u315
  1114     06E8  2EEA               	goto	u316
  1115     06E9                     u315:
  1116     06E9  02F5               	subwf	display@wait+1,f
  1117     06EA                     u316:
  1118     06EA  0872               	movf	??_display+2,w
  1119     06EB  1C03               	skipc
  1120     06EC  0F72               	incfsz	??_display+2,w
  1121     06ED  2EEF               	goto	u317
  1122     06EE  2EF0               	goto	u318
  1123     06EF                     u317:
  1124     06EF  02F6               	subwf	display@wait+2,f
  1125     06F0                     u318:
  1126     06F0  0873               	movf	??_display+3,w
  1127     06F1  1C03               	skipc
  1128     06F2  0F73               	incfsz	??_display+3,w
  1129     06F3  2EF5               	goto	u319
  1130     06F4  2EF6               	goto	u310
  1131     06F5                     u319:
  1132     06F5  02F7               	subwf	display@wait+3,f
  1133     06F6                     u310:
  1134     06F6  0A74               	incf	display@wait,w
  1135     06F7  1D03               	skipz
  1136     06F8  2F03               	goto	u321
  1137     06F9  0A75               	incf	display@wait+1,w
  1138     06FA  1D03               	skipz
  1139     06FB  2F03               	goto	u321
  1140     06FC  0A76               	incf	display@wait+2,w
  1141     06FD  1D03               	skipz
  1142     06FE  2F03               	goto	u321
  1143     06FF  0A77               	incf	display@wait+3,w
  1144     0700  1D03               	btfss	3,2
  1145     0701  2F03               	goto	u321
  1146     0702  2F04               	goto	u320
  1147     0703                     u321:
  1148     0703  2EDA               	goto	l846
  1149     0704                     u320:
  1150     0704                     l848:
  1151                           
  1152                           ;ssd.c: 33:     }
  1153     0704  3001               	movlw	1
  1154     0705  00F0               	movwf	??_display
  1155     0706  0870               	movf	??_display,w
  1156     0707  07F9               	addwf	display@digit,f
  1157     0708                     l850:
  1158     0708  3004               	movlw	4
  1159     0709  0279               	subwf	display@digit,w
  1160     070A  1C03               	skipc
  1161     070B  2F0D               	goto	u331
  1162     070C  2F0E               	goto	u330
  1163     070D                     u331:
  1164     070D  2EBB               	goto	l840
  1165     070E                     u330:
  1166     070E                     l43:
  1167     070E  0008               	return
  1168     070F                     __end_of_display:
  1169                           
  1170                           	psect	text5
  1171     063B                     __ptext5:	
  1172 ;; *************** function ___lwmod *****************
  1173 ;; Defined at:
  1174 ;;		line 5 in file "C:\Program Files\Microchip\xc8\v2.40\pic\sources\c90\common\lwmod.c"
  1175 ;; Parameters:    Size  Location     Type
  1176 ;;  divisor         2    0[COMMON] unsigned int 
  1177 ;;  dividend        2    2[COMMON] unsigned int 
  1178 ;; Auto vars:     Size  Location     Type
  1179 ;;  counter         1    5[COMMON] unsigned char 
  1180 ;; Return value:  Size  Location     Type
  1181 ;;                  2    0[COMMON] unsigned int 
  1182 ;; Registers used:
  1183 ;;		wreg, status,2, status,0
  1184 ;; Tracked objects:
  1185 ;;		On entry : 0/0
  1186 ;;		On exit  : 0/0
  1187 ;;		Unchanged: 0/0
  1188 ;; Data sizes:     COMMON   BANK0   BANK1   BANK3   BANK2
  1189 ;;      Params:         4       0       0       0       0
  1190 ;;      Locals:         1       0       0       0       0
  1191 ;;      Temps:          1       0       0       0       0
  1192 ;;      Totals:         6       0       0       0       0
  1193 ;;Total ram usage:        6 bytes
  1194 ;; Hardware stack levels used: 1
  1195 ;; This function calls:
  1196 ;;		Nothing
  1197 ;; This function is called by:
  1198 ;;		_main
  1199 ;; This function uses a non-reentrant model
  1200 ;;
  1201                           
  1202     063B                     ___lwmod:	
  1203                           ;psect for function ___lwmod
  1204                           
  1205     063B                     l878:	
  1206                           ;incstack = 0
  1207                           ; Regs used in ___lwmod: [wreg+status,2+status,0]
  1208                           
  1209     063B  0870               	movf	___lwmod@divisor,w
  1210     063C  0471               	iorwf	___lwmod@divisor+1,w
  1211     063D  1903               	btfsc	3,2
  1212     063E  2E40               	goto	u411
  1213     063F  2E41               	goto	u410
  1214     0640                     u411:
  1215     0640  2E70               	goto	l896
  1216     0641                     u410:
  1217     0641                     l880:
  1218     0641  01F5               	clrf	___lwmod@counter
  1219     0642  0AF5               	incf	___lwmod@counter,f
  1220     0643  2E4F               	goto	l886
  1221     0644                     l882:
  1222     0644  3001               	movlw	1
  1223     0645                     u425:
  1224     0645  1003               	clrc
  1225     0646  0DF0               	rlf	___lwmod@divisor,f
  1226     0647  0DF1               	rlf	___lwmod@divisor+1,f
  1227     0648  3EFF               	addlw	-1
  1228     0649  1D03               	skipz
  1229     064A  2E45               	goto	u425
  1230     064B                     l884:
  1231     064B  3001               	movlw	1
  1232     064C  00F4               	movwf	??___lwmod
  1233     064D  0874               	movf	??___lwmod,w
  1234     064E  07F5               	addwf	___lwmod@counter,f
  1235     064F                     l886:
  1236     064F  1FF1               	btfss	___lwmod@divisor+1,7
  1237     0650  2E52               	goto	u431
  1238     0651  2E53               	goto	u430
  1239     0652                     u431:
  1240     0652  2E44               	goto	l882
  1241     0653                     u430:
  1242     0653                     l888:
  1243     0653  0871               	movf	___lwmod@divisor+1,w
  1244     0654  0273               	subwf	___lwmod@dividend+1,w
  1245     0655  1D03               	skipz
  1246     0656  2E59               	goto	u445
  1247     0657  0870               	movf	___lwmod@divisor,w
  1248     0658  0272               	subwf	___lwmod@dividend,w
  1249     0659                     u445:
  1250     0659  1C03               	skipc
  1251     065A  2E5C               	goto	u441
  1252     065B  2E5D               	goto	u440
  1253     065C                     u441:
  1254     065C  2E63               	goto	l892
  1255     065D                     u440:
  1256     065D                     l890:
  1257     065D  0870               	movf	___lwmod@divisor,w
  1258     065E  02F2               	subwf	___lwmod@dividend,f
  1259     065F  0871               	movf	___lwmod@divisor+1,w
  1260     0660  1C03               	skipc
  1261     0661  03F3               	decf	___lwmod@dividend+1,f
  1262     0662  02F3               	subwf	___lwmod@dividend+1,f
  1263     0663                     l892:
  1264     0663  3001               	movlw	1
  1265     0664                     u455:
  1266     0664  1003               	clrc
  1267     0665  0CF1               	rrf	___lwmod@divisor+1,f
  1268     0666  0CF0               	rrf	___lwmod@divisor,f
  1269     0667  3EFF               	addlw	-1
  1270     0668  1D03               	skipz
  1271     0669  2E64               	goto	u455
  1272     066A                     l894:
  1273     066A  3001               	movlw	1
  1274     066B  02F5               	subwf	___lwmod@counter,f
  1275     066C  1D03               	btfss	3,2
  1276     066D  2E6F               	goto	u461
  1277     066E  2E70               	goto	u460
  1278     066F                     u461:
  1279     066F  2E53               	goto	l888
  1280     0670                     u460:
  1281     0670                     l896:
  1282     0670  0873               	movf	___lwmod@dividend+1,w
  1283     0671  00F1               	movwf	?___lwmod+1
  1284     0672  0872               	movf	___lwmod@dividend,w
  1285     0673  00F0               	movwf	?___lwmod
  1286     0674                     l428:
  1287     0674  0008               	return
  1288     0675                     __end_of___lwmod:
  1289                           
  1290                           	psect	text6
  1291     0675                     __ptext6:	
  1292 ;; *************** function ___lwdiv *****************
  1293 ;; Defined at:
  1294 ;;		line 5 in file "C:\Program Files\Microchip\xc8\v2.40\pic\sources\c90\common\lwdiv.c"
  1295 ;; Parameters:    Size  Location     Type
  1296 ;;  divisor         2    6[COMMON] unsigned int 
  1297 ;;  dividend        2    8[COMMON] unsigned int 
  1298 ;; Auto vars:     Size  Location     Type
  1299 ;;  quotient        2   11[COMMON] unsigned int 
  1300 ;;  counter         1   13[COMMON] unsigned char 
  1301 ;; Return value:  Size  Location     Type
  1302 ;;                  2    6[COMMON] unsigned int 
  1303 ;; Registers used:
  1304 ;;		wreg, status,2, status,0
  1305 ;; Tracked objects:
  1306 ;;		On entry : 0/0
  1307 ;;		On exit  : 0/0
  1308 ;;		Unchanged: 0/0
  1309 ;; Data sizes:     COMMON   BANK0   BANK1   BANK3   BANK2
  1310 ;;      Params:         4       0       0       0       0
  1311 ;;      Locals:         3       0       0       0       0
  1312 ;;      Temps:          1       0       0       0       0
  1313 ;;      Totals:         8       0       0       0       0
  1314 ;;Total ram usage:        8 bytes
  1315 ;; Hardware stack levels used: 1
  1316 ;; This function calls:
  1317 ;;		Nothing
  1318 ;; This function is called by:
  1319 ;;		_main
  1320 ;; This function uses a non-reentrant model
  1321 ;;
  1322                           
  1323     0675                     ___lwdiv:	
  1324                           ;psect for function ___lwdiv
  1325                           
  1326     0675                     l852:	
  1327                           ;incstack = 0
  1328                           ; Regs used in ___lwdiv: [wreg+status,2+status,0]
  1329                           
  1330     0675  01FB               	clrf	___lwdiv@quotient
  1331     0676  01FC               	clrf	___lwdiv@quotient+1
  1332     0677                     l854:
  1333     0677  0876               	movf	___lwdiv@divisor,w
  1334     0678  0477               	iorwf	___lwdiv@divisor+1,w
  1335     0679  1903               	btfsc	3,2
  1336     067A  2E7C               	goto	u341
  1337     067B  2E7D               	goto	u340
  1338     067C                     u341:
  1339     067C  2EB4               	goto	l874
  1340     067D                     u340:
  1341     067D                     l856:
  1342     067D  01FD               	clrf	___lwdiv@counter
  1343     067E  0AFD               	incf	___lwdiv@counter,f
  1344     067F  2E8B               	goto	l862
  1345     0680                     l858:
  1346     0680  3001               	movlw	1
  1347     0681                     u355:
  1348     0681  1003               	clrc
  1349     0682  0DF6               	rlf	___lwdiv@divisor,f
  1350     0683  0DF7               	rlf	___lwdiv@divisor+1,f
  1351     0684  3EFF               	addlw	-1
  1352     0685  1D03               	skipz
  1353     0686  2E81               	goto	u355
  1354     0687                     l860:
  1355     0687  3001               	movlw	1
  1356     0688  00FA               	movwf	??___lwdiv
  1357     0689  087A               	movf	??___lwdiv,w
  1358     068A  07FD               	addwf	___lwdiv@counter,f
  1359     068B                     l862:
  1360     068B  1FF7               	btfss	___lwdiv@divisor+1,7
  1361     068C  2E8E               	goto	u361
  1362     068D  2E8F               	goto	u360
  1363     068E                     u361:
  1364     068E  2E80               	goto	l858
  1365     068F                     u360:
  1366     068F                     l864:
  1367     068F  3001               	movlw	1
  1368     0690                     u375:
  1369     0690  1003               	clrc
  1370     0691  0DFB               	rlf	___lwdiv@quotient,f
  1371     0692  0DFC               	rlf	___lwdiv@quotient+1,f
  1372     0693  3EFF               	addlw	-1
  1373     0694  1D03               	skipz
  1374     0695  2E90               	goto	u375
  1375     0696  0877               	movf	___lwdiv@divisor+1,w
  1376     0697  0279               	subwf	___lwdiv@dividend+1,w
  1377     0698  1D03               	skipz
  1378     0699  2E9C               	goto	u385
  1379     069A  0876               	movf	___lwdiv@divisor,w
  1380     069B  0278               	subwf	___lwdiv@dividend,w
  1381     069C                     u385:
  1382     069C  1C03               	skipc
  1383     069D  2E9F               	goto	u381
  1384     069E  2EA0               	goto	u380
  1385     069F                     u381:
  1386     069F  2EA7               	goto	l870
  1387     06A0                     u380:
  1388     06A0                     l866:
  1389     06A0  0876               	movf	___lwdiv@divisor,w
  1390     06A1  02F8               	subwf	___lwdiv@dividend,f
  1391     06A2  0877               	movf	___lwdiv@divisor+1,w
  1392     06A3  1C03               	skipc
  1393     06A4  03F9               	decf	___lwdiv@dividend+1,f
  1394     06A5  02F9               	subwf	___lwdiv@dividend+1,f
  1395     06A6                     l868:
  1396     06A6  147B               	bsf	___lwdiv@quotient,0
  1397     06A7                     l870:
  1398     06A7  3001               	movlw	1
  1399     06A8                     u395:
  1400     06A8  1003               	clrc
  1401     06A9  0CF7               	rrf	___lwdiv@divisor+1,f
  1402     06AA  0CF6               	rrf	___lwdiv@divisor,f
  1403     06AB  3EFF               	addlw	-1
  1404     06AC  1D03               	skipz
  1405     06AD  2EA8               	goto	u395
  1406     06AE                     l872:
  1407     06AE  3001               	movlw	1
  1408     06AF  02FD               	subwf	___lwdiv@counter,f
  1409     06B0  1D03               	btfss	3,2
  1410     06B1  2EB3               	goto	u401
  1411     06B2  2EB4               	goto	u400
  1412     06B3                     u401:
  1413     06B3  2E8F               	goto	l864
  1414     06B4                     u400:
  1415     06B4                     l874:
  1416     06B4  087C               	movf	___lwdiv@quotient+1,w
  1417     06B5  00F7               	movwf	?___lwdiv+1
  1418     06B6  087B               	movf	___lwdiv@quotient,w
  1419     06B7  00F6               	movwf	?___lwdiv
  1420     06B8                     l418:
  1421     06B8  0008               	return
  1422     06B9                     __end_of___lwdiv:
  1423     007E                     btemp	set	126	;btemp
  1424     007E                     wtemp0	set	126
  1425                           
  1426                           	psect	config
  1427                           
  1428                           ;Config register CONFIG @ 0x2007
  1429                           ;	Oscillator Selection bits
  1430                           ;	FOSC = 0x3, unprogrammed default
  1431                           ;	Watchdog Timer Enable bit
  1432                           ;	WDTE = OFF, WDT disabled
  1433                           ;	Power-up Timer Enable bit
  1434                           ;	PWRTE = 0x1, unprogrammed default
  1435                           ;	Brown-out Reset Enable bit
  1436                           ;	BOREN = 0x1, unprogrammed default
  1437                           ;	Low-Voltage (Single-Supply) In-Circuit Serial Programming Enable bit
  1438                           ;	LVP = 0x1, unprogrammed default
  1439                           ;	Data EEPROM Memory Code Protection bit
  1440                           ;	CPD = 0x1, unprogrammed default
  1441                           ;	Flash Program Memory Write Enable bits
  1442                           ;	WRT = 0x3, unprogrammed default
  1443                           ;	In-Circuit Debugger Mode bit
  1444                           ;	DEBUG = 0x1, unprogrammed default
  1445                           ;	Flash Program Memory Code Protection bit
  1446                           ;	CP = 0x1, unprogrammed default
  1447     2007                     	org	8199
  1448     2007  3FFB               	dw	16379

Data Sizes:
    Strings     0
    Constant    0
    Data        15
    BSS         0
    Persistent  0
    Stack       0

Auto Spaces:
    Space          Size  Autos    Used
    COMMON           14     14      14
    BANK0            80     24      39
    BANK1            80      0       0
    BANK3            96      0       0
    BANK2            96      0       0

Pointer List with Targets:

    display@data	PTR unsigned char  size(1) Largest target is 4
		 -> main@ssd(BANK0[4]), 


Critical Paths under _main in COMMON

    _main->___lwdiv
    ___lwdiv->___lwmod

Critical Paths under _main in BANK0

    None.

Critical Paths under _main in BANK1

    None.

Critical Paths under _main in BANK3

    None.

Critical Paths under _main in BANK2

    None.

Call Graph Tables:

 ---------------------------------------------------------------------------------
 (Depth) Function   	        Calls       Base Space   Used Autos Params    Refs
 ---------------------------------------------------------------------------------
 (0) _main                                                24    24      0    1847
                                              0 BANK0     24    24      0
                            ___lwdiv
                            ___lwmod
                            _display
                        _init_config
                _read_digital_keypad
 ---------------------------------------------------------------------------------
 (1) _read_digital_keypad                                  2     2      0      22
                                              0 COMMON     2     2      0
 ---------------------------------------------------------------------------------
 (1) _init_config                                          0     0      0       0
                           _init_ssd
 ---------------------------------------------------------------------------------
 (2) _init_ssd                                             0     0      0       0
 ---------------------------------------------------------------------------------
 (1) _display                                             10    10      0     168
                                              0 COMMON    10    10      0
 ---------------------------------------------------------------------------------
 (1) ___lwmod                                              6     2      4     615
                                              0 COMMON     6     2      4
 ---------------------------------------------------------------------------------
 (1) ___lwdiv                                              8     4      4     618
                                              6 COMMON     8     4      4
                            ___lwmod (ARG)
 ---------------------------------------------------------------------------------
 Estimated maximum stack depth 2
 ---------------------------------------------------------------------------------

 Call Graph Graphs:

 _main (ROOT)
   ___lwdiv
     ___lwmod (ARG)
   ___lwmod
   _display
   _init_config
     _init_ssd
   _read_digital_keypad

 Address spaces:
Name               Size   Autos  Total    Cost      Usage
BANK3               60      0       0       9        0.0%
BITBANK3            60      0       0       8        0.0%
SFR3                 0      0       0       4        0.0%
BITSFR3              0      0       0       4        0.0%
BANK2               60      0       0      11        0.0%
BITBANK2            60      0       0      10        0.0%
SFR2                 0      0       0       5        0.0%
BITSFR2              0      0       0       5        0.0%
BANK1               50      0       0       7        0.0%
BITBANK1            50      0       0       6        0.0%
SFR1                 0      0       0       2        0.0%
BITSFR1              0      0       0       2        0.0%
BANK0               50     18      27       5       48.8%
BITBANK0            50      0       0       4        0.0%
SFR0                 0      0       0       1        0.0%
BITSFR0              0      0       0       1        0.0%
COMMON               E      E       E       1      100.0%
BITCOMMON            E      0       0       0        0.0%
CODE                 0      0       0       0        0.0%
DATA                 0      0      35      12        0.0%
ABS                  0      0      35       3        0.0%
NULL                 0      0       0       0        0.0%
STACK                0      0       0       2        0.0%
EEDATA             100      0       0       0        0.0%


Microchip Technology PIC Macro Assembler V2.40 build 20220703182018 
Symbol Table                                                                                   Fri Sep 09 16:32:18 2022

                          l9 05E2                            pc 0002                           l43 070E  
                         l35 05EE                           l56 063A                           fsr 0004  
                        l418 06B8                          l428 0674                          l800 05E6  
                        l802 05E9                          l804 05DD                          l900 070F  
                        l830 0639                          l814 061C                          l806 0612  
                        l910 0737                          l902 0719                          l840 06BB  
                        l816 0627                          l808 0617                          l920 076A  
                        l912 0740                          l904 072E                          l850 0708  
                        l842 06C5                          l834 06BA                          l818 062C  
                        l826 062E                          l930 07D8                          l922 078C  
                        l914 0749                          l906 0730                          l860 0687  
                        l852 0675                          l844 06D2                          l828 0637  
                        l932 07DC                          l940 07E4                          l924 07AE  
                        l916 074F                          l908 0732                          l870 06A7  
                        l862 068B                          l854 0677                          l846 06DA  
                        l934 07DE                          l918 0755                          l926 07C3  
                        l872 06AE                          l864 068F                          l856 067D  
                        l880 0641                          l848 0704                          l936 07E0  
                        l928 07C9                          l866 06A0                          l858 0680  
                        l874 06B4                          l890 065D                          l882 0644  
                        l938 07E2                          l868 06A6                          l892 0663  
                        l884 064B                          l894 066A                          l886 064F  
                        l878 063B                          l798 05E3                          l888 0653  
                        l896 0670                          u310 06F6                          u400 06B4  
                        u320 0704                          u304 06CB                          u401 06B3  
                        u321 0703                          u305 06C9                          u410 0641  
                        u330 070E                          u411 0640                          u331 070D  
                        u315 06E9                          u340 067D                          u316 06EA  
                        u260 0617                          u500 07D8                          u341 067C  
                        u317 06EF                          u261 0616                          u501 07D7  
                        u430 0653                          u318 06F0                          u270 0627  
                        u431 0652                          u319 06F5                          u271 0626  
                        u360 068F                          u440 065D                          u280 062C  
                        u361 068E                          u441 065C                          u425 0645  
                        u281 062B                          u290 0637                          u355 0681  
                        u291 0636                          u380 06A0                          u460 0670  
                        u381 069F                          u461 066F                          u445 0659  
                        u470 0721                          u375 0690                          u455 0664  
                        u480 074F                          u385 069C                          u481 074E  
                        u490 07C9                          u395 06A8                          u491 07C8  
                        fsr0 0004                          indf 0000        ??_read_digital_keypad 0070  
                display@data 0078                  display@wait 0074                         _main 070F  
                       btemp 007E                         start 0000                        ?_main 0070  
            __end_of___lwdiv 06B9              __end_of___lwmod 0675                 ?_init_config 0070  
                      _PORTA 0005                        _PORTB 0006                        _PORTD 0008  
                      _TRISA 0085                        _TRISB 0086                        _TRISD 0088  
               display@digit 0079              __end_of_display 070F                        pclath 000A  
                      status 0003                        wtemp0 007E              __initialization 07EE  
               __end_of_main 07EE                       ??_main 0020                    ??___lwdiv 007A  
                  ??___lwmod 0074             __end_of_init_ssd 05EF                    ??_display 0070  
    __end_of__initialization 07FC               __pcstackCOMMON 0070                 __pidataBANK0 05EF  
                 __pmaintext 070F  __end_of_read_digital_keypad 063B                    ?_init_ssd 0070  
                    ___lwdiv 0675                      ___lwmod 063B                      __ptext1 0611  
                    __ptext2 05DD                      __ptext3 05E3                      __ptext4 06B9  
                    __ptext5 063B                      __ptext6 0675                      _display 06B9  
                    main@key 0030                      main@ssd 0032         end_of_initialization 07FC  
                 ??_init_ssd 0070          start_initialization 07EE                   init_fetch0 05FE  
                __pdataBANK0 0038                ??_init_config 0070                    ___latbits 0002  
              __pcstackBANK0 0020             ___lwdiv@dividend 0078                     ?___lwdiv 0076  
                   ?___lwmod 0070                     ?_display 0070             ___lwdiv@quotient 007B  
        __end_of_init_config 05E3                    main@digit 0024                    main@count 0036  
                _init_config 05DD              ___lwdiv@divisor 0076              ___lwdiv@counter 007D  
                   _init_ssd 05E3      read_digital_keypad@mode 0071      read_digital_keypad@once 0046  
                   main@F860 0038                     main@F858 0042                     main@key2 0031  
                   main@wait 002E                     init_ram0 0602             ___lwmod@dividend 0072  
        _read_digital_keypad 0611              ___lwmod@divisor 0070              ___lwmod@counter 0075  
       ?_read_digital_keypad 0070  
