

Microchip MPLAB XC8 Assembler V2.40 build 20220703182018 
                                                                                               Tue Oct 11 13:15:54 2022

Microchip MPLAB XC8 C Compiler v2.40 (Free license) build 20220703182018 Og1 
     1                           	processor	16F877A
     2                           	pagewidth 120
     3                           	opt	flic
     4                           	psect	idataBANK0,global,class=CODE,delta=2,noexec
     5                           	psect	strings,global,class=STRING,delta=2,noexec
     6                           	psect	cinit,global,class=CODE,merge=1,delta=2
     7                           	psect	dataBANK0,global,class=BANK0,space=1,delta=1,noexec
     8                           	psect	cstackCOMMON,global,class=COMMON,space=1,delta=1,noexec
     9                           	psect	cstackBANK0,global,class=BANK0,space=1,delta=1,noexec
    10                           	psect	maintext,global,class=CODE,split=1,delta=2
    11                           	psect	text1,local,class=CODE,merge=1,delta=2
    12                           	psect	text2,local,class=CODE,merge=1,delta=2
    13                           	psect	text3,local,class=CODE,merge=1,delta=2
    14                           	psect	text4,local,class=CODE,merge=1,delta=2
    15                           	psect	text5,local,class=CODE,merge=1,delta=2
    16                           	psect	text6,local,class=CODE,merge=1,delta=2,group=1
    17                           	psect	text7,local,class=CODE,merge=1,delta=2
    18                           	psect	config,global,abs,ovrld,class=CONFIG,space=4,delta=2,noexec
    19                           	dabs	1,0x7E,2
    20     0000                     
    21                           ; Version 2.20
    22                           ; Generated 12/02/2020 GMT
    23                           ; 
    24                           ; Copyright © 2020, Microchip Technology Inc. and its subsidiaries ("Microchip")
    25                           ; All rights reserved.
    26                           ; 
    27                           ; This software is developed by Microchip Technology Inc. and its subsidiaries ("Microch
      +                          ip").
    28                           ; 
    29                           ; Redistribution and use in source and binary forms, with or without modification, are
    30                           ; permitted provided that the following conditions are met:
    31                           ; 
    32                           ;     1. Redistributions of source code must retain the above copyright notice, this lis
      +                          t of
    33                           ;        conditions and the following disclaimer.
    34                           ; 
    35                           ;     2. Redistributions in binary form must reproduce the above copyright notice, this 
      +                          list
    36                           ;        of conditions and the following disclaimer in the documentation and/or other
    37                           ;        materials provided with the distribution.
    38                           ; 
    39                           ;     3. Microchip's name may not be used to endorse or promote products derived from th
      +                          is
    40                           ;        software without specific prior written permission.
    41                           ; 
    42                           ; THIS SOFTWARE IS PROVIDED BY MICROCHIP "AS IS" AND ANY EXPRESS OR IMPLIED WARRANTIES,
    43                           ; INCLUDING, BUT NOT LIMITED TO, THE IMPLIED WARRANTIES OF MERCHANTABILITY AND FITNESS F
      +                          OR
    44                           ; PURPOSE ARE DISCLAIMED.  IN NO EVENT SHALL MICROCHIP BE LIABLE FOR ANY DIRECT, INDIREC
      +                          T,
    45                           ; INCIDENTAL, SPECIAL, EXEMPLARY, OR CONSEQUENTIAL DAMAGES (INCLUDING BUT NOT LIMITED TO
    46                           ; PROCUREMENT OF SUBSTITUTE GOODS OR SERVICES; LOSS OF USE, DATA OR PROFITS; OR BUSINESS
    47                           ; INTERRUPTION) HOWSOEVER CAUSED AND ON ANY THEORY OF LIABILITY, WHETHER IN CONTRACT, ST
      +                          RICT
    48                           ; LIABILITY, OR TORT (INCLUDING NEGLIGENCE OR OTHERWISE) ARISING IN ANY WAY OUT OF THE U
      +                          SE OF
    49                           ; THIS SOFTWARE, EVEN IF ADVISED OF THE POSSIBILITY OF SUCH DAMAGE.
    50                           ; 
    51                           ; 
    52                           ; Code-generator required, PIC16F877A Definitions
    53                           ; 
    54                           ; SFR Addresses
    55     0000                     	;# 
    56     0001                     	;# 
    57     0002                     	;# 
    58     0003                     	;# 
    59     0004                     	;# 
    60     0005                     	;# 
    61     0006                     	;# 
    62     0007                     	;# 
    63     0008                     	;# 
    64     0009                     	;# 
    65     000A                     	;# 
    66     000B                     	;# 
    67     000C                     	;# 
    68     000D                     	;# 
    69     000E                     	;# 
    70     000E                     	;# 
    71     000F                     	;# 
    72     0010                     	;# 
    73     0011                     	;# 
    74     0012                     	;# 
    75     0013                     	;# 
    76     0014                     	;# 
    77     0015                     	;# 
    78     0015                     	;# 
    79     0016                     	;# 
    80     0017                     	;# 
    81     0018                     	;# 
    82     0019                     	;# 
    83     001A                     	;# 
    84     001B                     	;# 
    85     001B                     	;# 
    86     001C                     	;# 
    87     001D                     	;# 
    88     001E                     	;# 
    89     001F                     	;# 
    90     0081                     	;# 
    91     0085                     	;# 
    92     0086                     	;# 
    93     0087                     	;# 
    94     0088                     	;# 
    95     0089                     	;# 
    96     008C                     	;# 
    97     008D                     	;# 
    98     008E                     	;# 
    99     0091                     	;# 
   100     0092                     	;# 
   101     0093                     	;# 
   102     0094                     	;# 
   103     0098                     	;# 
   104     0099                     	;# 
   105     009C                     	;# 
   106     009D                     	;# 
   107     009E                     	;# 
   108     009F                     	;# 
   109     010C                     	;# 
   110     010D                     	;# 
   111     010E                     	;# 
   112     010F                     	;# 
   113     018C                     	;# 
   114     018D                     	;# 
   115     0000                     	;# 
   116     0001                     	;# 
   117     0002                     	;# 
   118     0003                     	;# 
   119     0004                     	;# 
   120     0005                     	;# 
   121     0006                     	;# 
   122     0007                     	;# 
   123     0008                     	;# 
   124     0009                     	;# 
   125     000A                     	;# 
   126     000B                     	;# 
   127     000C                     	;# 
   128     000D                     	;# 
   129     000E                     	;# 
   130     000E                     	;# 
   131     000F                     	;# 
   132     0010                     	;# 
   133     0011                     	;# 
   134     0012                     	;# 
   135     0013                     	;# 
   136     0014                     	;# 
   137     0015                     	;# 
   138     0015                     	;# 
   139     0016                     	;# 
   140     0017                     	;# 
   141     0018                     	;# 
   142     0019                     	;# 
   143     001A                     	;# 
   144     001B                     	;# 
   145     001B                     	;# 
   146     001C                     	;# 
   147     001D                     	;# 
   148     001E                     	;# 
   149     001F                     	;# 
   150     0081                     	;# 
   151     0085                     	;# 
   152     0086                     	;# 
   153     0087                     	;# 
   154     0088                     	;# 
   155     0089                     	;# 
   156     008C                     	;# 
   157     008D                     	;# 
   158     008E                     	;# 
   159     0091                     	;# 
   160     0092                     	;# 
   161     0093                     	;# 
   162     0094                     	;# 
   163     0098                     	;# 
   164     0099                     	;# 
   165     009C                     	;# 
   166     009D                     	;# 
   167     009E                     	;# 
   168     009F                     	;# 
   169     010C                     	;# 
   170     010D                     	;# 
   171     010E                     	;# 
   172     010F                     	;# 
   173     018C                     	;# 
   174     018D                     	;# 
   175     0000                     	;# 
   176     0001                     	;# 
   177     0002                     	;# 
   178     0003                     	;# 
   179     0004                     	;# 
   180     0005                     	;# 
   181     0006                     	;# 
   182     0007                     	;# 
   183     0008                     	;# 
   184     0009                     	;# 
   185     000A                     	;# 
   186     000B                     	;# 
   187     000C                     	;# 
   188     000D                     	;# 
   189     000E                     	;# 
   190     000E                     	;# 
   191     000F                     	;# 
   192     0010                     	;# 
   193     0011                     	;# 
   194     0012                     	;# 
   195     0013                     	;# 
   196     0014                     	;# 
   197     0015                     	;# 
   198     0015                     	;# 
   199     0016                     	;# 
   200     0017                     	;# 
   201     0018                     	;# 
   202     0019                     	;# 
   203     001A                     	;# 
   204     001B                     	;# 
   205     001B                     	;# 
   206     001C                     	;# 
   207     001D                     	;# 
   208     001E                     	;# 
   209     001F                     	;# 
   210     0081                     	;# 
   211     0085                     	;# 
   212     0086                     	;# 
   213     0087                     	;# 
   214     0088                     	;# 
   215     0089                     	;# 
   216     008C                     	;# 
   217     008D                     	;# 
   218     008E                     	;# 
   219     0091                     	;# 
   220     0092                     	;# 
   221     0093                     	;# 
   222     0094                     	;# 
   223     0098                     	;# 
   224     0099                     	;# 
   225     009C                     	;# 
   226     009D                     	;# 
   227     009E                     	;# 
   228     009F                     	;# 
   229     010C                     	;# 
   230     010D                     	;# 
   231     010E                     	;# 
   232     010F                     	;# 
   233     018C                     	;# 
   234     018D                     	;# 
   235     0000                     	;# 
   236     0001                     	;# 
   237     0002                     	;# 
   238     0003                     	;# 
   239     0004                     	;# 
   240     0005                     	;# 
   241     0006                     	;# 
   242     0007                     	;# 
   243     0008                     	;# 
   244     0009                     	;# 
   245     000A                     	;# 
   246     000B                     	;# 
   247     000C                     	;# 
   248     000D                     	;# 
   249     000E                     	;# 
   250     000E                     	;# 
   251     000F                     	;# 
   252     0010                     	;# 
   253     0011                     	;# 
   254     0012                     	;# 
   255     0013                     	;# 
   256     0014                     	;# 
   257     0015                     	;# 
   258     0015                     	;# 
   259     0016                     	;# 
   260     0017                     	;# 
   261     0018                     	;# 
   262     0019                     	;# 
   263     001A                     	;# 
   264     001B                     	;# 
   265     001B                     	;# 
   266     001C                     	;# 
   267     001D                     	;# 
   268     001E                     	;# 
   269     001F                     	;# 
   270     0081                     	;# 
   271     0085                     	;# 
   272     0086                     	;# 
   273     0087                     	;# 
   274     0088                     	;# 
   275     0089                     	;# 
   276     008C                     	;# 
   277     008D                     	;# 
   278     008E                     	;# 
   279     0091                     	;# 
   280     0092                     	;# 
   281     0093                     	;# 
   282     0094                     	;# 
   283     0098                     	;# 
   284     0099                     	;# 
   285     009C                     	;# 
   286     009D                     	;# 
   287     009E                     	;# 
   288     009F                     	;# 
   289     010C                     	;# 
   290     010D                     	;# 
   291     010E                     	;# 
   292     010F                     	;# 
   293     018C                     	;# 
   294     018D                     	;# 
   295                           
   296                           	psect	idataBANK0
   297     0690                     __pidataBANK0:
   298                           
   299                           ;initializer for read_digital_keypad@once
   300     0690  3401               	retlw	1
   301     0006                     _PORTB	set	6
   302     0019                     _TXREG	set	25
   303     001A                     _RCREG	set	26
   304     0064                     _TXIF	set	100
   305     0065                     _RCIF	set	101
   306     00C4                     _CREN	set	196
   307     00C7                     _SPEN	set	199
   308     0086                     _TRISB	set	134
   309     0099                     _SPBRG	set	153
   310                           
   311                           	psect	strings
   312     0003                     __pstrings:
   313     0003                     stringtab:
   314     0003                     __stringtab:
   315     0003                     stringcode:	
   316                           ;	String table - string pointers are 1 byte each
   317                           
   318     0003                     stringdir:
   319     0003  3000               	movlw	high stringdir
   320     0004  008A               	movwf	10
   321     0005  0804               	movf	4,w
   322     0006  0A84               	incf	4,f
   323     0007  0782               	addwf	2,f
   324     0008                     __stringbase:
   325     0008  3400               	retlw	0
   326     0009                     __end_of__stringtab:
   327     0009                     STR_1:
   328     0009  3455               	retlw	85	;'U'
   329     000A  3441               	retlw	65	;'A'
   330     000B  3452               	retlw	82	;'R'
   331     000C  3454               	retlw	84	;'T'
   332     000D  3420               	retlw	32	;' '
   333     000E  344B               	retlw	75	;'K'
   334     000F  3465               	retlw	101	;'e'
   335     0010  3479               	retlw	121	;'y'
   336     0011  3420               	retlw	32	;' '
   337     0012  3444               	retlw	68	;'D'
   338     0013  3465               	retlw	101	;'e'
   339     0014  3474               	retlw	116	;'t'
   340     0015  3465               	retlw	101	;'e'
   341     0016  3463               	retlw	99	;'c'
   342     0017  3474               	retlw	116	;'t'
   343     0018  3469               	retlw	105	;'i'
   344     0019  346F               	retlw	111	;'o'
   345     001A  346E               	retlw	110	;'n'
   346     001B  340A               	retlw	10
   347     001C  340D               	retlw	13
   348     001D  3400               	retlw	0
   349     001E                     STR_2:
   350     001E  3473               	retlw	115	;'s'
   351     001F  3477               	retlw	119	;'w'
   352     0020  3469               	retlw	105	;'i'
   353     0021  3474               	retlw	116	;'t'
   354     0022  3463               	retlw	99	;'c'
   355     0023  3468               	retlw	104	;'h'
   356     0024  3420               	retlw	32	;' '
   357     0025  3431               	retlw	49	;'1'
   358     0026  3420               	retlw	32	;' '
   359     0027  3469               	retlw	105	;'i'
   360     0028  3473               	retlw	115	;'s'
   361     0029  3420               	retlw	32	;' '
   362     002A  3470               	retlw	112	;'p'
   363     002B  3472               	retlw	114	;'r'
   364     002C  3465               	retlw	101	;'e'
   365     002D  3473               	retlw	115	;'s'
   366     002E  3473               	retlw	115	;'s'
   367     002F  340A               	retlw	10
   368     0030  340D               	retlw	13
   369     0031  3400               	retlw	0
   370     0032                     STR_3:
   371     0032  3473               	retlw	115	;'s'
   372     0033  3477               	retlw	119	;'w'
   373     0034  3469               	retlw	105	;'i'
   374     0035  3474               	retlw	116	;'t'
   375     0036  3463               	retlw	99	;'c'
   376     0037  3468               	retlw	104	;'h'
   377     0038  3420               	retlw	32	;' '
   378     0039  3432               	retlw	50	;'2'
   379     003A  3420               	retlw	32	;' '
   380     003B  3469               	retlw	105	;'i'
   381     003C  3473               	retlw	115	;'s'
   382     003D  3420               	retlw	32	;' '
   383     003E  3470               	retlw	112	;'p'
   384     003F  3472               	retlw	114	;'r'
   385     0040  3465               	retlw	101	;'e'
   386     0041  3473               	retlw	115	;'s'
   387     0042  3473               	retlw	115	;'s'
   388     0043  340A               	retlw	10
   389     0044  340D               	retlw	13
   390     0045  3400               	retlw	0
   391     0046                     STR_4:
   392     0046  3473               	retlw	115	;'s'
   393     0047  3477               	retlw	119	;'w'
   394     0048  3469               	retlw	105	;'i'
   395     0049  3474               	retlw	116	;'t'
   396     004A  3463               	retlw	99	;'c'
   397     004B  3468               	retlw	104	;'h'
   398     004C  3420               	retlw	32	;' '
   399     004D  3433               	retlw	51	;'3'
   400     004E  3420               	retlw	32	;' '
   401     004F  3469               	retlw	105	;'i'
   402     0050  3473               	retlw	115	;'s'
   403     0051  3420               	retlw	32	;' '
   404     0052  3470               	retlw	112	;'p'
   405     0053  3472               	retlw	114	;'r'
   406     0054  3465               	retlw	101	;'e'
   407     0055  3473               	retlw	115	;'s'
   408     0056  3473               	retlw	115	;'s'
   409     0057  340A               	retlw	10
   410     0058  340D               	retlw	13
   411     0059  3400               	retlw	0
   412     005A                     STR_5:
   413     005A  3473               	retlw	115	;'s'
   414     005B  3477               	retlw	119	;'w'
   415     005C  3469               	retlw	105	;'i'
   416     005D  3474               	retlw	116	;'t'
   417     005E  3463               	retlw	99	;'c'
   418     005F  3468               	retlw	104	;'h'
   419     0060  3420               	retlw	32	;' '
   420     0061  3434               	retlw	52	;'4'
   421     0062  3420               	retlw	32	;' '
   422     0063  3469               	retlw	105	;'i'
   423     0064  3473               	retlw	115	;'s'
   424     0065  3420               	retlw	32	;' '
   425     0066  3470               	retlw	112	;'p'
   426     0067  3472               	retlw	114	;'r'
   427     0068  3465               	retlw	101	;'e'
   428     0069  3473               	retlw	115	;'s'
   429     006A  3473               	retlw	115	;'s'
   430     006B  340A               	retlw	10
   431     006C  340D               	retlw	13
   432     006D  3400               	retlw	0
   433                           
   434                           	psect	cinit
   435     07F6                     start_initialization:	
   436                           ; #config settings
   437                           
   438     07F6                     __initialization:
   439                           
   440                           ; Initialize objects allocated to BANK0
   441     07F6  120A  118A  2690  120A  118A  	fcall	__pidataBANK0	;fetch initializer
   442     07FB  00AB               	movwf	__pdataBANK0& (0+127)
   443     07FC                     end_of_initialization:	
   444                           ;End of C runtime variable initialization code
   445                           
   446     07FC                     __end_of__initialization:
   447     07FC  0183               	clrf	3
   448     07FD  120A  118A  2F36   	ljmp	_main	;jump to C main() function
   449                           
   450                           	psect	dataBANK0
   451     002B                     __pdataBANK0:
   452     002B                     read_digital_keypad@once:
   453     002B                     	ds	1
   454                           
   455                           	psect	cstackCOMMON
   456     0070                     __pcstackCOMMON:
   457     0070                     ?_init_digital_keypad:
   458     0070                     ??_init_digital_keypad:	
   459                           ; 1 bytes @ 0x0
   460                           
   461     0070                     ?_puts:	
   462                           ; 1 bytes @ 0x0
   463                           
   464     0070                     ?_read_digital_keypad:	
   465                           ; 1 bytes @ 0x0
   466                           
   467     0070                     ??_read_digital_keypad:	
   468                           ; 1 bytes @ 0x0
   469                           
   470     0070                     ?_init_config:	
   471                           ; 1 bytes @ 0x0
   472                           
   473     0070                     ?_main:	
   474                           ; 1 bytes @ 0x0
   475                           
   476     0070                     ?_putchar:	
   477                           ; 1 bytes @ 0x0
   478                           
   479     0070                     ??_putchar:	
   480                           ; 1 bytes @ 0x0
   481                           
   482     0070                     ?___lldiv:	
   483                           ; 1 bytes @ 0x0
   484                           
   485     0070                     putchar@data:	
   486                           ; 4 bytes @ 0x0
   487                           
   488     0070                     ___lldiv@divisor:	
   489                           ; 1 bytes @ 0x0
   490                           
   491                           
   492                           ; 4 bytes @ 0x0
   493     0070                     	ds	1
   494     0071                     ??_puts:
   495     0071                     read_digital_keypad@mode:	
   496                           ; 1 bytes @ 0x1
   497                           
   498                           
   499                           ; 1 bytes @ 0x1
   500     0071                     	ds	1
   501     0072                     puts@s:
   502                           
   503                           ; 1 bytes @ 0x2
   504     0072                     	ds	2
   505     0074                     ___lldiv@dividend:
   506                           
   507                           ; 4 bytes @ 0x4
   508     0074                     	ds	4
   509     0078                     ??___lldiv:
   510                           
   511                           ; 1 bytes @ 0x8
   512     0078                     	ds	1
   513     0079                     ___lldiv@quotient:
   514                           
   515                           ; 4 bytes @ 0x9
   516     0079                     	ds	4
   517     007D                     ___lldiv@counter:
   518                           
   519                           ; 1 bytes @ 0xD
   520     007D                     	ds	1
   521     007E                     ??_init_config:
   522     007E                     ??_main:	
   523                           ; 1 bytes @ 0xE
   524                           
   525                           
   526                           	psect	cstackBANK0
   527     0020                     __pcstackBANK0:	
   528                           ; 1 bytes @ 0xE
   529                           
   530     0020                     ?_init_uart:
   531     0020                     init_uart@baud:	
   532                           ; 1 bytes @ 0x0
   533                           
   534                           
   535                           ; 4 bytes @ 0x0
   536     0020                     	ds	4
   537     0024                     ??_init_uart:
   538                           
   539                           ; 1 bytes @ 0x4
   540     0024                     	ds	4
   541     0028                     main@i:
   542                           
   543                           ; 2 bytes @ 0x8
   544     0028                     	ds	2
   545     002A                     main@key:
   546                           
   547                           ; 1 bytes @ 0xA
   548     002A                     	ds	1
   549                           
   550                           	psect	maintext
   551     0736                     __pmaintext:	
   552 ;;
   553 ;;Main: autosize = 0, tempsize = 0, incstack = 0, save=0
   554 ;;
   555 ;; *************** function _main *****************
   556 ;; Defined at:
   557 ;;		line 34 in file "main.c"
   558 ;; Parameters:    Size  Location     Type
   559 ;;		None
   560 ;; Auto vars:     Size  Location     Type
   561 ;;  i               2    8[BANK0 ] int 
   562 ;;  key             1   10[BANK0 ] unsigned char 
   563 ;; Return value:  Size  Location     Type
   564 ;;                  1    wreg      void 
   565 ;; Registers used:
   566 ;;		wreg, fsr0l, fsr0h, status,2, status,0, pclath, cstack
   567 ;; Tracked objects:
   568 ;;		On entry : B00/0
   569 ;;		On exit  : 0/0
   570 ;;		Unchanged: 0/0
   571 ;; Data sizes:     COMMON   BANK0   BANK1   BANK3   BANK2
   572 ;;      Params:         0       0       0       0       0
   573 ;;      Locals:         0       3       0       0       0
   574 ;;      Temps:          0       0       0       0       0
   575 ;;      Totals:         0       3       0       0       0
   576 ;;Total ram usage:        3 bytes
   577 ;; Hardware stack levels required when called: 3
   578 ;; This function calls:
   579 ;;		_init_config
   580 ;;		_puts
   581 ;;		_read_digital_keypad
   582 ;; This function is called by:
   583 ;;		Startup code after reset
   584 ;; This function uses a non-reentrant model
   585 ;;
   586                           
   587     0736                     _main:	
   588                           ;psect for function _main
   589                           
   590     0736                     l844:	
   591                           ;incstack = 0
   592                           ; Regs used in _main: [wreg-fsr0h+status,2+status,0+pclath+cstack]
   593                           
   594                           
   595                           ;main.c: 35: ;main.c: 37:     return;
   596     0736  120A  118A  26A2  120A  118A  	fcall	_init_config
   597     073B                     l846:
   598     073B  3001               	movlw	1
   599     073C  120A  118A  26DC  120A  118A  	fcall	_read_digital_keypad
   600     0741  1283               	bcf	3,5	;RP0=0, select bank0
   601     0742  1303               	bcf	3,6	;RP1=0, select bank0
   602     0743  00AA               	movwf	main@key
   603     0744                     l848:
   604     0744  302C               	movlw	44
   605     0745  00A8               	movwf	main@i
   606     0746  3001               	movlw	1
   607     0747  00A9               	movwf	main@i+1
   608     0748                     l850:
   609     0748  30FF               	movlw	255
   610     0749  07A8               	addwf	main@i,f
   611     074A  1803               	skipnc
   612     074B  0AA9               	incf	main@i+1,f
   613     074C  30FF               	movlw	255
   614     074D  07A9               	addwf	main@i+1,f
   615     074E  0A28               	incf	main@i,w
   616     074F  1D03               	skipz
   617     0750  2F55               	goto	u351
   618     0751  0A29               	incf	main@i+1,w
   619     0752  1D03               	btfss	3,2
   620     0753  2F55               	goto	u351
   621     0754  2F56               	goto	u350
   622     0755                     u351:
   623     0755  2F48               	goto	l850
   624     0756                     u350:
   625     0756                     l852:
   626     0756  303E               	movlw	62
   627     0757  062A               	xorwf	main@key,w
   628     0758  1D03               	btfss	3,2
   629     0759  2F5B               	goto	u361
   630     075A  2F5C               	goto	u360
   631     075B                     u361:
   632     075B  2F62               	goto	l856
   633     075C                     u360:
   634     075C                     l854:
   635     075C  3016               	movlw	(low ((STR_2-__stringbase)| (0+32768)))& (0+255)
   636     075D  120A  118A  26BD  120A  118A  	fcall	_puts
   637     0762                     l856:
   638     0762  303D               	movlw	61
   639     0763  1283               	bcf	3,5	;RP0=0, select bank0
   640     0764  1303               	bcf	3,6	;RP1=0, select bank0
   641     0765  062A               	xorwf	main@key,w
   642     0766  1D03               	btfss	3,2
   643     0767  2F69               	goto	u371
   644     0768  2F6A               	goto	u370
   645     0769                     u371:
   646     0769  2F70               	goto	l860
   647     076A                     u370:
   648     076A                     l858:
   649     076A  302A               	movlw	(low ((STR_3-__stringbase)| (0+32768)))& (0+255)
   650     076B  120A  118A  26BD  120A  118A  	fcall	_puts
   651     0770                     l860:
   652     0770  303B               	movlw	59
   653     0771  1283               	bcf	3,5	;RP0=0, select bank0
   654     0772  1303               	bcf	3,6	;RP1=0, select bank0
   655     0773  062A               	xorwf	main@key,w
   656     0774  1D03               	btfss	3,2
   657     0775  2F77               	goto	u381
   658     0776  2F78               	goto	u380
   659     0777                     u381:
   660     0777  2F7E               	goto	l864
   661     0778                     u380:
   662     0778                     l862:
   663     0778  303E               	movlw	(low ((STR_4-__stringbase)| (0+32768)))& (0+255)
   664     0779  120A  118A  26BD  120A  118A  	fcall	_puts
   665     077E                     l864:
   666     077E  3037               	movlw	55
   667     077F  1283               	bcf	3,5	;RP0=0, select bank0
   668     0780  1303               	bcf	3,6	;RP1=0, select bank0
   669     0781  062A               	xorwf	main@key,w
   670     0782  1D03               	btfss	3,2
   671     0783  2F85               	goto	u391
   672     0784  2F86               	goto	u390
   673     0785                     u391:
   674     0785  2F3B               	goto	l846
   675     0786                     u390:
   676     0786                     l866:
   677     0786  3052               	movlw	(low ((STR_5-__stringbase)| (0+32768)))& (0+255)
   678     0787  120A  118A  26BD  120A  118A  	fcall	_puts
   679     078C  2F3B               	goto	l846
   680     078D  120A  118A  2800   	ljmp	start
   681     0790                     __end_of_main:
   682                           
   683                           	psect	text1
   684     06DC                     __ptext1:	
   685 ;; *************** function _read_digital_keypad *****************
   686 ;; Defined at:
   687 ;;		line 10 in file "digital_keypad.c"
   688 ;; Parameters:    Size  Location     Type
   689 ;;  mode            1    wreg     unsigned char 
   690 ;; Auto vars:     Size  Location     Type
   691 ;;  mode            1    1[COMMON] unsigned char 
   692 ;; Return value:  Size  Location     Type
   693 ;;                  1    wreg      unsigned char 
   694 ;; Registers used:
   695 ;;		wreg, status,2, status,0
   696 ;; Tracked objects:
   697 ;;		On entry : 0/0
   698 ;;		On exit  : 0/0
   699 ;;		Unchanged: 0/0
   700 ;; Data sizes:     COMMON   BANK0   BANK1   BANK3   BANK2
   701 ;;      Params:         0       0       0       0       0
   702 ;;      Locals:         1       0       0       0       0
   703 ;;      Temps:          1       0       0       0       0
   704 ;;      Totals:         2       0       0       0       0
   705 ;;Total ram usage:        2 bytes
   706 ;; Hardware stack levels used: 1
   707 ;; This function calls:
   708 ;;		Nothing
   709 ;; This function is called by:
   710 ;;		_main
   711 ;; This function uses a non-reentrant model
   712 ;;
   713                           
   714     06DC                     _read_digital_keypad:	
   715                           ;psect for function _read_digital_keypad
   716                           
   717                           
   718                           ;incstack = 0
   719                           ; Regs used in _read_digital_keypad: [wreg+status,2+status,0]
   720                           ;read_digital_keypad@mode stored from wreg
   721     06DC  00F1               	movwf	read_digital_keypad@mode
   722     06DD                     l816:
   723                           
   724                           ;digital_keypad.c: 10: unsigned char read_digital_keypad(unsigned char mode);digital_key
      +                          pad.c: 11: {;digital_keypad.c: 12:     static unsigned char once = 1;;digital_keypad.c: 
      +                          14:     if (mode == 0)
   725     06DD  0871               	movf	read_digital_keypad@mode,w
   726     06DE  1D03               	btfss	3,2
   727     06DF  2EE1               	goto	u311
   728     06E0  2EE2               	goto	u310
   729     06E1                     u311:
   730     06E1  2EE7               	goto	l824
   731     06E2                     u310:
   732     06E2                     l818:
   733                           
   734                           ;digital_keypad.c: 15:     {;digital_keypad.c: 16:         return PORTB & 0x3F;
   735     06E2  1283               	bcf	3,5	;RP0=0, select bank0
   736     06E3  1303               	bcf	3,6	;RP1=0, select bank0
   737     06E4  0806               	movf	6,w	;volatile
   738     06E5  393F               	andlw	63
   739     06E6  2F05               	goto	l74
   740     06E7                     l824:
   741                           
   742                           ;digital_keypad.c: 19:     {;digital_keypad.c: 20:         if (((PORTB & 0x3F) != 0x3F) 
      +                          && once)
   743     06E7  303F               	movlw	63
   744     06E8  1283               	bcf	3,5	;RP0=0, select bank0
   745     06E9  1303               	bcf	3,6	;RP1=0, select bank0
   746     06EA  0506               	andwf	6,w	;volatile
   747     06EB  00F0               	movwf	??_read_digital_keypad
   748     06EC  303F               	movlw	63
   749     06ED  0670               	xorwf	??_read_digital_keypad,w
   750     06EE  1903               	btfsc	3,2
   751     06EF  2EF1               	goto	u321
   752     06F0  2EF2               	goto	u320
   753     06F1                     u321:
   754     06F1  2EF9               	goto	l836
   755     06F2                     u320:
   756     06F2                     l826:
   757     06F2  082B               	movf	read_digital_keypad@once,w
   758     06F3  1903               	btfsc	3,2
   759     06F4  2EF6               	goto	u331
   760     06F5  2EF7               	goto	u330
   761     06F6                     u331:
   762     06F6  2EF9               	goto	l836
   763     06F7                     u330:
   764     06F7                     l828:
   765                           
   766                           ;digital_keypad.c: 21:         {;digital_keypad.c: 22:             once = 0;
   767     06F7  01AB               	clrf	read_digital_keypad@once
   768     06F8  2EE2               	goto	l818
   769     06F9                     l836:
   770     06F9  303F               	movlw	63
   771     06FA  0506               	andwf	6,w	;volatile
   772     06FB  00F0               	movwf	??_read_digital_keypad
   773     06FC  303F               	movlw	63
   774     06FD  0670               	xorwf	??_read_digital_keypad,w
   775     06FE  1D03               	btfss	3,2
   776     06FF  2F01               	goto	u341
   777     0700  2F02               	goto	u340
   778     0701                     u341:
   779     0701  2F04               	goto	l840
   780     0702                     u340:
   781     0702                     l838:
   782                           
   783                           ;digital_keypad.c: 27:         {;digital_keypad.c: 28:             once = 1;
   784     0702  01AB               	clrf	read_digital_keypad@once
   785     0703  0AAB               	incf	read_digital_keypad@once,f
   786     0704                     l840:
   787                           
   788                           ;digital_keypad.c: 32:     return 0x3F;
   789     0704  303F               	movlw	63
   790     0705                     l74:
   791     0705  0008               	return
   792     0706                     __end_of_read_digital_keypad:
   793                           
   794                           	psect	text2
   795     06A2                     __ptext2:	
   796 ;; *************** function _init_config *****************
   797 ;; Defined at:
   798 ;;		line 26 in file "main.c"
   799 ;; Parameters:    Size  Location     Type
   800 ;;		None
   801 ;; Auto vars:     Size  Location     Type
   802 ;;		None
   803 ;; Return value:  Size  Location     Type
   804 ;;                  1    wreg      void 
   805 ;; Registers used:
   806 ;;		wreg, fsr0l, fsr0h, status,2, status,0, pclath, cstack
   807 ;; Tracked objects:
   808 ;;		On entry : 0/0
   809 ;;		On exit  : 0/0
   810 ;;		Unchanged: 0/0
   811 ;; Data sizes:     COMMON   BANK0   BANK1   BANK3   BANK2
   812 ;;      Params:         0       0       0       0       0
   813 ;;      Locals:         0       0       0       0       0
   814 ;;      Temps:          0       0       0       0       0
   815 ;;      Totals:         0       0       0       0       0
   816 ;;Total ram usage:        0 bytes
   817 ;; Hardware stack levels used: 1
   818 ;; Hardware stack levels required when called: 2
   819 ;; This function calls:
   820 ;;		_init_digital_keypad
   821 ;;		_init_uart
   822 ;;		_puts
   823 ;; This function is called by:
   824 ;;		_main
   825 ;; This function uses a non-reentrant model
   826 ;;
   827                           
   828     06A2                     _init_config:	
   829                           ;psect for function _init_config
   830                           
   831     06A2                     l812:	
   832                           ;incstack = 0
   833                           ; Regs used in _init_config: [wreg-fsr0h+status,2+status,0+pclath+cstack]
   834                           
   835                           
   836                           ;main.c: 28:         {
   837     06A2  3000               	movlw	0
   838     06A3  1283               	bcf	3,5	;RP0=0, select bank0
   839     06A4  1303               	bcf	3,6	;RP1=0, select bank0
   840     06A5  00A3               	movwf	init_uart@baud+3
   841     06A6  3000               	movlw	0
   842     06A7  00A2               	movwf	init_uart@baud+2
   843     06A8  3025               	movlw	37
   844     06A9  00A1               	movwf	init_uart@baud+1
   845     06AA  3080               	movlw	128
   846     06AB  00A0               	movwf	init_uart@baud
   847     06AC  120A  118A  2706  120A  118A  	fcall	_init_uart
   848                           
   849                           ;main.c: 29:             puts("switch 3 is press\n\r");
   850     06B1  120A  118A  2691  120A  118A  	fcall	_init_digital_keypad
   851     06B6                     l814:
   852                           
   853                           ;main.c: 31:         if(key == 0x37)
   854     06B6  3001               	movlw	(low ((STR_1-__stringbase)| (0+32768)))& (0+255)
   855     06B7  120A  118A  26BD  120A  118A  	fcall	_puts
   856     06BC                     l11:
   857     06BC  0008               	return
   858     06BD                     __end_of_init_config:
   859                           
   860                           	psect	text3
   861     06BD                     __ptext3:	
   862 ;; *************** function _puts *****************
   863 ;; Defined at:
   864 ;;		line 46 in file "uart.c"
   865 ;; Parameters:    Size  Location     Type
   866 ;;  s               1    wreg     PTR const unsigned char 
   867 ;;		 -> STR_5(20), STR_4(20), STR_3(20), STR_2(20), 
   868 ;;		 -> STR_1(21), 
   869 ;; Auto vars:     Size  Location     Type
   870 ;;  s               1    2[COMMON] PTR const unsigned char 
   871 ;;		 -> STR_5(20), STR_4(20), STR_3(20), STR_2(20), 
   872 ;;		 -> STR_1(21), 
   873 ;; Return value:  Size  Location     Type
   874 ;;                  1    wreg      void 
   875 ;; Registers used:
   876 ;;		wreg, fsr0l, fsr0h, status,2, status,0, pclath, cstack
   877 ;; Tracked objects:
   878 ;;		On entry : 0/0
   879 ;;		On exit  : 0/0
   880 ;;		Unchanged: 0/0
   881 ;; Data sizes:     COMMON   BANK0   BANK1   BANK3   BANK2
   882 ;;      Params:         0       0       0       0       0
   883 ;;      Locals:         1       0       0       0       0
   884 ;;      Temps:          1       0       0       0       0
   885 ;;      Totals:         2       0       0       0       0
   886 ;;Total ram usage:        2 bytes
   887 ;; Hardware stack levels used: 1
   888 ;; Hardware stack levels required when called: 1
   889 ;; This function calls:
   890 ;;		_putchar
   891 ;; This function is called by:
   892 ;;		_init_config
   893 ;;		_main
   894 ;; This function uses a non-reentrant model
   895 ;;
   896                           
   897     06BD                     _puts:	
   898                           ;psect for function _puts
   899                           
   900                           
   901                           ;incstack = 0
   902                           ; Regs used in _puts: [wreg-fsr0h+status,2+status,0+pclath+cstack]
   903                           ;puts@s stored from wreg
   904     06BD  00F2               	movwf	puts@s
   905     06BE                     l804:
   906                           
   907                           ;uart.c: 46: void puts(const char *s);uart.c: 47: {;uart.c: 48:     while (*s)
   908     06BE  2ECF               	goto	l810
   909     06BF                     l806:
   910                           
   911                           ;uart.c: 49:     {;uart.c: 50:         putchar(*s++);
   912     06BF  0872               	movf	puts@s,w
   913     06C0  0084               	movwf	4
   914     06C1  120A  118A  2003  120A  118A  	fcall	stringdir
   915     06C6  120A  118A  2697  120A  118A  	fcall	_putchar
   916     06CB                     l808:
   917     06CB  3001               	movlw	1
   918     06CC  00F1               	movwf	??_puts
   919     06CD  0871               	movf	??_puts,w
   920     06CE  07F2               	addwf	puts@s,f
   921     06CF                     l810:
   922                           
   923                           ;uart.c: 48:     while (*s)
   924     06CF  0872               	movf	puts@s,w
   925     06D0  0084               	movwf	4
   926     06D1  120A  118A  2003  120A  118A  	fcall	stringdir
   927     06D6  3A00               	xorlw	0
   928     06D7  1D03               	skipz
   929     06D8  2EDA               	goto	u301
   930     06D9  2EDB               	goto	u300
   931     06DA                     u301:
   932     06DA  2EBF               	goto	l806
   933     06DB                     u300:
   934     06DB                     l61:
   935     06DB  0008               	return
   936     06DC                     __end_of_puts:
   937                           
   938                           	psect	text4
   939     0697                     __ptext4:	
   940 ;; *************** function _putchar *****************
   941 ;; Defined at:
   942 ;;		line 31 in file "uart.c"
   943 ;; Parameters:    Size  Location     Type
   944 ;;  data            1    wreg     unsigned char 
   945 ;; Auto vars:     Size  Location     Type
   946 ;;  data            1    0[COMMON] unsigned char 
   947 ;; Return value:  Size  Location     Type
   948 ;;                  1    wreg      void 
   949 ;; Registers used:
   950 ;;		wreg
   951 ;; Tracked objects:
   952 ;;		On entry : 0/0
   953 ;;		On exit  : 0/0
   954 ;;		Unchanged: 0/0
   955 ;; Data sizes:     COMMON   BANK0   BANK1   BANK3   BANK2
   956 ;;      Params:         0       0       0       0       0
   957 ;;      Locals:         1       0       0       0       0
   958 ;;      Temps:          0       0       0       0       0
   959 ;;      Totals:         1       0       0       0       0
   960 ;;Total ram usage:        1 bytes
   961 ;; Hardware stack levels used: 1
   962 ;; This function calls:
   963 ;;		Nothing
   964 ;; This function is called by:
   965 ;;		_puts
   966 ;; This function uses a non-reentrant model
   967 ;;
   968                           
   969     0697                     _putchar:	
   970                           ;psect for function _putchar
   971                           
   972                           
   973                           ;incstack = 0
   974                           ; Regs used in _putchar: [wreg]
   975                           ;putchar@data stored from wreg
   976     0697  00F0               	movwf	putchar@data
   977     0698                     l772:
   978                           
   979                           ;uart.c: 31: void putchar(unsigned char data);uart.c: 32: {;uart.c: 34:     TXREG = data
      +                          ;
   980     0698  0870               	movf	putchar@data,w
   981     0699  1283               	bcf	3,5	;RP0=0, select bank0
   982     069A  1303               	bcf	3,6	;RP1=0, select bank0
   983     069B  0099               	movwf	25	;volatile
   984     069C                     l53:	
   985                           ;uart.c: 40:     } while (TXIF != 1);
   986                           
   987     069C  1E0C               	btfss	12,4	;volatile
   988     069D  2E9F               	goto	u211
   989     069E  2EA0               	goto	u210
   990     069F                     u211:
   991     069F  2E9C               	goto	l53
   992     06A0                     u210:
   993     06A0                     l54:
   994                           
   995                           ;uart.c: 43:     TXIF = 0;
   996     06A0  120C               	bcf	12,4	;volatile
   997     06A1                     l55:
   998     06A1  0008               	return
   999     06A2                     __end_of_putchar:
  1000                           
  1001                           	psect	text5
  1002     0706                     __ptext5:	
  1003 ;; *************** function _init_uart *****************
  1004 ;; Defined at:
  1005 ;;		line 4 in file "uart.c"
  1006 ;; Parameters:    Size  Location     Type
  1007 ;;  baud            4    0[BANK0 ] unsigned long 
  1008 ;; Auto vars:     Size  Location     Type
  1009 ;;		None
  1010 ;; Return value:  Size  Location     Type
  1011 ;;                  1    wreg      void 
  1012 ;; Registers used:
  1013 ;;		wreg, status,2, status,0, pclath, cstack
  1014 ;; Tracked objects:
  1015 ;;		On entry : 0/0
  1016 ;;		On exit  : 0/0
  1017 ;;		Unchanged: 0/0
  1018 ;; Data sizes:     COMMON   BANK0   BANK1   BANK3   BANK2
  1019 ;;      Params:         0       4       0       0       0
  1020 ;;      Locals:         0       0       0       0       0
  1021 ;;      Temps:          0       4       0       0       0
  1022 ;;      Totals:         0       8       0       0       0
  1023 ;;Total ram usage:        8 bytes
  1024 ;; Hardware stack levels used: 1
  1025 ;; Hardware stack levels required when called: 1
  1026 ;; This function calls:
  1027 ;;		___lldiv
  1028 ;; This function is called by:
  1029 ;;		_init_config
  1030 ;; This function uses a non-reentrant model
  1031 ;;
  1032                           
  1033     0706                     _init_uart:	
  1034                           ;psect for function _init_uart
  1035                           
  1036     0706                     l798:	
  1037                           ;incstack = 0
  1038                           ; Regs used in _init_uart: [wreg+status,2+status,0+pclath+cstack]
  1039                           
  1040                           
  1041                           ;uart.c: 4: void init_uart(unsigned long baud);uart.c: 5: {;uart.c: 7:     SPEN = 1;
  1042     0706  1283               	bcf	3,5	;RP0=0, select bank0
  1043     0707  1303               	bcf	3,6	;RP1=0, select bank0
  1044     0708  1798               	bsf	24,7	;volatile
  1045                           
  1046                           ;uart.c: 10:     CREN = 1;
  1047     0709  1618               	bsf	24,4	;volatile
  1048     070A                     l800:
  1049                           
  1050                           ;uart.c: 13:     SPBRG = (20000000 / (16 * baud)) - 1;
  1051     070A  0820               	movf	init_uart@baud,w
  1052     070B  00A4               	movwf	??_init_uart
  1053     070C  0821               	movf	init_uart@baud+1,w
  1054     070D  00A5               	movwf	??_init_uart+1
  1055     070E  0822               	movf	init_uart@baud+2,w
  1056     070F  00A6               	movwf	??_init_uart+2
  1057     0710  0823               	movf	init_uart@baud+3,w
  1058     0711  00A7               	movwf	??_init_uart+3
  1059     0712  3004               	movlw	4
  1060     0713                     u295:
  1061     0713  1003               	clrc
  1062     0714  0DA4               	rlf	??_init_uart,f
  1063     0715  0DA5               	rlf	??_init_uart+1,f
  1064     0716  0DA6               	rlf	??_init_uart+2,f
  1065     0717  0DA7               	rlf	??_init_uart+3,f
  1066     0718                     u290:
  1067     0718  3EFF               	addlw	-1
  1068     0719  1D03               	skipz
  1069     071A  2F13               	goto	u295
  1070     071B  0827               	movf	??_init_uart+3,w
  1071     071C  00F3               	movwf	___lldiv@divisor+3
  1072     071D  0826               	movf	??_init_uart+2,w
  1073     071E  00F2               	movwf	___lldiv@divisor+2
  1074     071F  0825               	movf	??_init_uart+1,w
  1075     0720  00F1               	movwf	___lldiv@divisor+1
  1076     0721  0824               	movf	??_init_uart,w
  1077     0722  00F0               	movwf	___lldiv@divisor
  1078     0723  3001               	movlw	1
  1079     0724  00F7               	movwf	___lldiv@dividend+3
  1080     0725  3031               	movlw	49
  1081     0726  00F6               	movwf	___lldiv@dividend+2
  1082     0727  302D               	movlw	45
  1083     0728  00F5               	movwf	___lldiv@dividend+1
  1084     0729  3000               	movlw	0
  1085     072A  00F4               	movwf	___lldiv@dividend
  1086     072B  120A  118A  2790  120A  118A  	fcall	___lldiv
  1087     0730  0870               	movf	?___lldiv,w
  1088     0731  3EFF               	addlw	255
  1089     0732  1683               	bsf	3,5	;RP0=1, select bank1
  1090     0733  1303               	bcf	3,6	;RP1=0, select bank1
  1091     0734  0099               	movwf	25	;volatile
  1092     0735                     l43:
  1093     0735  0008               	return
  1094     0736                     __end_of_init_uart:
  1095                           
  1096                           	psect	text6
  1097     0790                     __ptext6:	
  1098 ;; *************** function ___lldiv *****************
  1099 ;; Defined at:
  1100 ;;		line 5 in file "C:\Program Files\Microchip\xc8\v2.40\pic\sources\c90\common\__lldiv.c"
  1101 ;; Parameters:    Size  Location     Type
  1102 ;;  divisor         4    0[COMMON] unsigned long 
  1103 ;;  dividend        4    4[COMMON] unsigned long 
  1104 ;; Auto vars:     Size  Location     Type
  1105 ;;  quotient        4    9[COMMON] unsigned long 
  1106 ;;  counter         1   13[COMMON] unsigned char 
  1107 ;; Return value:  Size  Location     Type
  1108 ;;                  4    0[COMMON] unsigned long 
  1109 ;; Registers used:
  1110 ;;		wreg, status,2, status,0
  1111 ;; Tracked objects:
  1112 ;;		On entry : 0/0
  1113 ;;		On exit  : 0/0
  1114 ;;		Unchanged: 0/0
  1115 ;; Data sizes:     COMMON   BANK0   BANK1   BANK3   BANK2
  1116 ;;      Params:         8       0       0       0       0
  1117 ;;      Locals:         5       0       0       0       0
  1118 ;;      Temps:          1       0       0       0       0
  1119 ;;      Totals:        14       0       0       0       0
  1120 ;;Total ram usage:       14 bytes
  1121 ;; Hardware stack levels used: 1
  1122 ;; This function calls:
  1123 ;;		Nothing
  1124 ;; This function is called by:
  1125 ;;		_init_uart
  1126 ;; This function uses a non-reentrant model
  1127 ;;
  1128                           
  1129     0790                     ___lldiv:	
  1130                           ;psect for function ___lldiv
  1131                           
  1132     0790                     l774:	
  1133                           ;incstack = 0
  1134                           ; Regs used in ___lldiv: [wreg+status,2+status,0]
  1135                           
  1136     0790  3000               	movlw	0
  1137     0791  00FC               	movwf	___lldiv@quotient+3
  1138     0792  3000               	movlw	0
  1139     0793  00FB               	movwf	___lldiv@quotient+2
  1140     0794  3000               	movlw	0
  1141     0795  00FA               	movwf	___lldiv@quotient+1
  1142     0796  3000               	movlw	0
  1143     0797  00F9               	movwf	___lldiv@quotient
  1144     0798  0873               	movf	___lldiv@divisor+3,w
  1145     0799  0472               	iorwf	___lldiv@divisor+2,w
  1146     079A  0471               	iorwf	___lldiv@divisor+1,w
  1147     079B  0470               	iorwf	___lldiv@divisor,w
  1148     079C  1903               	skipnz
  1149     079D  2F9F               	goto	u221
  1150     079E  2FA0               	goto	u220
  1151     079F                     u221:
  1152     079F  2FED               	goto	l794
  1153     07A0                     u220:
  1154     07A0                     l776:
  1155     07A0  01FD               	clrf	___lldiv@counter
  1156     07A1  0AFD               	incf	___lldiv@counter,f
  1157     07A2  2FB0               	goto	l780
  1158     07A3                     l778:
  1159     07A3  3001               	movlw	1
  1160     07A4  00F8               	movwf	??___lldiv
  1161     07A5                     u235:
  1162     07A5  1003               	clrc
  1163     07A6  0DF0               	rlf	___lldiv@divisor,f
  1164     07A7  0DF1               	rlf	___lldiv@divisor+1,f
  1165     07A8  0DF2               	rlf	___lldiv@divisor+2,f
  1166     07A9  0DF3               	rlf	___lldiv@divisor+3,f
  1167     07AA  0BF8               	decfsz	??___lldiv,f
  1168     07AB  2FA5               	goto	u235
  1169     07AC  3001               	movlw	1
  1170     07AD  00F8               	movwf	??___lldiv
  1171     07AE  0878               	movf	??___lldiv,w
  1172     07AF  07FD               	addwf	___lldiv@counter,f
  1173     07B0                     l780:
  1174     07B0  1FF3               	btfss	___lldiv@divisor+3,7
  1175     07B1  2FB3               	goto	u241
  1176     07B2  2FB4               	goto	u240
  1177     07B3                     u241:
  1178     07B3  2FA3               	goto	l778
  1179     07B4                     u240:
  1180     07B4                     l782:
  1181     07B4  3001               	movlw	1
  1182     07B5  00F8               	movwf	??___lldiv
  1183     07B6                     u255:
  1184     07B6  1003               	clrc
  1185     07B7  0DF9               	rlf	___lldiv@quotient,f
  1186     07B8  0DFA               	rlf	___lldiv@quotient+1,f
  1187     07B9  0DFB               	rlf	___lldiv@quotient+2,f
  1188     07BA  0DFC               	rlf	___lldiv@quotient+3,f
  1189     07BB  0BF8               	decfsz	??___lldiv,f
  1190     07BC  2FB6               	goto	u255
  1191     07BD                     l784:
  1192     07BD  0873               	movf	___lldiv@divisor+3,w
  1193     07BE  0277               	subwf	___lldiv@dividend+3,w
  1194     07BF  1D03               	skipz
  1195     07C0  2FCB               	goto	u265
  1196     07C1  0872               	movf	___lldiv@divisor+2,w
  1197     07C2  0276               	subwf	___lldiv@dividend+2,w
  1198     07C3  1D03               	skipz
  1199     07C4  2FCB               	goto	u265
  1200     07C5  0871               	movf	___lldiv@divisor+1,w
  1201     07C6  0275               	subwf	___lldiv@dividend+1,w
  1202     07C7  1D03               	skipz
  1203     07C8  2FCB               	goto	u265
  1204     07C9  0870               	movf	___lldiv@divisor,w
  1205     07CA  0274               	subwf	___lldiv@dividend,w
  1206     07CB                     u265:
  1207     07CB  1C03               	skipc
  1208     07CC  2FCE               	goto	u261
  1209     07CD  2FCF               	goto	u260
  1210     07CE                     u261:
  1211     07CE  2FDE               	goto	l790
  1212     07CF                     u260:
  1213     07CF                     l786:
  1214     07CF  0870               	movf	___lldiv@divisor,w
  1215     07D0  02F4               	subwf	___lldiv@dividend,f
  1216     07D1  0871               	movf	___lldiv@divisor+1,w
  1217     07D2  1C03               	skipc
  1218     07D3  0F71               	incfsz	___lldiv@divisor+1,w
  1219     07D4  02F5               	subwf	___lldiv@dividend+1,f
  1220     07D5  0872               	movf	___lldiv@divisor+2,w
  1221     07D6  1C03               	skipc
  1222     07D7  0F72               	incfsz	___lldiv@divisor+2,w
  1223     07D8  02F6               	subwf	___lldiv@dividend+2,f
  1224     07D9  0873               	movf	___lldiv@divisor+3,w
  1225     07DA  1C03               	skipc
  1226     07DB  0F73               	incfsz	___lldiv@divisor+3,w
  1227     07DC  02F7               	subwf	___lldiv@dividend+3,f
  1228     07DD                     l788:
  1229     07DD  1479               	bsf	___lldiv@quotient,0
  1230     07DE                     l790:
  1231     07DE  3001               	movlw	1
  1232     07DF                     u275:
  1233     07DF  1003               	clrc
  1234     07E0  0CF3               	rrf	___lldiv@divisor+3,f
  1235     07E1  0CF2               	rrf	___lldiv@divisor+2,f
  1236     07E2  0CF1               	rrf	___lldiv@divisor+1,f
  1237     07E3  0CF0               	rrf	___lldiv@divisor,f
  1238     07E4  3EFF               	addlw	-1
  1239     07E5  1D03               	skipz
  1240     07E6  2FDF               	goto	u275
  1241     07E7                     l792:
  1242     07E7  3001               	movlw	1
  1243     07E8  02FD               	subwf	___lldiv@counter,f
  1244     07E9  1D03               	btfss	3,2
  1245     07EA  2FEC               	goto	u281
  1246     07EB  2FED               	goto	u280
  1247     07EC                     u281:
  1248     07EC  2FB4               	goto	l782
  1249     07ED                     u280:
  1250     07ED                     l794:
  1251     07ED  087C               	movf	___lldiv@quotient+3,w
  1252     07EE  00F3               	movwf	?___lldiv+3
  1253     07EF  087B               	movf	___lldiv@quotient+2,w
  1254     07F0  00F2               	movwf	?___lldiv+2
  1255     07F1  087A               	movf	___lldiv@quotient+1,w
  1256     07F2  00F1               	movwf	?___lldiv+1
  1257     07F3  0879               	movf	___lldiv@quotient,w
  1258     07F4  00F0               	movwf	?___lldiv
  1259     07F5                     l200:
  1260     07F5  0008               	return
  1261     07F6                     __end_of___lldiv:
  1262                           
  1263                           	psect	text7
  1264     0691                     __ptext7:	
  1265 ;; *************** function _init_digital_keypad *****************
  1266 ;; Defined at:
  1267 ;;		line 4 in file "digital_keypad.c"
  1268 ;; Parameters:    Size  Location     Type
  1269 ;;		None
  1270 ;; Auto vars:     Size  Location     Type
  1271 ;;		None
  1272 ;; Return value:  Size  Location     Type
  1273 ;;                  1    wreg      void 
  1274 ;; Registers used:
  1275 ;;		wreg, status,2
  1276 ;; Tracked objects:
  1277 ;;		On entry : 0/0
  1278 ;;		On exit  : 0/0
  1279 ;;		Unchanged: 0/0
  1280 ;; Data sizes:     COMMON   BANK0   BANK1   BANK3   BANK2
  1281 ;;      Params:         0       0       0       0       0
  1282 ;;      Locals:         0       0       0       0       0
  1283 ;;      Temps:          0       0       0       0       0
  1284 ;;      Totals:         0       0       0       0       0
  1285 ;;Total ram usage:        0 bytes
  1286 ;; Hardware stack levels used: 1
  1287 ;; This function calls:
  1288 ;;		Nothing
  1289 ;; This function is called by:
  1290 ;;		_init_config
  1291 ;; This function uses a non-reentrant model
  1292 ;;
  1293                           
  1294     0691                     _init_digital_keypad:	
  1295                           ;psect for function _init_digital_keypad
  1296                           
  1297     0691                     l802:	
  1298                           ;incstack = 0
  1299                           ; Regs used in _init_digital_keypad: [wreg+status,2]
  1300                           
  1301                           
  1302                           ;digital_keypad.c: 7:     TRISB = TRISB | 0x3F;
  1303     0691  1683               	bsf	3,5	;RP0=1, select bank1
  1304     0692  1303               	bcf	3,6	;RP1=0, select bank1
  1305     0693  0806               	movf	6,w	;volatile
  1306     0694  383F               	iorlw	63
  1307     0695  0086               	movwf	6	;volatile
  1308     0696                     l68:
  1309     0696  0008               	return
  1310     0697                     __end_of_init_digital_keypad:
  1311     007E                     btemp	set	126	;btemp
  1312     007E                     wtemp0	set	126
  1313                           
  1314                           	psect	config
  1315                           
  1316                           ;Config register CONFIG @ 0x2007
  1317                           ;	Oscillator Selection bits
  1318                           ;	FOSC = 0x3, unprogrammed default
  1319                           ;	Watchdog Timer Enable bit
  1320                           ;	WDTE = OFF, WDT disabled
  1321                           ;	Power-up Timer Enable bit
  1322                           ;	PWRTE = 0x1, unprogrammed default
  1323                           ;	Brown-out Reset Enable bit
  1324                           ;	BOREN = 0x1, unprogrammed default
  1325                           ;	Low-Voltage (Single-Supply) In-Circuit Serial Programming Enable bit
  1326                           ;	LVP = 0x1, unprogrammed default
  1327                           ;	Data EEPROM Memory Code Protection bit
  1328                           ;	CPD = 0x1, unprogrammed default
  1329                           ;	Flash Program Memory Write Enable bits
  1330                           ;	WRT = 0x3, unprogrammed default
  1331                           ;	In-Circuit Debugger Mode bit
  1332                           ;	DEBUG = 0x1, unprogrammed default
  1333                           ;	Flash Program Memory Code Protection bit
  1334                           ;	CP = 0x1, unprogrammed default
  1335     2007                     	org	8199
  1336     2007  3FFB               	dw	16379

Data Sizes:
    Strings     101
    Constant    0
    Data        1
    BSS         0
    Persistent  0
    Stack       0

Auto Spaces:
    Space          Size  Autos    Used
    COMMON           14     14      14
    BANK0            80     11      12
    BANK1            80      0       0
    BANK3            96      0       0
    BANK2            96      0       0

Pointer List with Targets:

    puts@s	PTR const unsigned char  size(1) Largest target is 21
		 -> STR_5(CODE[20]), STR_4(CODE[20]), STR_3(CODE[20]), STR_2(CODE[20]), 
		 -> STR_1(CODE[21]), 


Critical Paths under _main in COMMON

    _puts->_putchar
    _init_uart->___lldiv

Critical Paths under _main in BANK0

    _init_config->_init_uart

Critical Paths under _main in BANK1

    None.

Critical Paths under _main in BANK3

    None.

Critical Paths under _main in BANK2

    None.

Call Graph Tables:

 ---------------------------------------------------------------------------------
 (Depth) Function   	        Calls       Base Space   Used Autos Params    Refs
 ---------------------------------------------------------------------------------
 (0) _main                                                 3     3      0    1010
                                              8 BANK0      3     3      0
                        _init_config
                               _puts
                _read_digital_keypad
 ---------------------------------------------------------------------------------
 (1) _read_digital_keypad                                  2     2      0      22
                                              0 COMMON     2     2      0
 ---------------------------------------------------------------------------------
 (1) _init_config                                          0     0      0     644
                _init_digital_keypad
                          _init_uart
                               _puts
 ---------------------------------------------------------------------------------
 (1) _puts                                                 2     2      0     232
                                              1 COMMON     2     2      0
                            _putchar
 ---------------------------------------------------------------------------------
 (2) _putchar                                              1     1      0      22
                                              0 COMMON     1     1      0
 ---------------------------------------------------------------------------------
 (2) _init_uart                                            8     4      4     412
                                              0 BANK0      8     4      4
                            ___lldiv
 ---------------------------------------------------------------------------------
 (3) ___lldiv                                             14     6      8     314
                                              0 COMMON    14     6      8
 ---------------------------------------------------------------------------------
 (2) _init_digital_keypad                                  0     0      0       0
 ---------------------------------------------------------------------------------
 Estimated maximum stack depth 3
 ---------------------------------------------------------------------------------

 Call Graph Graphs:

 _main (ROOT)
   _init_config
     _init_digital_keypad
     _init_uart
       ___lldiv
     _puts
       _putchar
   _puts
   _read_digital_keypad

 Address spaces:
Name               Size   Autos  Total    Cost      Usage
BANK3               60      0       0       9        0.0%
BITBANK3            60      0       0       8        0.0%
SFR3                 0      0       0       4        0.0%
BITSFR3              0      0       0       4        0.0%
BANK2               60      0       0      11        0.0%
BITBANK2            60      0       0      10        0.0%
SFR2                 0      0       0       5        0.0%
BITSFR2              0      0       0       5        0.0%
BANK1               50      0       0       7        0.0%
BITBANK1            50      0       0       6        0.0%
SFR1                 0      0       0       2        0.0%
BITSFR1              0      0       0       2        0.0%
BANK0               50      B       C       5       15.0%
BITBANK0            50      0       0       4        0.0%
SFR0                 0      0       0       1        0.0%
BITSFR0              0      0       0       1        0.0%
COMMON               E      E       E       1      100.0%
BITCOMMON            E      0       0       0        0.0%
CODE                 0      0       0       0        0.0%
DATA                 0      0      1A      12        0.0%
ABS                  0      0      1A       3        0.0%
NULL                 0      0       0       0        0.0%
STACK                0      0       0       2        0.0%
EEDATA             100      0       0       0        0.0%


Microchip Technology PIC Macro Assembler V2.40 build 20220703182018 
Symbol Table                                                                                   Tue Oct 11 13:15:54 2022

                          pc 0002                           l11 06BC                           l43 0735  
                         l53 069C                           l61 06DB                           l54 06A0  
                         l55 06A1                           l74 0705                           l68 0696  
                         fsr 0004                          l200 07F5                          l800 070A  
                        l802 0691                          l810 06CF                          l804 06BE  
                        l812 06A2                          l806 06BF                          l814 06B6  
                        l808 06CB                          l840 0704                          l824 06E7  
                        l816 06DD                          l826 06F2                          l818 06E2  
                        l850 0748                          l780 07B0                          l772 0698  
                        l828 06F7                          l836 06F9                          l860 0770  
                        l852 0756                          l844 0736                          l790 07DE  
                        l782 07B4                          l774 0790                          l838 0702  
                        l862 0778                          l854 075C                          l846 073B  
                        l792 07E7                          l784 07BD                          l776 07A0  
                        l864 077E                          l856 0762                          l848 0744  
                        l786 07CF                          l778 07A3                          l794 07ED  
                        l866 0786                          l858 076A                          l788 07DD  
                        l798 0706                          u210 06A0                          u211 069F  
                        u220 07A0                          u300 06DB                          u221 079F  
                        u301 06DA                          u310 06E2                          u311 06E1  
                        u240 07B4                          u320 06F2                          u241 07B3  
                        u321 06F1                          u330 06F7                          u235 07A5  
                        u331 06F6                          u260 07CF                          u340 0702  
                        u261 07CE                          u341 0701                          u350 0756  
                        u255 07B6                          u351 0755                          u280 07ED  
                        u360 075C                          u281 07EC                          u265 07CB  
                        u361 075B                          u290 0718                          u370 076A  
                        u275 07DF                          u371 0769                          u380 0778  
                        u381 0777                          u390 0786                          u295 0713  
                        u391 0785                          fsr0 0004        ??_read_digital_keypad 0070  
                       STR_1 0009                         STR_2 001E                         STR_3 0032  
                       STR_4 0046                         STR_5 005A                         _CREN 00C4  
                       _RCIF 0065                         _SPEN 00C7                         _TXIF 0064  
                       _main 0736                         btemp 007E                         _puts 06BD  
                       start 0000                        ?_main 0070                        ?_puts 0070  
            __end_of___lldiv 07F6                 ?_init_config 0070                        _RCREG 001A  
                      _SPBRG 0099                        _PORTB 0006                        _TRISB 0086  
                      _TXREG 0019                        main@i 0028                        pclath 000A  
                      puts@s 0072              __end_of_putchar 06A2                        status 0003  
                      wtemp0 007E              __initialization 07F6                 __end_of_main 0790  
               __end_of_puts 06DC                       ??_main 007E                       ??_puts 0071  
__end_of_init_digital_keypad 0697                    ??___lldiv 0078                    ??_putchar 0070  
    __end_of__initialization 07FC               __pcstackCOMMON 0070                 __pidataBANK0 0690  
                 __pmaintext 0736  __end_of_read_digital_keypad 0706                   __stringtab 0003  
                    ___lldiv 0790                      __ptext1 06DC                      __ptext2 06A2  
                    __ptext3 06BD                      __ptext4 0697                      __ptext5 0706  
                    __ptext6 0790                      __ptext7 0691            __end_of_init_uart 0736  
                    _putchar 0697                      main@key 002A         end_of_initialization 07FC  
            ___lldiv@divisor 0070              ___lldiv@counter 007D          start_initialization 07F6  
                putchar@data 0070                  __pdataBANK0 002B                ??_init_config 007E  
                  ___latbits 0002                __pcstackBANK0 0020                     ?___lldiv 0070  
                  __pstrings 0003                     ?_putchar 0070          __end_of_init_config 06BD  
                  _init_uart 0706                  __stringbase 0008                   ?_init_uart 0020  
        _init_digital_keypad 0691         ?_init_digital_keypad 0070           __end_of__stringtab 0009  
                _init_config 06A2      read_digital_keypad@mode 0071      read_digital_keypad@once 002B  
      ??_init_digital_keypad 0070                  ??_init_uart 0024                init_uart@baud 0020  
           ___lldiv@dividend 0074                    stringcode 0003          _read_digital_keypad 06DC  
           ___lldiv@quotient 0079                     stringdir 0003                     stringtab 0003  
       ?_read_digital_keypad 0070  
